<?xml version="1.0" encoding="UTF-8" ?>
<testsuite errors="0" failures="0" hostname="Atlantia.local" name="com.flatironschool.javacs.JedisIndexTest" skipped="0" tests="1" time="170.196" timestamp="2016-08-02T15:36:16">
  <properties>
    <property name="java.vendor" value="Oracle Corporation" />
    <property name="env.ALF_SRC_TOOLS" value="/Users/kevinliao/.alf/antigen/repos/https-COLON--SLASH--SLASH-github.com-SLASH-psyrendust-SLASH-alf.git/tools" />
    <property name="env.ZSH_UNAME" value="Darwin" />
    <property name="sun.java.launcher" value="SUN_STANDARD" />
    <property name="env.XPC_SERVICE_NAME" value="0" />
    <property name="sun.management.compiler" value="HotSpot 64-Bit Tiered Compilers" />
    <property name="env.ALF_SRC_TEMPLATES" value="/Users/kevinliao/.alf/antigen/repos/https-COLON--SLASH--SLASH-github.com-SLASH-psyrendust-SLASH-alf.git/templates" />
    <property name="os.name" value="Mac OS X" />
    <property name="sun.boot.class.path" value="/Library/Java/JavaVirtualMachines/jdk1.8.0_74.jdk/Contents/Home/jre/lib/resources.jar:/Library/Java/JavaVirtualMachines/jdk1.8.0_74.jdk/Contents/Home/jre/lib/rt.jar:/Library/Java/JavaVirtualMachines/jdk1.8.0_74.jdk/Contents/Home/jre/lib/sunrsasign.jar:/Library/Java/JavaVirtualMachines/jdk1.8.0_74.jdk/Contents/Home/jre/lib/jsse.jar:/Library/Java/JavaVirtualMachines/jdk1.8.0_74.jdk/Contents/Home/jre/lib/jce.jar:/Library/Java/JavaVirtualMachines/jdk1.8.0_74.jdk/Contents/Home/jre/lib/charsets.jar:/Library/Java/JavaVirtualMachines/jdk1.8.0_74.jdk/Contents/Home/jre/lib/jfr.jar:/Library/Java/JavaVirtualMachines/jdk1.8.0_74.jdk/Contents/Home/jre/classes" />
    <property name="env.TMPDIR" value="/var/folders/yp/8s1h6b5d4ms53b2rxr68t80m0000gn/T/" />
    <property name="env.ALF_SYMLINK" value="/Users/kevinliao/.alf/symlink" />
    <property name="env.PWD" value="/Volumes/KEVIN_LIAO/Programming/Java/cs-application-backing-with-redis-lab-codeU/javacs-lab10" />
    <property name="env.LANG" value="en_US.UTF-8" />
    <property name="env.ALF_SRC" value="/Users/kevinliao/.alf/antigen/repos/https-COLON--SLASH--SLASH-github.com-SLASH-psyrendust-SLASH-alf.git" />
    <property name="env.LESS" value="-R" />
    <property name="java.vm.specification.vendor" value="Oracle Corporation" />
    <property name="ant.home" value="/usr/local/Cellar/ant/1.9.7/libexec" />
    <property name="java.runtime.version" value="1.8.0_74-b02" />
    <property name="env.ALF_SRC_GIT_HOOKS" value="/Users/kevinliao/.alf/antigen/repos/https-COLON--SLASH--SLASH-github.com-SLASH-psyrendust-SLASH-alf.git/git-hooks" />
    <property name="env.GOPATH" value="/Users/kevinliao/go" />
    <property name="env.Apple_PubSub_Socket_Render" value="/private/tmp/com.apple.launchd.wc1WXuMi8Q/Render" />
    <property name="env.DISPLAY" value="/private/tmp/com.apple.launchd.zPZz17wrz8/org.macosforge.xquartz:0" />
    <property name="env.ALF_CONFIG_WIN" value="/Users/kevinliao/.alf/config/win" />
    <property name="user.name" value="kevinliao" />
    <property name="env.USER" value="kevinliao" />
    <property name="env.SHELL" value="/usr/local/bin/zsh" />
    <property name="env.__CF_USER_TEXT_ENCODING" value="0x1F5:0x0:0x0" />
    <property name="env.JAVA_MAIN_CLASS_12925" value="org.apache.tools.ant.launch.Launcher" />
    <property name="env.PATH" value="/usr/local/bin:/usr/bin:/bin:/usr/sbin:/sbin:/opt/X11/bin:/usr/local/go/bin:/Library/TeX/texbin:/Users/kevinliao/.rbenv/shims:/Users/kevinliao/.rbenv/bin:/Users/kevinliao/.cabal/bin:/Users/kevinliao/.alf/antigen/repos/https-COLON--SLASH--SLASH-github.com-SLASH-psyrendust-SLASH-alf.git/plugins/ksreview/bin:/Users/kevinliao/.alf/antigen/repos/https-COLON--SLASH--SLASH-github.com-SLASH-psyrendust-SLASH-alf.git/plugins/murder/bin:/Users/kevinliao/.alf/antigen/repos/https-COLON--SLASH--SLASH-github.com-SLASH-psyrendust-SLASH-alf.git/plugins/pretty-print/bin:/Users/kevinliao/.alf/antigen/repos/https-COLON--SLASH--SLASH-github.com-SLASH-psyrendust-SLASH-alf.git/plugins/process/bin:/Users/kevinliao/.alf/antigen/repos/https-COLON--SLASH--SLASH-github.com-SLASH-psyrendust-SLASH-alf.git/plugins/run-once/bin:/Users/kevinliao/.alf/antigen/repos/https-COLON--SLASH--SLASH-github.com-SLASH-psyrendust-SLASH-alf.git/plugins/logr/bin:/Users/kevinliao/.alf/antigen/repos/https-COLON--SLASH--SLASH-github.com-SLASH-psyrendust-SLASH-alf.git/plugins/server/bin:/Users/kevinliao/.alf/antigen/repos/https-COLON--SLASH--SLASH-github.com-SLASH-psyrendust-SLASH-alf.git/plugins/osx-ksreview/bin" />
    <property name="user.language" value="en" />
    <property name="env.ALF_THEME" value="sindresorhus/pure" />
    <property name="sun.boot.library.path" value="/Library/Java/JavaVirtualMachines/jdk1.8.0_74.jdk/Contents/Home/jre/lib" />
    <property name="env.PLATFORM_IS_ALL" value="1" />
    <property name="env.ALF_PROCESS" value="/Users/kevinliao/.alf/process" />
    <property name="ant.project.default-target" value="build" />
    <property name="env.XPC_FLAGS" value="0x0" />
    <property name="env.ALF_SRC_THEMES" value="/Users/kevinliao/.alf/antigen/repos/https-COLON--SLASH--SLASH-github.com-SLASH-psyrendust-SLASH-alf.git/themes" />
    <property name="ant.project.name" value="JavaCS" />
    <property name="env.LC_CTYPE" value="en_US.UTF-8" />
    <property name="java.version" value="1.8.0_74" />
    <property name="user.timezone" value="" />
    <property name="sun.arch.data.model" value="64" />
    <property name="java.endorsed.dirs" value="/Library/Java/JavaVirtualMachines/jdk1.8.0_74.jdk/Contents/Home/jre/lib/endorsed" />
    <property name="sun.cpu.isalist" value="" />
    <property name="sun.jnu.encoding" value="UTF-8" />
    <property name="env.ITERM_SESSION_ID" value="w0t1p1:FF634FE6-D6DD-45C2-AAEF-5B0687C17019" />
    <property name="file.encoding.pkg" value="sun.io" />
    <property name="env.SHLVL" value="2" />
    <property name="file.separator" value="/" />
    <property name="java.specification.name" value="Java Platform API Specification" />
    <property name="java.class.version" value="52.0" />
    <property name="env.ALF_CONFIG_PRPROMPT_ID" value="%F{magenta}[ Alf ]%f" />
    <property name="env.ALF_CUSTOM_ALIASES" value="/Users/kevinliao/.alf/antigen/repos/https-COLON--SLASH--SLASH-github.com-SLASH-psyrendust-SLASH-alf.git/plugins/aliases/init.zsh" />
    <property name="user.country" value="US" />
    <property name="ant.file.JavaCS" value="/Volumes/KEVIN_LIAO/Programming/Java/cs-application-backing-with-redis-lab-codeU/javacs-lab10/build.xml" />
    <property name="env.ALF_SRC_FONTS" value="/Users/kevinliao/.alf/antigen/repos/https-COLON--SLASH--SLASH-github.com-SLASH-psyrendust-SLASH-alf.git/fonts" />
    <property name="java.home" value="/Library/Java/JavaVirtualMachines/jdk1.8.0_74.jdk/Contents/Home/jre" />
    <property name="env.ZSH" value="/Users/kevinliao/.alf/antigen/repos/https-COLON--SLASH--SLASH-github.com-SLASH-robbyrussell-SLASH-oh-my-zsh.git" />
    <property name="java.vm.info" value="mixed mode" />
    <property name="env.LOGNAME" value="kevinliao" />
    <property name="ant.file" value="/Volumes/KEVIN_LIAO/Programming/Java/cs-application-backing-with-redis-lab-codeU/javacs-lab10/build.xml" />
    <property name="os.version" value="10.11.6" />
    <property name="env.ALF_RUN_ONCE" value="/Users/kevinliao/.alf/run-once" />
    <property name="env.ALF_GRUNT_INIT" value="/Users/kevinliao/.grunt-init" />
    <property name="env.TERM_PROGRAM_VERSION" value="3.0.5" />
    <property name="path.separator" value=":" />
    <property name="java.vm.version" value="25.74-b02" />
    <property name="ant.library.dir" value="/usr/local/Cellar/ant/1.9.7/libexec/lib" />
    <property name="junit.output.dir" value="junit" />
    <property name="java.awt.printerjob" value="sun.lwawt.macosx.CPrinterJob" />
    <property name="env.TERM" value="xterm-256color" />
    <property name="env.ALF_CUSTOM" value="/Users/kevinliao/.alf" />
    <property name="sun.io.unicode.encoding" value="UnicodeBig" />
    <property name="awt.toolkit" value="sun.lwawt.macosx.LWCToolkit" />
    <property name="env.LSCOLORS" value="Gxfxcxdxbxegedabagacad" />
    <property name="env.MANPATH" value="/usr/share/man:/usr/local/share/man:/opt/X11/share/man:/Library/TeX/Distributions/.DefaultTeX/Contents/Man:/Users/kevinliao/.alf/antigen/repos/https-COLON--SLASH--SLASH-github.com-SLASH-psyrendust-SLASH-alf.git/plugins/logr/man:/Users/kevinliao/.alf/antigen/repos/https-COLON--SLASH--SLASH-github.com-SLASH-psyrendust-SLASH-alf.git/plugins/server/man" />
    <property name="env.ALF_RPROMPT" value="/Users/kevinliao/.alf/rprompt" />
    <property name="target" value="1.7" />
    <property name="user.home" value="/Users/kevinliao" />
    <property name="env.ALF_EPOCH" value="/Users/kevinliao/.alf/epoch" />
    <property name="java.specification.vendor" value="Oracle Corporation" />
    <property name="env.HOMEBREW_CASK_OPTS" value="--appdir=/Applications --binarydir=/usr/local/bin --caskroom=/opt/homebrew-cask/Caskroom --fontdir=~/Library/Fonts --input_methoddir=~/Library/Input\ Methods --prefpanedir=~/Library/PreferencePanes --qlplugindir=~/Library/QuickLook --screen_saverdir=~/Library/Screen\ Savers --widgetdir=~/Library/Widgets" />
    <property name="env.TERM_PROGRAM" value="iTerm.app" />
    <property name="env.ALF_VERSION" value="/Users/kevinliao/.alf/version" />
    <property name="env.PAGER" value="less" />
    <property name="java.library.path" value="/Users/kevinliao/Library/Java/Extensions:/Library/Java/Extensions:/Network/Library/Java/Extensions:/System/Library/Java/Extensions:/usr/lib/java:." />
    <property name="java.vendor.url" value="http://java.oracle.com/" />
    <property name="java.vm.vendor" value="Oracle Corporation" />
    <property name="env.ALF_CONFIG_GIT" value="/Users/kevinliao/.alf/config/git" />
    <property name="gopherProxySet" value="false" />
    <property name="java.runtime.name" value="Java(TM) SE Runtime Environment" />
    <property name="java.class.path" value="/Volumes/KEVIN_LIAO/Programming/Java/cs-application-backing-with-redis-lab-codeU/javacs-lab10/bin:/Volumes/KEVIN_LIAO/Programming/Java/cs-application-backing-with-redis-lab-codeU/javacs-lab10/lib/jedis-2.8.0.jar:/Volumes/KEVIN_LIAO/Programming/Java/cs-application-backing-with-redis-lab-codeU/javacs-lab10/lib/jsoup-1.8.3.jar:/Volumes/KEVIN_LIAO/Programming/Java/cs-application-backing-with-redis-lab-codeU/javacs-lab10/lib/junit-4.12.jar:/Volumes/KEVIN_LIAO/Programming/Java/cs-application-backing-with-redis-lab-codeU/javacs-lab10/lib/hamcrest-core-1.3.jar:/Volumes/KEVIN_LIAO/Programming/Java/cs-application-backing-with-redis-lab-codeU/javacs-lab10/lib/hamcrest-library-1.3.jar:/usr/local/Cellar/ant/1.9.7/libexec/lib/ant-launcher.jar:/usr/local/Cellar/ant/1.9.7/libexec/lib/ant.jar:/usr/local/Cellar/ant/1.9.7/libexec/lib/ant-junit.jar:/usr/local/Cellar/ant/1.9.7/libexec/lib/ant-junit4.jar" />
    <property name="ant.version" value="Apache Ant(TM) version 1.9.7 compiled on April 9 2016" />
    <property name="sun.java.command" value="org.apache.tools.ant.taskdefs.optional.junit.JUnitTestRunner com.flatironschool.javacs.JedisIndexTest skipNonTests=false filtertrace=true haltOnError=false haltOnFailure=false formatter=org.apache.tools.ant.taskdefs.optional.junit.OutErrSummaryJUnitResultFormatter showoutput=false outputtoformatters=true logfailedtests=true threadid=0 logtestlistenerevents=false formatter=org.apache.tools.ant.taskdefs.optional.junit.XMLJUnitResultFormatter,/Volumes/KEVIN_LIAO/Programming/Java/cs-application-backing-with-redis-lab-codeU/javacs-lab10/junit/TEST-com.flatironschool.javacs.JedisIndexTest.xml formatter=org.apache.tools.ant.taskdefs.optional.junit.PlainJUnitResultFormatter crashfile=/Volumes/KEVIN_LIAO/Programming/Java/cs-application-backing-with-redis-lab-codeU/javacs-lab10/junitvmwatcher3702164656935897270.properties propsfile=/Volumes/KEVIN_LIAO/Programming/Java/cs-application-backing-with-redis-lab-codeU/javacs-lab10/junit2972594566936094241.properties" />
    <property name="env.TERM_SESSION_ID" value="w0t1p1:FF634FE6-D6DD-45C2-AAEF-5B0687C17019" />
    <property name="ant.file.type.JavaCS" value="file" />
    <property name="env.ALF_CONFIG_SSH" value="/Users/kevinliao/.alf/config/ssh" />
    <property name="java.vm.specification.name" value="Java Virtual Machine Specification" />
    <property name="ant.file.type" value="file" />
    <property name="env.RBENV_SHELL" value="zsh" />
    <property name="env.PLATFORM_IS_MAC" value="1" />
    <property name="env.ADOTDIR" value="/Users/kevinliao/.alf/antigen" />
    <property name="java.vm.specification.version" value="1.8" />
    <property name="sun.os.patch.level" value="unknown" />
    <property name="sun.cpu.endian" value="little" />
    <property name="env.HOME" value="/Users/kevinliao" />
    <property name="debuglevel" value="source,lines,vars" />
    <property name="java.io.tmpdir" value="/var/folders/yp/8s1h6b5d4ms53b2rxr68t80m0000gn/T/" />
    <property name="java.vendor.url.bug" value="http://bugreport.sun.com/bugreport/" />
    <property name="env.SSH_AUTH_SOCK" value="/private/tmp/com.apple.launchd.ShwrHfcQap/Listeners" />
    <property name="java.awt.graphicsenv" value="sun.awt.CGraphicsEnvironment" />
    <property name="os.arch" value="x86_64" />
    <property name="java.ext.dirs" value="/Users/kevinliao/Library/Java/Extensions:/Library/Java/JavaVirtualMachines/jdk1.8.0_74.jdk/Contents/Home/jre/lib/ext:/Library/Java/Extensions:/Network/Library/Java/Extensions:/System/Library/Java/Extensions:/usr/lib/java" />
    <property name="user.dir" value="/Volumes/KEVIN_LIAO/Programming/Java/cs-application-backing-with-redis-lab-codeU/javacs-lab10" />
    <property name="env.ALF_UPDATE_DAYS" value="60" />
    <property name="line.separator" value="&#xa;" />
    <property name="java.vm.name" value="Java HotSpot(TM) 64-Bit Server VM" />
    <property name="env.OMZ_URL" value="https://github.com/robbyrussell/oh-my-zsh.git" />
    <property name="basedir" value="/Volumes/KEVIN_LIAO/Programming/Java/cs-application-backing-with-redis-lab-codeU/javacs-lab10" />
    <property name="env.ITERM_PROFILE" value="Flat Terminal fish" />
    <property name="env.ALF_UPDATES" value="/Users/kevinliao/.alf/updates" />
    <property name="env.ZSH_CUSTOM" value="/Users/kevinliao/.alf/antigen/repos/https-COLON--SLASH--SLASH-github.com-SLASH-psyrendust-SLASH-alf.git" />
    <property name="ant.java.version" value="1.8" />
    <property name="ant.core.lib" value="/usr/local/Cellar/ant/1.9.7/libexec/lib/ant.jar" />
    <property name="env.ALF_CUSTOM_KEY_BINDINGS" value="/Users/kevinliao/.alf/antigen/repos/https-COLON--SLASH--SLASH-github.com-SLASH-psyrendust-SLASH-alf.git/plugins/key-bindings/init.zsh" />
    <property name="source" value="1.7" />
    <property name="file.encoding" value="UTF-8" />
    <property name="env.ALF_LOGR" value="/Users/kevinliao/.alf/logr" />
    <property name="env.ALF_SRC_PLUGINS" value="/Users/kevinliao/.alf/antigen/repos/https-COLON--SLASH--SLASH-github.com-SLASH-psyrendust-SLASH-alf.git/plugins" />
    <property name="env.ALF_CONFIG" value="/Users/kevinliao/.alf/config" />
    <property name="java.specification.version" value="1.8" />
    <property name="ant.project.invoked-targets" value="test" />
    <property name="env.ALF_SRC_TEMPLATES_CONFIG" value="/Users/kevinliao/.alf/antigen/repos/https-COLON--SLASH--SLASH-github.com-SLASH-psyrendust-SLASH-alf.git/templates/config" />
    <property name="env.ALF_URL" value="https://github.com/psyrendust/alf.git" />
    <property name="env.ALF_BACKUP" value="/Users/kevinliao/.alf/backup" />
  </properties>
  <testcase classname="com.flatironschool.javacs.JedisIndexTest" name="testGetCounts" time="170.077" />
  <system-out><![CDATA[Starting.
JedisIndex called
Made jedisindex. Running loadIndex
Running loadIndex
indexPage called for url: https://en.wikipedia.org/wiki/Java_(programming_language)
Set at  is: https://en.wikipedia.org/wiki/Java_(programming_language)
Set at exception is: https://en.wikipedia.org/wiki/Java_(programming_language)
Set at javabeans is: https://en.wikipedia.org/wiki/Java_(programming_language)
Set at references is: https://en.wikipedia.org/wiki/Java_(programming_language)
Set at allowed is: https://en.wikipedia.org/wiki/Java_(programming_language)
Set at objects is: https://en.wikipedia.org/wiki/Java_(programming_language)
Set at setvisible is: https://en.wikipedia.org/wiki/Java_(programming_language)
Set at recognized is: https://en.wikipedia.org/wiki/Java_(programming_language)
Set at slower is: https://en.wikipedia.org/wiki/Java_(programming_language)
Set at without is: https://en.wikipedia.org/wiki/Java_(programming_language)
Set at these is: https://en.wikipedia.org/wiki/Java_(programming_language)
Set at printwriter is: https://en.wikipedia.org/wiki/Java_(programming_language)
Set at introduced is: https://en.wikipedia.org/wiki/Java_(programming_language)
Set at would is: https://en.wikipedia.org/wiki/Java_(programming_language)
Set at protected is: https://en.wikipedia.org/wiki/Java_(programming_language)
Set at because is: https://en.wikipedia.org/wiki/Java_(programming_language)
Set at ioexception is: https://en.wikipedia.org/wiki/Java_(programming_language)
Set at packaged is: https://en.wikipedia.org/wiki/Java_(programming_language)
Set at $ is: https://en.wikipedia.org/wiki/Java_(programming_language)
Set at devices is: https://en.wikipedia.org/wiki/Java_(programming_language)
Set at fairly is: https://en.wikipedia.org/wiki/Java_(programming_language)
Set at google is: https://en.wikipedia.org/wiki/Java_(programming_language)
Set at optional is: https://en.wikipedia.org/wiki/Java_(programming_language)
Set at require is: https://en.wikipedia.org/wiki/Java_(programming_language)
Set at community is: https://en.wikipedia.org/wiki/Java_(programming_language)
Set at analysis is: https://en.wikipedia.org/wiki/Java_(programming_language)
Set at packages is: https://en.wikipedia.org/wiki/Java_(programming_language)
Set at version is: https://en.wikipedia.org/wiki/Java_(programming_language)
Set at adapted is: https://en.wikipedia.org/wiki/Java_(programming_language)
Set at 0 is: https://en.wikipedia.org/wiki/Java_(programming_language)
Set at standards is: https://en.wikipedia.org/wiki/Java_(programming_language)
Set at 1 is: https://en.wikipedia.org/wiki/Java_(programming_language)
Set at reuses is: https://en.wikipedia.org/wiki/Java_(programming_language)
Set at 2 is: https://en.wikipedia.org/wiki/Java_(programming_language)
Set at contains is: https://en.wikipedia.org/wiki/Java_(programming_language)
Set at size is: https://en.wikipedia.org/wiki/Java_(programming_language)
Set at 5 is: https://en.wikipedia.org/wiki/Java_(programming_language)
Set at left is: https://en.wikipedia.org/wiki/Java_(programming_language)
Set at 6 is: https://en.wikipedia.org/wiki/Java_(programming_language)
Set at 7 is: https://en.wikipedia.org/wiki/Java_(programming_language)
Set at 8 is: https://en.wikipedia.org/wiki/Java_(programming_language)
Set at historically is: https://en.wikipedia.org/wiki/Java_(programming_language)
Set at 9 is: https://en.wikipedia.org/wiki/Java_(programming_language)
Set at returns is: https://en.wikipedia.org/wiki/Java_(programming_language)
Set at < is: https://en.wikipedia.org/wiki/Java_(programming_language)
Set at much is: https://en.wikipedia.org/wiki/Java_(programming_language)
Set at > is: https://en.wikipedia.org/wiki/Java_(programming_language)
Set at object is: https://en.wikipedia.org/wiki/Java_(programming_language)
Set at shortly is: https://en.wikipedia.org/wiki/Java_(programming_language)
Set at providing is: https://en.wikipedia.org/wiki/Java_(programming_language)
Set at role is: https://en.wikipedia.org/wiki/Java_(programming_language)
Set at independent is: https://en.wikipedia.org/wiki/Java_(programming_language)
Set at notable is: https://en.wikipedia.org/wiki/Java_(programming_language)
Set at manual is: https://en.wikipedia.org/wiki/Java_(programming_language)
Set at example is: https://en.wikipedia.org/wiki/Java_(programming_language)
Set at result is: https://en.wikipedia.org/wiki/Java_(programming_language)
Set at characters is: https://en.wikipedia.org/wiki/Java_(programming_language)
Set at smartphones is: https://en.wikipedia.org/wiki/Java_(programming_language)
Set at after is: https://en.wikipedia.org/wiki/Java_(programming_language)
Set at solaris is: https://en.wikipedia.org/wiki/Java_(programming_language)
Set at close is: https://en.wikipedia.org/wiki/Java_(programming_language)
Set at computers is: https://en.wikipedia.org/wiki/Java_(programming_language)
Set at resigned is: https://en.wikipedia.org/wiki/Java_(programming_language)
Set at sweep is: https://en.wikipedia.org/wiki/Java_(programming_language)
Set at annotation is: https://en.wikipedia.org/wiki/Java_(programming_language)
Set at haskell is: https://en.wikipedia.org/wiki/Java_(programming_language)
Set at a is: https://en.wikipedia.org/wiki/Java_(programming_language)
Set at fostering is: https://en.wikipedia.org/wiki/Java_(programming_language)
Set at c is: https://en.wikipedia.org/wiki/Java_(programming_language)
Set at licensed is: https://en.wikipedia.org/wiki/Java_(programming_language)
Set at sets is: https://en.wikipedia.org/wiki/Java_(programming_language)
Set at e is: https://en.wikipedia.org/wiki/Java_(programming_language)
Set at copyrights is: https://en.wikipedia.org/wiki/Java_(programming_language)
Set at kernel is: https://en.wikipedia.org/wiki/Java_(programming_language)
Set at i is: https://en.wikipedia.org/wiki/Java_(programming_language)
Set at combines is: https://en.wikipedia.org/wiki/Java_(programming_language)
Set at logical is: https://en.wikipedia.org/wiki/Java_(programming_language)
Set at printing is: https://en.wikipedia.org/wiki/Java_(programming_language)
Set at gnu is: https://en.wikipedia.org/wiki/Java_(programming_language)
Set at the is: https://en.wikipedia.org/wiki/Java_(programming_language)
Set at component is: https://en.wikipedia.org/wiki/Java_(programming_language)
Set at licenses is: https://en.wikipedia.org/wiki/Java_(programming_language)
Set at swing is: https://en.wikipedia.org/wiki/Java_(programming_language)
Set at s is: https://en.wikipedia.org/wiki/Java_(programming_language)
Set at calling is: https://en.wikipedia.org/wiki/Java_(programming_language)
Set at x is: https://en.wikipedia.org/wiki/Java_(programming_language)
Set at routines is: https://en.wikipedia.org/wiki/Java_(programming_language)
Set at returned is: https://en.wikipedia.org/wiki/Java_(programming_language)
Set at discuss is: https://en.wikipedia.org/wiki/Java_(programming_language)
Set at standard is: https://en.wikipedia.org/wiki/Java_(programming_language)
Set at november is: https://en.wikipedia.org/wiki/Java_(programming_language)
Set at instructions is: https://en.wikipedia.org/wiki/Java_(programming_language)
Set at servletrequest is: https://en.wikipedia.org/wiki/Java_(programming_language)
Set at harmony is: https://en.wikipedia.org/wiki/Java_(programming_language)
Set at iso is: https://en.wikipedia.org/wiki/Java_(programming_language)
Set at keywords is: https://en.wikipedia.org/wiki/Java_(programming_language)
Set at official is: https://en.wikipedia.org/wiki/Java_(programming_language)
Set at specifications is: https://en.wikipedia.org/wiki/Java_(programming_language)
Set at j2me is: https://en.wikipedia.org/wiki/Java_(programming_language)
Set at generated is: https://en.wikipedia.org/wiki/Java_(programming_language)
Set at incorporated is: https://en.wikipedia.org/wiki/Java_(programming_language)
Set at others is: https://en.wikipedia.org/wiki/Java_(programming_language)
Set at nonexistent is: https://en.wikipedia.org/wiki/Java_(programming_language)
Set at add is: https://en.wikipedia.org/wiki/Java_(programming_language)
Set at gpl is: https://en.wikipedia.org/wiki/Java_(programming_language)
Set at making is: https://en.wikipedia.org/wiki/Java_(programming_language)
Set at need is: https://en.wikipedia.org/wiki/Java_(programming_language)
Set at originally is: https://en.wikipedia.org/wiki/Java_(programming_language)
Set at its is: https://en.wikipedia.org/wiki/Java_(programming_language)
Set at often is: https://en.wikipedia.org/wiki/Java_(programming_language)
Set at users is: https://en.wikipedia.org/wiki/Java_(programming_language)
Set at aside is: https://en.wikipedia.org/wiki/Java_(programming_language)
Set at http is: https://en.wikipedia.org/wiki/Java_(programming_language)
Set at private is: https://en.wikipedia.org/wiki/Java_(programming_language)
Set at united is: https://en.wikipedia.org/wiki/Java_(programming_language)
Set at provided is: https://en.wikipedia.org/wiki/Java_(programming_language)
Set at standardization is: https://en.wikipedia.org/wiki/Java_(programming_language)
Set at interface is: https://en.wikipedia.org/wiki/Java_(programming_language)
Set at representation is: https://en.wikipedia.org/wiki/Java_(programming_language)
Set at directory is: https://en.wikipedia.org/wiki/Java_(programming_language)
Set at prevent is: https://en.wikipedia.org/wiki/Java_(programming_language)
Set at compiled is: https://en.wikipedia.org/wiki/Java_(programming_language)
Set at producing is: https://en.wikipedia.org/wiki/Java_(programming_language)
Set at appended is: https://en.wikipedia.org/wiki/Java_(programming_language)
Set at provides is: https://en.wikipedia.org/wiki/Java_(programming_language)
Set at responsible is: https://en.wikipedia.org/wiki/Java_(programming_language)
Set at patrick is: https://en.wikipedia.org/wiki/Java_(programming_language)
Set at end is: https://en.wikipedia.org/wiki/Java_(programming_language)
Set at compiler is: https://en.wikipedia.org/wiki/Java_(programming_language)
Set at laptops is: https://en.wikipedia.org/wiki/Java_(programming_language)
Set at compiles is: https://en.wikipedia.org/wiki/Java_(programming_language)
Set at citation is: https://en.wikipedia.org/wiki/Java_(programming_language)
Set at multiple is: https://en.wikipedia.org/wiki/Java_(programming_language)
Set at mobile is: https://en.wikipedia.org/wiki/Java_(programming_language)
Set at perform is: https://en.wikipedia.org/wiki/Java_(programming_language)
Set at rich is: https://en.wikipedia.org/wiki/Java_(programming_language)
Set at label is: https://en.wikipedia.org/wiki/Java_(programming_language)
Set at better is: https://en.wikipedia.org/wiki/Java_(programming_language)
Set at args is: https://en.wikipedia.org/wiki/Java_(programming_language)
Set at special is: https://en.wikipedia.org/wiki/Java_(programming_language)
Set at with is: https://en.wikipedia.org/wiki/Java_(programming_language)
Set at environment is: https://en.wikipedia.org/wiki/Java_(programming_language)
Set at referenced is: https://en.wikipedia.org/wiki/Java_(programming_language)
Set at service is: https://en.wikipedia.org/wiki/Java_(programming_language)
Set at coffee is: https://en.wikipedia.org/wiki/Java_(programming_language)
Set at there is: https://en.wikipedia.org/wiki/Java_(programming_language)
Set at syntax is: https://en.wikipedia.org/wiki/Java_(programming_language)
Set at achieved is: https://en.wikipedia.org/wiki/Java_(programming_language)
Set at well is: https://en.wikipedia.org/wiki/Java_(programming_language)
Set at handling is: https://en.wikipedia.org/wiki/Java_(programming_language)
Set at personaljava is: https://en.wikipedia.org/wiki/Java_(programming_language)
Set at c++ is: https://en.wikipedia.org/wiki/Java_(programming_language)
Set at copyright is: https://en.wikipedia.org/wiki/Java_(programming_language)
Set at named is: https://en.wikipedia.org/wiki/Java_(programming_language)
Set at called is: https://en.wikipedia.org/wiki/Java_(programming_language)
Set at executables is: https://en.wikipedia.org/wiki/Java_(programming_language)
Set at told is: https://en.wikipedia.org/wiki/Java_(programming_language)
Set at configurations is: https://en.wikipedia.org/wiki/Java_(programming_language)
Set at release is: https://en.wikipedia.org/wiki/Java_(programming_language)
Set at considered is: https://en.wikipedia.org/wiki/Java_(programming_language)
Set at arithmetic is: https://en.wikipedia.org/wiki/Java_(programming_language)
Set at occurs is: https://en.wikipedia.org/wiki/Java_(programming_language)
Set at accessed is: https://en.wikipedia.org/wiki/Java_(programming_language)
Set at number is: https://en.wikipedia.org/wiki/Java_(programming_language)
Set at responding is: https://en.wikipedia.org/wiki/Java_(programming_language)
Set at genericservlet is: https://en.wikipedia.org/wiki/Java_(programming_language)
Set at centers is: https://en.wikipedia.org/wiki/Java_(programming_language)
Set at judge is: https://en.wikipedia.org/wiki/Java_(programming_language)
Set at write is: https://en.wikipedia.org/wiki/Java_(programming_language)
Set at order is: https://en.wikipedia.org/wiki/Java_(programming_language)
Set at cooperation is: https://en.wikipedia.org/wiki/Java_(programming_language)
Set at similar is: https://en.wikipedia.org/wiki/Java_(programming_language)
Set at went is: https://en.wikipedia.org/wiki/Java_(programming_language)
Set at jcomponent is: https://en.wikipedia.org/wiki/Java_(programming_language)
Set at corporation is: https://en.wikipedia.org/wiki/Java_(programming_language)
Set at programmer is: https://en.wikipedia.org/wiki/Java_(programming_language)
Set at specify is: https://en.wikipedia.org/wiki/Java_(programming_language)
Set at underlying is: https://en.wikipedia.org/wiki/Java_(programming_language)
Set at slowly is: https://en.wikipedia.org/wiki/Java_(programming_language)
Set at exit is: https://en.wikipedia.org/wiki/Java_(programming_language)
Set at system is: https://en.wikipedia.org/wiki/Java_(programming_language)
Set at million is: https://en.wikipedia.org/wiki/Java_(programming_language)
Set at even is: https://en.wikipedia.org/wiki/Java_(programming_language)
Set at transparency is: https://en.wikipedia.org/wiki/Java_(programming_language)
Set at gui is: https://en.wikipedia.org/wiki/Java_(programming_language)
Set at other is: https://en.wikipedia.org/wiki/Java_(programming_language)
Set at circuit is: https://en.wikipedia.org/wiki/Java_(programming_language)
Set at indicated is: https://en.wikipedia.org/wiki/Java_(programming_language)
Set at against is: https://en.wikipedia.org/wiki/Java_(programming_language)
Set at cms is: https://en.wikipedia.org/wiki/Java_(programming_language)
Set at respectively is: https://en.wikipedia.org/wiki/Java_(programming_language)
Set at functionality is: https://en.wikipedia.org/wiki/Java_(programming_language)
Set at portability is: https://en.wikipedia.org/wiki/Java_(programming_language)
Set at top is: https://en.wikipedia.org/wiki/Java_(programming_language)
Set at too is: https://en.wikipedia.org/wiki/Java_(programming_language)
Set at native is: https://en.wikipedia.org/wiki/Java_(programming_language)
Set at indicates is: https://en.wikipedia.org/wiki/Java_(programming_language)
Set at have is: https://en.wikipedia.org/wiki/Java_(programming_language)
Set at particularly is: https://en.wikipedia.org/wiki/Java_(programming_language)
Set at television is: https://en.wikipedia.org/wiki/Java_(programming_language)
Set at j2se is: https://en.wikipedia.org/wiki/Java_(programming_language)
Set at inconsistent is: https://en.wikipedia.org/wiki/Java_(programming_language)
Set at interchangeably is: https://en.wikipedia.org/wiki/Java_(programming_language)
Set at framework is: https://en.wikipedia.org/wiki/Java_(programming_language)
Set at requiring is: https://en.wikipedia.org/wiki/Java_(programming_language)
Set at regard is: https://en.wikipedia.org/wiki/Java_(programming_language)
Set at stored is: https://en.wikipedia.org/wiki/Java_(programming_language)
Set at attributes is: https://en.wikipedia.org/wiki/Java_(programming_language)
Set at francisco is: https://en.wikipedia.org/wiki/Java_(programming_language)
Set at environments is: https://en.wikipedia.org/wiki/Java_(programming_language)
Set at steward is: https://en.wikipedia.org/wiki/Java_(programming_language)
Set at almost is: https://en.wikipedia.org/wiki/Java_(programming_language)
Set at modifier is: https://en.wikipedia.org/wiki/Java_(programming_language)
Set at implicitly is: https://en.wikipedia.org/wiki/Java_(programming_language)
Set at prevents is: https://en.wikipedia.org/wiki/Java_(programming_language)
Set at simplifies is: https://en.wikipedia.org/wiki/Java_(programming_language)
Set at body is: https://en.wikipedia.org/wiki/Java_(programming_language)
Set at upon is: https://en.wikipedia.org/wiki/Java_(programming_language)
Set at platforms is: https://en.wikipedia.org/wiki/Java_(programming_language)
Set at rmi is: https://en.wikipedia.org/wiki/Java_(programming_language)
Set at identical is: https://en.wikipedia.org/wiki/Java_(programming_language)
Set at pages is: https://en.wikipedia.org/wiki/Java_(programming_language)
Set at declares is: https://en.wikipedia.org/wiki/Java_(programming_language)
Set at earlier is: https://en.wikipedia.org/wiki/Java_(programming_language)
Set at etc is: https://en.wikipedia.org/wiki/Java_(programming_language)
Set at windowconstants is: https://en.wikipedia.org/wiki/Java_(programming_language)
Set at members is: https://en.wikipedia.org/wiki/Java_(programming_language)
Set at motif is: https://en.wikipedia.org/wiki/Java_(programming_language)
Set at cable is: https://en.wikipedia.org/wiki/Java_(programming_language)
Set at all is: https://en.wikipedia.org/wiki/Java_(programming_language)
Set at always is: https://en.wikipedia.org/wiki/Java_(programming_language)
Set at new is: https://en.wikipedia.org/wiki/Java_(programming_language)
Set at void is: https://en.wikipedia.org/wiki/Java_(programming_language)
Set at including is: https://en.wikipedia.org/wiki/Java_(programming_language)
Set at clones is: https://en.wikipedia.org/wiki/Java_(programming_language)
Set at below is: https://en.wikipedia.org/wiki/Java_(programming_language)
Set at already is: https://en.wikipedia.org/wiki/Java_(programming_language)
Set at lay is: https://en.wikipedia.org/wiki/Java_(programming_language)
Set at guaranteed is: https://en.wikipedia.org/wiki/Java_(programming_language)
Set at basis is: https://en.wikipedia.org/wiki/Java_(programming_language)
Set at 200 is: https://en.wikipedia.org/wiki/Java_(programming_language)
Set at rigorous is: https://en.wikipedia.org/wiki/Java_(programming_language)
Set at apis is: https://en.wikipedia.org/wiki/Java_(programming_language)
Set at were is: https://en.wikipedia.org/wiki/Java_(programming_language)
Set at remedied is: https://en.wikipedia.org/wiki/Java_(programming_language)
Set at translates is: https://en.wikipedia.org/wiki/Java_(programming_language)
Set at specialized is: https://en.wikipedia.org/wiki/Java_(programming_language)
Set at became is: https://en.wikipedia.org/wiki/Java_(programming_language)
Set at initiated is: https://en.wikipedia.org/wiki/Java_(programming_language)
Set at influenced is: https://en.wikipedia.org/wiki/Java_(programming_language)
Set at cause is: https://en.wikipedia.org/wiki/Java_(programming_language)
Set at times is: https://en.wikipedia.org/wiki/Java_(programming_language)
Set at similarly is: https://en.wikipedia.org/wiki/Java_(programming_language)
Set at and is: https://en.wikipedia.org/wiki/Java_(programming_language)
Set at intended is: https://en.wikipedia.org/wiki/Java_(programming_language)
Set at design is: https://en.wikipedia.org/wiki/Java_(programming_language)
Set at extra is: https://en.wikipedia.org/wiki/Java_(programming_language)
Set at predict is: https://en.wikipedia.org/wiki/Java_(programming_language)
Set at universal is: https://en.wikipedia.org/wiki/Java_(programming_language)
Set at declared is: https://en.wikipedia.org/wiki/Java_(programming_language)
Set at comments is: https://en.wikipedia.org/wiki/Java_(programming_language)
Set at automatic is: https://en.wikipedia.org/wiki/Java_(programming_language)
Set at bytecodes is: https://en.wikipedia.org/wiki/Java_(programming_language)
Set at specific is: https://en.wikipedia.org/wiki/Java_(programming_language)
Set at any is: https://en.wikipedia.org/wiki/Java_(programming_language)
Set at despite is: https://en.wikipedia.org/wiki/Java_(programming_language)
Set at caller is: https://en.wikipedia.org/wiki/Java_(programming_language)
Set at application is: https://en.wikipedia.org/wiki/Java_(programming_language)
Set at compilation is: https://en.wikipedia.org/wiki/Java_(programming_language)
Set at inherited is: https://en.wikipedia.org/wiki/Java_(programming_language)
Set at jframe is: https://en.wikipedia.org/wiki/Java_(programming_language)
Set at unsigned is: https://en.wikipedia.org/wiki/Java_(programming_language)
Set at until is: https://en.wikipedia.org/wiki/Java_(programming_language)
Set at machines is: https://en.wikipedia.org/wiki/Java_(programming_language)
Set at respond is: https://en.wikipedia.org/wiki/Java_(programming_language)
Set at servletresponse is: https://en.wikipedia.org/wiki/Java_(programming_language)
Set at renamed is: https://en.wikipedia.org/wiki/Java_(programming_language)
Set at extending is: https://en.wikipedia.org/wiki/Java_(programming_language)
Set at reversed is: https://en.wikipedia.org/wiki/Java_(programming_language)
Set at thought is: https://en.wikipedia.org/wiki/Java_(programming_language)
Set at compiling is: https://en.wikipedia.org/wiki/Java_(programming_language)
Set at led is: https://en.wikipedia.org/wiki/Java_(programming_language)
Set at anywhere is: https://en.wikipedia.org/wiki/Java_(programming_language)
Set at deallocated is: https://en.wikipedia.org/wiki/Java_(programming_language)
Set at defines is: https://en.wikipedia.org/wiki/Java_(programming_language)
Set at companies is: https://en.wikipedia.org/wiki/Java_(programming_language)
Set at java is: https://en.wikipedia.org/wiki/Java_(programming_language)
Set at recompilation is: https://en.wikipedia.org/wiki/Java_(programming_language)
Set at let is: https://en.wikipedia.org/wiki/Java_(programming_language)
Set at jar is: https://en.wikipedia.org/wiki/Java_(programming_language)
Set at pointers is: https://en.wikipedia.org/wiki/Java_(programming_language)
Set at defined is: https://en.wikipedia.org/wiki/Java_(programming_language)
Set at fully is: https://en.wikipedia.org/wiki/Java_(programming_language)
Set at events is: https://en.wikipedia.org/wiki/Java_(programming_language)
Set at microcontrollers is: https://en.wikipedia.org/wiki/Java_(programming_language)
Set at element is: https://en.wikipedia.org/wiki/Java_(programming_language)
Set at displayed is: https://en.wikipedia.org/wiki/Java_(programming_language)
Set at using is: https://en.wikipedia.org/wiki/Java_(programming_language)
Set at began is: https://en.wikipedia.org/wiki/Java_(programming_language)
Set at remain is: https://en.wikipedia.org/wiki/Java_(programming_language)
Set at containing is: https://en.wikipedia.org/wiki/Java_(programming_language)
Set at pack is: https://en.wikipedia.org/wiki/Java_(programming_language)
Set at each is: https://en.wikipedia.org/wiki/Java_(programming_language)
Set at width= is: https://en.wikipedia.org/wiki/Java_(programming_language)
Set at creating is: https://en.wikipedia.org/wiki/Java_(programming_language)
Set at must is: https://en.wikipedia.org/wiki/Java_(programming_language)
Set at styles is: https://en.wikipedia.org/wiki/Java_(programming_language)
Set at bytecode is: https://en.wikipedia.org/wiki/Java_(programming_language)
Set at complexity is: https://en.wikipedia.org/wiki/Java_(programming_language)
Set at feels is: https://en.wikipedia.org/wiki/Java_(programming_language)
Set at fqcn is: https://en.wikipedia.org/wiki/Java_(programming_language)
Set at another is: https://en.wikipedia.org/wiki/Java_(programming_language)
Set at automatically is: https://en.wikipedia.org/wiki/Java_(programming_language)
Set at document is: https://en.wikipedia.org/wiki/Java_(programming_language)
Set at concurrent is: https://en.wikipedia.org/wiki/Java_(programming_language)
Set at facto is: https://en.wikipedia.org/wiki/Java_(programming_language)
Set at two is: https://en.wikipedia.org/wiki/Java_(programming_language)
Set at default is: https://en.wikipedia.org/wiki/Java_(programming_language)
Set at releasing is: https://en.wikipedia.org/wiki/Java_(programming_language)
Set at found is: https://en.wikipedia.org/wiki/Java_(programming_language)
Set at are is: https://en.wikipedia.org/wiki/Java_(programming_language)
Set at does is: https://en.wikipedia.org/wiki/Java_(programming_language)
Set at code= is: https://en.wikipedia.org/wiki/Java_(programming_language)
Set at delimiters is: https://en.wikipedia.org/wiki/Java_(programming_language)
Set at reported is: https://en.wikipedia.org/wiki/Java_(programming_language)
Set at structured is: https://en.wikipedia.org/wiki/Java_(programming_language)
Set at where is: https://en.wikipedia.org/wiki/Java_(programming_language)
Set at attribute is: https://en.wikipedia.org/wiki/Java_(programming_language)
Set at mechanism is: https://en.wikipedia.org/wiki/Java_(programming_language)
Set at popular is: https://en.wikipedia.org/wiki/Java_(programming_language)
Set at arm is: https://en.wikipedia.org/wiki/Java_(programming_language)
Set at escape is: https://en.wikipedia.org/wiki/Java_(programming_language)
Set at graphic is: https://en.wikipedia.org/wiki/Java_(programming_language)
Set at creation is: https://en.wikipedia.org/wiki/Java_(programming_language)
Set at latest is: https://en.wikipedia.org/wiki/Java_(programming_language)
Set at vice is: https://en.wikipedia.org/wiki/Java_(programming_language)
Set at languages is: https://en.wikipedia.org/wiki/Java_(programming_language)
Set at lacking is: https://en.wikipedia.org/wiki/Java_(programming_language)
Set at declaration is: https://en.wikipedia.org/wiki/Java_(programming_language)
Set at jdk is: https://en.wikipedia.org/wiki/Java_(programming_language)
Set at call is: https://en.wikipedia.org/wiki/Java_(programming_language)
Set at such is: https://en.wikipedia.org/wiki/Java_(programming_language)
Set at marketing is: https://en.wikipedia.org/wiki/Java_(programming_language)
Set at plugin is: https://en.wikipedia.org/wiki/Java_(programming_language)
Set at stringbuilder is: https://en.wikipedia.org/wiki/Java_(programming_language)
Set at japplet is: https://en.wikipedia.org/wiki/Java_(programming_language)
Set at supported is: https://en.wikipedia.org/wiki/Java_(programming_language)
Set at through is: https://en.wikipedia.org/wiki/Java_(programming_language)
Set at resulted is: https://en.wikipedia.org/wiki/Java_(programming_language)
Set at featured is: https://en.wikipedia.org/wiki/Java_(programming_language)
Set at becoming is: https://en.wikipedia.org/wiki/Java_(programming_language)
Set at microsystems is: https://en.wikipedia.org/wiki/Java_(programming_language)
Set at run is: https://en.wikipedia.org/wiki/Java_(programming_language)
Set at had is: https://en.wikipedia.org/wiki/Java_(programming_language)
Set at remains is: https://en.wikipedia.org/wiki/Java_(programming_language)
Set at source is: https://en.wikipedia.org/wiki/Java_(programming_language)
Set at enclosing is: https://en.wikipedia.org/wiki/Java_(programming_language)
Set at secure is: https://en.wikipedia.org/wiki/Java_(programming_language)
Set at microsoft is: https://en.wikipedia.org/wiki/Java_(programming_language)
Set at individuals is: https://en.wikipedia.org/wiki/Java_(programming_language)
Set at operator is: https://en.wikipedia.org/wiki/Java_(programming_language)
Set at lifecycle is: https://en.wikipedia.org/wiki/Java_(programming_language)
Set at features is: https://en.wikipedia.org/wiki/Java_(programming_language)
Set at either is: https://en.wikipedia.org/wiki/Java_(programming_language)
Set at compile is: https://en.wikipedia.org/wiki/Java_(programming_language)
Set at generics is: https://en.wikipedia.org/wiki/Java_(programming_language)
Set at has is: https://en.wikipedia.org/wiki/Java_(programming_language)
Set at keyword is: https://en.wikipedia.org/wiki/Java_(programming_language)
Set at starts is: https://en.wikipedia.org/wiki/Java_(programming_language)
Set at ecma is: https://en.wikipedia.org/wiki/Java_(programming_language)
Set at acquired is: https://en.wikipedia.org/wiki/Java_(programming_language)
Set at those is: https://en.wikipedia.org/wiki/Java_(programming_language)
Set at given is: https://en.wikipedia.org/wiki/Java_(programming_language)
Set at unreachable is: https://en.wikipedia.org/wiki/Java_(programming_language)
Set at insufficient is: https://en.wikipedia.org/wiki/Java_(programming_language)
Set at freed is: https://en.wikipedia.org/wiki/Java_(programming_language)
Set at technologies is: https://en.wikipedia.org/wiki/Java_(programming_language)
Set at longer is: https://en.wikipedia.org/wiki/Java_(programming_language)
Set at suited is: https://en.wikipedia.org/wiki/Java_(programming_language)
Set at converted is: https://en.wikipedia.org/wiki/Java_(programming_language)
Set at sued is: https://en.wikipedia.org/wiki/Java_(programming_language)
Set at district is: https://en.wikipedia.org/wiki/Java_(programming_language)
Set at name is: https://en.wikipedia.org/wiki/Java_(programming_language)
Set at selling is: https://en.wikipedia.org/wiki/Java_(programming_language)
Set at page is: https://en.wikipedia.org/wiki/Java_(programming_language)
Set at fields is: https://en.wikipedia.org/wiki/Java_(programming_language)
Set at parameters is: https://en.wikipedia.org/wiki/Java_(programming_language)
Set at full is: https://en.wikipedia.org/wiki/Java_(programming_language)
Set at next is: https://en.wikipedia.org/wiki/Java_(programming_language)
Set at memory is: https://en.wikipedia.org/wiki/Java_(programming_language)
Set at string is: https://en.wikipedia.org/wiki/Java_(programming_language)
Set at import is: https://en.wikipedia.org/wiki/Java_(programming_language)
Set at hidden is: https://en.wikipedia.org/wiki/Java_(programming_language)
Set at android is: https://en.wikipedia.org/wiki/Java_(programming_language)
Set at classes is: https://en.wikipedia.org/wiki/Java_(programming_language)
Set at aspects is: https://en.wikipedia.org/wiki/Java_(programming_language)
Set at description is: https://en.wikipedia.org/wiki/Java_(programming_language)
Set at edition is: https://en.wikipedia.org/wiki/Java_(programming_language)
Set at non is: https://en.wikipedia.org/wiki/Java_(programming_language)
Set at not is: https://en.wikipedia.org/wiki/Java_(programming_language)
Set at documenting is: https://en.wikipedia.org/wiki/Java_(programming_language)
Set at statement is: https://en.wikipedia.org/wiki/Java_(programming_language)
Set at trademark is: https://en.wikipedia.org/wiki/Java_(programming_language)
Set at supporting is: https://en.wikipedia.org/wiki/Java_(programming_language)
Set at analogous is: https://en.wikipedia.org/wiki/Java_(programming_language)
Set at early is: https://en.wikipedia.org/wiki/Java_(programming_language)
Set at ensures is: https://en.wikipedia.org/wiki/Java_(programming_language)
Set at convention is: https://en.wikipedia.org/wiki/Java_(programming_language)
Set at interfaces is: https://en.wikipedia.org/wiki/Java_(programming_language)
Set at infringed is: https://en.wikipedia.org/wiki/Java_(programming_language)
Set at green is: https://en.wikipedia.org/wiki/Java_(programming_language)
Set at was is: https://en.wikipedia.org/wiki/Java_(programming_language)
Set at libraries is: https://en.wikipedia.org/wiki/Java_(programming_language)
Set at derives is: https://en.wikipedia.org/wiki/Java_(programming_language)
Set at windows is: https://en.wikipedia.org/wiki/Java_(programming_language)
Set at generic is: https://en.wikipedia.org/wiki/Java_(programming_language)
Set at way is: https://en.wikipedia.org/wiki/Java_(programming_language)
Set at manage is: https://en.wikipedia.org/wiki/Java_(programming_language)
Set at refer is: https://en.wikipedia.org/wiki/Java_(programming_language)
Set at spared is: https://en.wikipedia.org/wiki/Java_(programming_language)
Set at initially is: https://en.wikipedia.org/wiki/Java_(programming_language)
Set at vulnerabilities is: https://en.wikipedia.org/wiki/Java_(programming_language)
Set at time is: https://en.wikipedia.org/wiki/Java_(programming_language)
Set at window is: https://en.wikipedia.org/wiki/Java_(programming_language)
Set at gtk+ is: https://en.wikipedia.org/wiki/Java_(programming_language)
Set at configurable is: https://en.wikipedia.org/wiki/Java_(programming_language)
Set at applications is: https://en.wikipedia.org/wiki/Java_(programming_language)
Set at awt is: https://en.wikipedia.org/wiki/Java_(programming_language)
Set at container is: https://en.wikipedia.org/wiki/Java_(programming_language)
Set at drawstring is: https://en.wikipedia.org/wiki/Java_(programming_language)
Set at developers is: https://en.wikipedia.org/wiki/Java_(programming_language)
Set at quickly is: https://en.wikipedia.org/wiki/Java_(programming_language)
Set at usage is: https://en.wikipedia.org/wiki/Java_(programming_language)
Set at deprecated is: https://en.wikipedia.org/wiki/Java_(programming_language)
Set at interactive is: https://en.wikipedia.org/wiki/Java_(programming_language)
Set at program is: https://en.wikipedia.org/wiki/Java_(programming_language)
Set at when is: https://en.wikipedia.org/wiki/Java_(programming_language)
Set at three is: https://en.wikipedia.org/wiki/Java_(programming_language)
Set at required is: https://en.wikipedia.org/wiki/Java_(programming_language)
Set at multi is: https://en.wikipedia.org/wiki/Java_(programming_language)
Set at jit is: https://en.wikipedia.org/wiki/Java_(programming_language)
Set at largely is: https://en.wikipedia.org/wiki/Java_(programming_language)
Set at specifically is: https://en.wikipedia.org/wiki/Java_(programming_language)
Set at participating is: https://en.wikipedia.org/wiki/Java_(programming_language)
Set at embed is: https://en.wikipedia.org/wiki/Java_(programming_language)
Set at case is: https://en.wikipedia.org/wiki/Java_(programming_language)
Set at hardware is: https://en.wikipedia.org/wiki/Java_(programming_language)
Set at generation is: https://en.wikipedia.org/wiki/Java_(programming_language)
Set at identifier is: https://en.wikipedia.org/wiki/Java_(programming_language)
Set at item is: https://en.wikipedia.org/wiki/Java_(programming_language)
Set at having is: https://en.wikipedia.org/wiki/Java_(programming_language)
Set at standalone is: https://en.wikipedia.org/wiki/Java_(programming_language)
Set at dates is: https://en.wikipedia.org/wiki/Java_(programming_language)
Set at dependencies is: https://en.wikipedia.org/wiki/Java_(programming_language)
Set at explicit is: https://en.wikipedia.org/wiki/Java_(programming_language)
Set at ships is: https://en.wikipedia.org/wiki/Java_(programming_language)
Set at provide is: https://en.wikipedia.org/wiki/Java_(programming_language)
Set at allocate is: https://en.wikipedia.org/wiki/Java_(programming_language)
Set at style is: https://en.wikipedia.org/wiki/Java_(programming_language)
Set at primary is: https://en.wikipedia.org/wiki/Java_(programming_language)
Set at requires is: https://en.wikipedia.org/wiki/Java_(programming_language)
Set at participation is: https://en.wikipedia.org/wiki/Java_(programming_language)
Set at explicitly is: https://en.wikipedia.org/wiki/Java_(programming_language)
Set at widget is: https://en.wikipedia.org/wiki/Java_(programming_language)
Set at enterprise is: https://en.wikipedia.org/wiki/Java_(programming_language)
Set at methods is: https://en.wikipedia.org/wiki/Java_(programming_language)
Set at portion is: https://en.wikipedia.org/wiki/Java_(programming_language)
Set at direct is: https://en.wikipedia.org/wiki/Java_(programming_language)
Set at pattern is: https://en.wikipedia.org/wiki/Java_(programming_language)
Set at smart is: https://en.wikipedia.org/wiki/Java_(programming_language)
Set at undefined is: https://en.wikipedia.org/wiki/Java_(programming_language)
Set at anti is: https://en.wikipedia.org/wiki/Java_(programming_language)
Set at 1998 is: https://en.wikipedia.org/wiki/Java_(programming_language)
Set at 1997 is: https://en.wikipedia.org/wiki/Java_(programming_language)
Set at leaks is: https://en.wikipedia.org/wiki/Java_(programming_language)
Set at computer is: https://en.wikipedia.org/wiki/Java_(programming_language)
Set at openjdk is: https://en.wikipedia.org/wiki/Java_(programming_language)
Set at 1995 is: https://en.wikipedia.org/wiki/Java_(programming_language)
Set at web is: https://en.wikipedia.org/wiki/Java_(programming_language)
Set at low is: https://en.wikipedia.org/wiki/Java_(programming_language)
Set at 1991 is: https://en.wikipedia.org/wiki/Java_(programming_language)
Set at merely is: https://en.wikipedia.org/wiki/Java_(programming_language)
Set at architecture is: https://en.wikipedia.org/wiki/Java_(programming_language)
Set at 1999 is: https://en.wikipedia.org/wiki/Java_(programming_language)
Set at enables is: https://en.wikipedia.org/wiki/Java_(programming_language)
Set at means is: https://en.wikipedia.org/wiki/Java_(programming_language)
Set at porting is: https://en.wikipedia.org/wiki/Java_(programming_language)
Set at efficient is: https://en.wikipedia.org/wiki/Java_(programming_language)
Set at more is: https://en.wikipedia.org/wiki/Java_(programming_language)
Set at display is: https://en.wikipedia.org/wiki/Java_(programming_language)
Set at consistent is: https://en.wikipedia.org/wiki/Java_(programming_language)
Set at ansi is: https://en.wikipedia.org/wiki/Java_(programming_language)
Set at naughton is: https://en.wikipedia.org/wiki/Java_(programming_language)
Set at january is: https://en.wikipedia.org/wiki/Java_(programming_language)
Set at organization is: https://en.wikipedia.org/wiki/Java_(programming_language)
Set at width is: https://en.wikipedia.org/wiki/Java_(programming_language)
Set at organized is: https://en.wikipedia.org/wiki/Java_(programming_language)
Set at momentarily is: https://en.wikipedia.org/wiki/Java_(programming_language)
Set at superseded is: https://en.wikipedia.org/wiki/Java_(programming_language)
Set at certain is: https://en.wikipedia.org/wiki/Java_(programming_language)
Set at small is: https://en.wikipedia.org/wiki/Java_(programming_language)
Set at instantiates is: https://en.wikipedia.org/wiki/Java_(programming_language)
Set at replace is: https://en.wikipedia.org/wiki/Java_(programming_language)
Set at section is: https://en.wikipedia.org/wiki/Java_(programming_language)
Set at simple is: https://en.wikipedia.org/wiki/Java_(programming_language)
Set at used is: https://en.wikipedia.org/wiki/Java_(programming_language)
Set at compilers is: https://en.wikipedia.org/wiki/Java_(programming_language)
Set at launched is: https://en.wikipedia.org/wiki/Java_(programming_language)
Set at influence is: https://en.wikipedia.org/wiki/Java_(programming_language)
Set at looks is: https://en.wikipedia.org/wiki/Java_(programming_language)
Set at major is: https://en.wikipedia.org/wiki/Java_(programming_language)
Set at few is: https://en.wikipedia.org/wiki/Java_(programming_language)
Set at exiting is: https://en.wikipedia.org/wiki/Java_(programming_language)
Set at potential is: https://en.wikipedia.org/wiki/Java_(programming_language)
Set at described is: https://en.wikipedia.org/wiki/Java_(programming_language)
Set at combination is: https://en.wikipedia.org/wiki/Java_(programming_language)
Set at marked is: https://en.wikipedia.org/wiki/Java_(programming_language)
Set at package is: https://en.wikipedia.org/wiki/Java_(programming_language)
Set at jni is: https://en.wikipedia.org/wiki/Java_(programming_language)
Set at created is: https://en.wikipedia.org/wiki/Java_(programming_language)
Set at tree is: https://en.wikipedia.org/wiki/Java_(programming_language)
Set at runtime is: https://en.wikipedia.org/wiki/Java_(programming_language)
Set at particular is: https://en.wikipedia.org/wiki/Java_(programming_language)
Set at opened is: https://en.wikipedia.org/wiki/Java_(programming_language)
Set at history is: https://en.wikipedia.org/wiki/Java_(programming_language)
Set at inner is: https://en.wikipedia.org/wiki/Java_(programming_language)
Set at exceptions is: https://en.wikipedia.org/wiki/Java_(programming_language)
Set at both is: https://en.wikipedia.org/wiki/Java_(programming_language)
Set at slashes is: https://en.wikipedia.org/wiki/Java_(programming_language)
Set at most is: https://en.wikipedia.org/wiki/Java_(programming_language)
Set at formal is: https://en.wikipedia.org/wiki/Java_(programming_language)
Set at overloading is: https://en.wikipedia.org/wiki/Java_(programming_language)
Set at outside is: https://en.wikipedia.org/wiki/Java_(programming_language)
Set at effect is: https://en.wikipedia.org/wiki/Java_(programming_language)
Set at creates is: https://en.wikipedia.org/wiki/Java_(programming_language)
Set at managing is: https://en.wikipedia.org/wiki/Java_(programming_language)
Set at launches is: https://en.wikipedia.org/wiki/Java_(programming_language)
Set at applet is: https://en.wikipedia.org/wiki/Java_(programming_language)
Set at option is: https://en.wikipedia.org/wiki/Java_(programming_language)
Set at launcher is: https://en.wikipedia.org/wiki/Java_(programming_language)
Set at request is: https://en.wikipedia.org/wiki/Java_(programming_language)
Set at game is: https://en.wikipedia.org/wiki/Java_(programming_language)
Set at mike is: https://en.wikipedia.org/wiki/Java_(programming_language)
Set at determines is: https://en.wikipedia.org/wiki/Java_(programming_language)
Set at values is: https://en.wikipedia.org/wiki/Java_(programming_language)
Set at part is: https://en.wikipedia.org/wiki/Java_(programming_language)
Set at their is: https://en.wikipedia.org/wiki/Java_(programming_language)
Set at alsup is: https://en.wikipedia.org/wiki/Java_(programming_language)
Set at jlabel is: https://en.wikipedia.org/wiki/Java_(programming_language)
Set at point is: https://en.wikipedia.org/wiki/Java_(programming_language)
Set at general is: https://en.wikipedia.org/wiki/Java_(programming_language)
Set at alone is: https://en.wikipedia.org/wiki/Java_(programming_language)
Set at along is: https://en.wikipedia.org/wiki/Java_(programming_language)
Set at parallel is: https://en.wikipedia.org/wiki/Java_(programming_language)
Set at browser is: https://en.wikipedia.org/wiki/Java_(programming_language)
Set at consoles is: https://en.wikipedia.org/wiki/Java_(programming_language)
Set at designed is: https://en.wikipedia.org/wiki/Java_(programming_language)
Set at introduction is: https://en.wikipedia.org/wiki/Java_(programming_language)
Set at applets is: https://en.wikipedia.org/wiki/Java_(programming_language)
Set at san is: https://en.wikipedia.org/wiki/Java_(programming_language)
Set at process is: https://en.wikipedia.org/wiki/Java_(programming_language)
Set at original is: https://en.wikipedia.org/wiki/Java_(programming_language)
Set at comply is: https://en.wikipedia.org/wiki/Java_(programming_language)
Set at built is: https://en.wikipedia.org/wiki/Java_(programming_language)
Set at alternative is: https://en.wikipedia.org/wiki/Java_(programming_language)
Set at also is: https://en.wikipedia.org/wiki/Java_(programming_language)
Set at contained is: https://en.wikipedia.org/wiki/Java_(programming_language)
Set at third is: https://en.wikipedia.org/wiki/Java_(programming_language)
Set at approached is: https://en.wikipedia.org/wiki/Java_(programming_language)
Set at uses is: https://en.wikipedia.org/wiki/Java_(programming_language)
Set at latter is: https://en.wikipedia.org/wiki/Java_(programming_language)
Set at front is: https://en.wikipedia.org/wiki/Java_(programming_language)
Set at user is: https://en.wikipedia.org/wiki/Java_(programming_language)
Set at simply is: https://en.wikipedia.org/wiki/Java_(programming_language)
Set at been is: https://en.wikipedia.org/wiki/Java_(programming_language)
Set at mostly is: https://en.wikipedia.org/wiki/Java_(programming_language)
Set at stack is: https://en.wikipedia.org/wiki/Java_(programming_language)
Set at servlet is: https://en.wikipedia.org/wiki/Java_(programming_language)
Set at mime is: https://en.wikipedia.org/wiki/Java_(programming_language)
Set at asterisk is: https://en.wikipedia.org/wiki/Java_(programming_language)
Set at executing is: https://en.wikipedia.org/wiki/Java_(programming_language)
Set at offer is: https://en.wikipedia.org/wiki/Java_(programming_language)
Set at bar is: https://en.wikipedia.org/wiki/Java_(programming_language)
Set at jre is: https://en.wikipedia.org/wiki/Java_(programming_language)
Set at addition is: https://en.wikipedia.org/wiki/Java_(programming_language)
Set at happen is: https://en.wikipedia.org/wiki/Java_(programming_language)
Set at preventing is: https://en.wikipedia.org/wiki/Java_(programming_language)
Set at pass is: https://en.wikipedia.org/wiki/Java_(programming_language)
Set at documentation is: https://en.wikipedia.org/wiki/Java_(programming_language)
Set at hierarchy is: https://en.wikipedia.org/wiki/Java_(programming_language)
Set at profile is: https://en.wikipedia.org/wiki/Java_(programming_language)
Set at scavenge is: https://en.wikipedia.org/wiki/Java_(programming_language)
Set at active is: https://en.wikipedia.org/wiki/Java_(programming_language)
Set at court is: https://en.wikipedia.org/wiki/Java_(programming_language)
Set at appends is: https://en.wikipedia.org/wiki/Java_(programming_language)
Set at an is: https://en.wikipedia.org/wiki/Java_(programming_language)
Set at easy is: https://en.wikipedia.org/wiki/Java_(programming_language)
Set at height= is: https://en.wikipedia.org/wiki/Java_(programming_language)
Set at as is: https://en.wikipedia.org/wiki/Java_(programming_language)
Set at at is: https://en.wikipedia.org/wiki/Java_(programming_language)
Set at hoff is: https://en.wikipedia.org/wiki/Java_(programming_language)
Set at intermediate is: https://en.wikipedia.org/wiki/Java_(programming_language)
Set at sdk is: https://en.wikipedia.org/wiki/Java_(programming_language)
Set at optimizations is: https://en.wikipedia.org/wiki/Java_(programming_language)
Set at setcontenttype is: https://en.wikipedia.org/wiki/Java_(programming_language)
Set at be is: https://en.wikipedia.org/wiki/Java_(programming_language)
Set at jsp is: https://en.wikipedia.org/wiki/Java_(programming_language)
Set at characteristic is: https://en.wikipedia.org/wiki/Java_(programming_language)
Set at javadoc is: https://en.wikipedia.org/wiki/Java_(programming_language)
Set at see is: https://en.wikipedia.org/wiki/Java_(programming_language)
Set at capability is: https://en.wikipedia.org/wiki/Java_(programming_language)
Set at responsibility is: https://en.wikipedia.org/wiki/Java_(programming_language)
Set at systems is: https://en.wikipedia.org/wiki/Java_(programming_language)
Set at by is: https://en.wikipedia.org/wiki/Java_(programming_language)
Set at unlike is: https://en.wikipedia.org/wiki/Java_(programming_language)
Set at jtc is: https://en.wikipedia.org/wiki/Java_(programming_language)
Set at whom is: https://en.wikipedia.org/wiki/Java_(programming_language)
Set at acquisition is: https://en.wikipedia.org/wiki/Java_(programming_language)
Set at override is: https://en.wikipedia.org/wiki/Java_(programming_language)
Set at licences is: https://en.wikipedia.org/wiki/Java_(programming_language)
Set at embedded is: https://en.wikipedia.org/wiki/Java_(programming_language)
Set at enabling is: https://en.wikipedia.org/wiki/Java_(programming_language)
Set at charge is: https://en.wikipedia.org/wiki/Java_(programming_language)
Set at contain is: https://en.wikipedia.org/wiki/Java_(programming_language)
Set at set is: https://en.wikipedia.org/wiki/Java_(programming_language)
Set at business is: https://en.wikipedia.org/wiki/Java_(programming_language)
Set at advent is: https://en.wikipedia.org/wiki/Java_(programming_language)
Set at alternate is: https://en.wikipedia.org/wiki/Java_(programming_language)
Set at possible is: https://en.wikipedia.org/wiki/Java_(programming_language)
Set at familiar is: https://en.wikipedia.org/wiki/Java_(programming_language)
Set at right is: https://en.wikipedia.org/wiki/Java_(programming_language)
Set at executable is: https://en.wikipedia.org/wiki/Java_(programming_language)
Set at appeals is: https://en.wikipedia.org/wiki/Java_(programming_language)
Set at june is: https://en.wikipedia.org/wiki/Java_(programming_language)
Set at withdrew is: https://en.wikipedia.org/wiki/Java_(programming_language)
Set at stage is: https://en.wikipedia.org/wiki/Java_(programming_language)
Set at calls is: https://en.wikipedia.org/wiki/Java_(programming_language)
Set at under is: https://en.wikipedia.org/wiki/Java_(programming_language)
Set at did is: https://en.wikipedia.org/wiki/Java_(programming_language)
Set at essential is: https://en.wikipedia.org/wiki/Java_(programming_language)
Set at de is: https://en.wikipedia.org/wiki/Java_(programming_language)
Set at added is: https://en.wikipedia.org/wiki/Java_(programming_language)
Set at javaserver is: https://en.wikipedia.org/wiki/Java_(programming_language)
Set at debugger is: https://en.wikipedia.org/wiki/Java_(programming_language)
Set at language is: https://en.wikipedia.org/wiki/Java_(programming_language)
Set at graphics is: https://en.wikipedia.org/wiki/Java_(programming_language)
Set at do is: https://en.wikipedia.org/wiki/Java_(programming_language)
Set at developed is: https://en.wikipedia.org/wiki/Java_(programming_language)
Set at hold is: https://en.wikipedia.org/wiki/Java_(programming_language)
Set at later is: https://en.wikipedia.org/wiki/Java_(programming_language)
Set at designated is: https://en.wikipedia.org/wiki/Java_(programming_language)
Set at javax is: https://en.wikipedia.org/wiki/Java_(programming_language)
Set at prior is: https://en.wikipedia.org/wiki/Java_(programming_language)
Set at won is: https://en.wikipedia.org/wiki/Java_(programming_language)
Set at legal is: https://en.wikipedia.org/wiki/Java_(programming_language)
Set at programming is: https://en.wikipedia.org/wiki/Java_(programming_language)
Set at jvm is: https://en.wikipedia.org/wiki/Java_(programming_language)
Set at which is: https://en.wikipedia.org/wiki/Java_(programming_language)
Set at ee is: https://en.wikipedia.org/wiki/Java_(programming_language)
Set at needs is: https://en.wikipedia.org/wiki/Java_(programming_language)
Set at us$20 is: https://en.wikipedia.org/wiki/Java_(programming_language)
Set at relicensed is: https://en.wikipedia.org/wiki/Java_(programming_language)
Set at static is: https://en.wikipedia.org/wiki/Java_(programming_language)
Set at commonly is: https://en.wikipedia.org/wiki/Java_(programming_language)
Set at typically is: https://en.wikipedia.org/wiki/Java_(programming_language)
Set at finally is: https://en.wikipedia.org/wiki/Java_(programming_language)
Set at 2001 is: https://en.wikipedia.org/wiki/Java_(programming_language)
Set at 2000 is: https://en.wikipedia.org/wiki/Java_(programming_language)
Set at garbage is: https://en.wikipedia.org/wiki/Java_(programming_language)
Set at g1 is: https://en.wikipedia.org/wiki/Java_(programming_language)
Set at publicly is: https://en.wikipedia.org/wiki/Java_(programming_language)
Set at browsers is: https://en.wikipedia.org/wiki/Java_(programming_language)
Set at unstable is: https://en.wikipedia.org/wiki/Java_(programming_language)
Set at never is: https://en.wikipedia.org/wiki/Java_(programming_language)
Set at parts is: https://en.wikipedia.org/wiki/Java_(programming_language)
Set at containers is: https://en.wikipedia.org/wiki/Java_(programming_language)
Set at commenting is: https://en.wikipedia.org/wiki/Java_(programming_language)
Set at party is: https://en.wikipedia.org/wiki/Java_(programming_language)
Set at frame is: https://en.wikipedia.org/wiki/Java_(programming_language)
Set at however is: https://en.wikipedia.org/wiki/Java_(programming_language)
Set at some is: https://en.wikipedia.org/wiki/Java_(programming_language)
Set at virtual is: https://en.wikipedia.org/wiki/Java_(programming_language)
Set at beginning is: https://en.wikipedia.org/wiki/Java_(programming_language)
Set at rather is: https://en.wikipedia.org/wiki/Java_(programming_language)
Set at optimized is: https://en.wikipedia.org/wiki/Java_(programming_language)
Set at for is: https://en.wikipedia.org/wiki/Java_(programming_language)
Set at 2012 is: https://en.wikipedia.org/wiki/Java_(programming_language)
Set at 2010 is: https://en.wikipedia.org/wiki/Java_(programming_language)
Set at title is: https://en.wikipedia.org/wiki/Java_(programming_language)
Set at collector is: https://en.wikipedia.org/wiki/Java_(programming_language)
Set at content is: https://en.wikipedia.org/wiki/Java_(programming_language)
Set at burden is: https://en.wikipedia.org/wiki/Java_(programming_language)
Set at states is: https://en.wikipedia.org/wiki/Java_(programming_language)
Set at 2009 is: https://en.wikipedia.org/wiki/Java_(programming_language)
Set at 2007 is: https://en.wikipedia.org/wiki/Java_(programming_language)
Set at desktop is: https://en.wikipedia.org/wiki/Java_(programming_language)
Set at 2006 is: https://en.wikipedia.org/wiki/Java_(programming_language)
Set at related is: https://en.wikipedia.org/wiki/Java_(programming_language)
Set at 2004 is: https://en.wikipedia.org/wiki/Java_(programming_language)
Set at oak is: https://en.wikipedia.org/wiki/Java_(programming_language)
Set at client is: https://en.wikipedia.org/wiki/Java_(programming_language)
Set at foss is: https://en.wikipedia.org/wiki/Java_(programming_language)
Set at passed is: https://en.wikipedia.org/wiki/Java_(programming_language)
Set at featuring is: https://en.wikipedia.org/wiki/Java_(programming_language)
Set at class is: https://en.wikipedia.org/wiki/Java_(programming_language)
Set at just is: https://en.wikipedia.org/wiki/Java_(programming_language)
Set at pixel is: https://en.wikipedia.org/wiki/Java_(programming_language)
Set at digital is: https://en.wikipedia.org/wiki/Java_(programming_language)
Set at owner is: https://en.wikipedia.org/wiki/Java_(programming_language)
Set at directed is: https://en.wikipedia.org/wiki/Java_(programming_language)
Set at jury is: https://en.wikipedia.org/wiki/Java_(programming_language)
Set at specification is: https://en.wikipedia.org/wiki/Java_(programming_language)
Set at strictly is: https://en.wikipedia.org/wiki/Java_(programming_language)
Set at existing is: https://en.wikipedia.org/wiki/Java_(programming_language)
Set at print is: https://en.wikipedia.org/wiki/Java_(programming_language)
Set at formalize is: https://en.wikipedia.org/wiki/Java_(programming_language)
Set at 2016 is: https://en.wikipedia.org/wiki/Java_(programming_language)
Set at although is: https://en.wikipedia.org/wiki/Java_(programming_language)
Set at relocate is: https://en.wikipedia.org/wiki/Java_(programming_language)
Set at form is: https://en.wikipedia.org/wiki/Java_(programming_language)
Set at 2015 is: https://en.wikipedia.org/wiki/Java_(programming_language)
Set at management is: https://en.wikipedia.org/wiki/Java_(programming_language)
Set at 2014 is: https://en.wikipedia.org/wiki/Java_(programming_language)
Set at servlets is: https://en.wikipedia.org/wiki/Java_(programming_language)
Set at significantly is: https://en.wikipedia.org/wiki/Java_(programming_language)
Set at comprehensive is: https://en.wikipedia.org/wiki/Java_(programming_language)
Set at subset is: https://en.wikipedia.org/wiki/Java_(programming_language)
Set at president is: https://en.wikipedia.org/wiki/Java_(programming_language)
Set at qualified is: https://en.wikipedia.org/wiki/Java_(programming_language)
Set at triggered is: https://en.wikipedia.org/wiki/Java_(programming_language)
Set at placed is: https://en.wikipedia.org/wiki/Java_(programming_language)
Set at advanced is: https://en.wikipedia.org/wiki/Java_(programming_language)
Set at deallocate is: https://en.wikipedia.org/wiki/Java_(programming_language)
Set at j2 is: https://en.wikipedia.org/wiki/Java_(programming_language)
Set at dropped is: https://en.wikipedia.org/wiki/Java_(programming_language)
Set at soon is: https://en.wikipedia.org/wiki/Java_(programming_language)
Set at improved is: https://en.wikipedia.org/wiki/Java_(programming_language)
Set at tablet is: https://en.wikipedia.org/wiki/Java_(programming_language)
Set at corner is: https://en.wikipedia.org/wiki/Java_(programming_language)
Set at william is: https://en.wikipedia.org/wiki/Java_(programming_language)
Set at four is: https://en.wikipedia.org/wiki/Java_(programming_language)
Set at context is: https://en.wikipedia.org/wiki/Java_(programming_language)
Set at model is: https://en.wikipedia.org/wiki/Java_(programming_language)
Set at assertions is: https://en.wikipedia.org/wiki/Java_(programming_language)
Set at usually is: https://en.wikipedia.org/wiki/Java_(programming_language)
Set at text is: https://en.wikipedia.org/wiki/Java_(programming_language)
Set at whereas is: https://en.wikipedia.org/wiki/Java_(programming_language)
Set at if is: https://en.wikipedia.org/wiki/Java_(programming_language)
Set at validation is: https://en.wikipedia.org/wiki/Java_(programming_language)
Set at likely is: https://en.wikipedia.org/wiki/Java_(programming_language)
Set at large is: https://en.wikipedia.org/wiki/Java_(programming_language)
Set at in is: https://en.wikipedia.org/wiki/Java_(programming_language)
Set at made is: https://en.wikipedia.org/wiki/Java_(programming_language)
Set at io is: https://en.wikipedia.org/wiki/Java_(programming_language)
Set at is is: https://en.wikipedia.org/wiki/Java_(programming_language)
Set at stall is: https://en.wikipedia.org/wiki/Java_(programming_language)
Set at it is: https://en.wikipedia.org/wiki/Java_(programming_language)
Set at being is: https://en.wikipedia.org/wiki/Java_(programming_language)
Set at loading is: https://en.wikipedia.org/wiki/Java_(programming_language)
Set at distributions is: https://en.wikipedia.org/wiki/Java_(programming_language)
Set at traditional is: https://en.wikipedia.org/wiki/Java_(programming_language)
Set at operate is: https://en.wikipedia.org/wiki/Java_(programming_language)
Set at field is: https://en.wikipedia.org/wiki/Java_(programming_language)
Set at contents is: https://en.wikipedia.org/wiki/Java_(programming_language)
Set at exclusively is: https://en.wikipedia.org/wiki/Java_(programming_language)
Set at hello is: https://en.wikipedia.org/wiki/Java_(programming_language)
Set at jsps is: https://en.wikipedia.org/wiki/Java_(programming_language)
Set at status is: https://en.wikipedia.org/wiki/Java_(programming_language)
Set at become is: https://en.wikipedia.org/wiki/Java_(programming_language)
Set at server is: https://en.wikipedia.org/wiki/Java_(programming_language)
Set at recovering is: https://en.wikipedia.org/wiki/Java_(programming_language)
Set at works is: https://en.wikipedia.org/wiki/Java_(programming_language)
Set at clients is: https://en.wikipedia.org/wiki/Java_(programming_language)
Set at enforcing is: https://en.wikipedia.org/wiki/Java_(programming_language)
Set at operates is: https://en.wikipedia.org/wiki/Java_(programming_language)
Set at appending is: https://en.wikipedia.org/wiki/Java_(programming_language)
Set at mac is: https://en.wikipedia.org/wiki/Java_(programming_language)
Set at products is: https://en.wikipedia.org/wiki/Java_(programming_language)
Set at settlement is: https://en.wikipedia.org/wiki/Java_(programming_language)
Set at file is: https://en.wikipedia.org/wiki/Java_(programming_language)
Set at world is: https://en.wikipedia.org/wiki/Java_(programming_language)
Set at library is: https://en.wikipedia.org/wiki/Java_(programming_language)
Set at known is: https://en.wikipedia.org/wiki/Java_(programming_language)
Set at stream is: https://en.wikipedia.org/wiki/Java_(programming_language)
Set at december is: https://en.wikipedia.org/wiki/Java_(programming_language)
Set at ability is: https://en.wikipedia.org/wiki/Java_(programming_language)
Set at everything is: https://en.wikipedia.org/wiki/Java_(programming_language)
Set at stand is: https://en.wikipedia.org/wiki/Java_(programming_language)
Set at implementations is: https://en.wikipedia.org/wiki/Java_(programming_language)
Set at side is: https://en.wikipedia.org/wiki/Java_(programming_language)
Set at may is: https://en.wikipedia.org/wiki/Java_(programming_language)
Set at within is: https://en.wikipedia.org/wiki/Java_(programming_language)
Set at supplied is: https://en.wikipedia.org/wiki/Java_(programming_language)
Set at forward is: https://en.wikipedia.org/wiki/Java_(programming_language)
Set at could is: https://en.wikipedia.org/wiki/Java_(programming_language)
Set at lacks is: https://en.wikipedia.org/wiki/Java_(programming_language)
Set at overrides is: https://en.wikipedia.org/wiki/Java_(programming_language)
Set at draw is: https://en.wikipedia.org/wiki/Java_(programming_language)
Set at off is: https://en.wikipedia.org/wiki/Java_(programming_language)
Set at machine is: https://en.wikipedia.org/wiki/Java_(programming_language)
Set at facilities is: https://en.wikipedia.org/wiki/Java_(programming_language)
Set at conscious is: https://en.wikipedia.org/wiki/Java_(programming_language)
Set at return is: https://en.wikipedia.org/wiki/Java_(programming_language)
Set at instance is: https://en.wikipedia.org/wiki/Java_(programming_language)
Set at use is: https://en.wikipedia.org/wiki/Java_(programming_language)
Set at subject is: https://en.wikipedia.org/wiki/Java_(programming_language)
Set at certify is: https://en.wikipedia.org/wiki/Java_(programming_language)
Set at several is: https://en.wikipedia.org/wiki/Java_(programming_language)
Set at inheritance is: https://en.wikipedia.org/wiki/Java_(programming_language)
Set at feel is: https://en.wikipedia.org/wiki/Java_(programming_language)
Set at networking is: https://en.wikipedia.org/wiki/Java_(programming_language)
Set at main is: https://en.wikipedia.org/wiki/Java_(programming_language)
Set at office is: https://en.wikipedia.org/wiki/Java_(programming_language)
Set at integer is: https://en.wikipedia.org/wiki/Java_(programming_language)
Set at while is: https://en.wikipedia.org/wiki/Java_(programming_language)
Set at supercomputers is: https://en.wikipedia.org/wiki/Java_(programming_language)
Set at suffix is: https://en.wikipedia.org/wiki/Java_(programming_language)
Set at that is: https://en.wikipedia.org/wiki/Java_(programming_language)
Set at copyrighted is: https://en.wikipedia.org/wiki/Java_(programming_language)
Set at revenue is: https://en.wikipedia.org/wiki/Java_(programming_language)
Set at find is: https://en.wikipedia.org/wiki/Java_(programming_language)
Set at than is: https://en.wikipedia.org/wiki/Java_(programming_language)
Set at sufficient is: https://en.wikipedia.org/wiki/Java_(programming_language)
Set at me is: https://en.wikipedia.org/wiki/Java_(programming_language)
Set at host is: https://en.wikipedia.org/wiki/Java_(programming_language)
Set at relentless is: https://en.wikipedia.org/wiki/Java_(programming_language)
Set at criticisms is: https://en.wikipedia.org/wiki/Java_(programming_language)
Set at different is: https://en.wikipedia.org/wiki/Java_(programming_language)
Set at international is: https://en.wikipedia.org/wiki/Java_(programming_language)
Set at directly is: https://en.wikipedia.org/wiki/Java_(programming_language)
Set at regardless is: https://en.wikipedia.org/wiki/Java_(programming_language)
Set at selected is: https://en.wikipedia.org/wiki/Java_(programming_language)
Set at semantically is: https://en.wikipedia.org/wiki/Java_(programming_language)
Set at ideal is: https://en.wikipedia.org/wiki/Java_(programming_language)
Set at level is: https://en.wikipedia.org/wiki/Java_(programming_language)
Set at accepts is: https://en.wikipedia.org/wiki/Java_(programming_language)
Set at occur is: https://en.wikipedia.org/wiki/Java_(programming_language)
Set at restrictions is: https://en.wikipedia.org/wiki/Java_(programming_language)
Set at thrown is: https://en.wikipedia.org/wiki/Java_(programming_language)
Set at difficult is: https://en.wikipedia.org/wiki/Java_(programming_language)
Set at includes is: https://en.wikipedia.org/wiki/Java_(programming_language)
Set at ideas is: https://en.wikipedia.org/wiki/Java_(programming_language)
Set at throws is: https://en.wikipedia.org/wiki/Java_(programming_language)
Set at becomes is: https://en.wikipedia.org/wiki/Java_(programming_language)
Set at chosen is: https://en.wikipedia.org/wiki/Java_(programming_language)
Set at relevant is: https://en.wikipedia.org/wiki/Java_(programming_language)
Set at license is: https://en.wikipedia.org/wiki/Java_(programming_language)
Set at collectors is: https://en.wikipedia.org/wiki/Java_(programming_language)
Set at null is: https://en.wikipedia.org/wiki/Java_(programming_language)
Set at true is: https://en.wikipedia.org/wiki/Java_(programming_language)
Set at oriented is: https://en.wikipedia.org/wiki/Java_(programming_language)
Set at helloworldapp is: https://en.wikipedia.org/wiki/Java_(programming_language)
Set at errors is: https://en.wikipedia.org/wiki/Java_(programming_language)
Set at since is: https://en.wikipedia.org/wiki/Java_(programming_language)
Set at no is: https://en.wikipedia.org/wiki/Java_(programming_language)
Set at behind is: https://en.wikipedia.org/wiki/Java_(programming_language)
Set at code is: https://en.wikipedia.org/wiki/Java_(programming_language)
Set at belong is: https://en.wikipedia.org/wiki/Java_(programming_language)
Set at sheridan is: https://en.wikipedia.org/wiki/Java_(programming_language)
Set at pairings is: https://en.wikipedia.org/wiki/Java_(programming_language)
Set at println is: https://en.wikipedia.org/wiki/Java_(programming_language)
Set at evangelist is: https://en.wikipedia.org/wiki/Java_(programming_language)
Set at setdefaultcloseoperation is: https://en.wikipedia.org/wiki/Java_(programming_language)
Set at of is: https://en.wikipedia.org/wiki/Java_(programming_language)
Set at heap is: https://en.wikipedia.org/wiki/Java_(programming_language)
Set at included is: https://en.wikipedia.org/wiki/Java_(programming_language)
Set at make is: https://en.wikipedia.org/wiki/Java_(programming_language)
Set at on is: https://en.wikipedia.org/wiki/Java_(programming_language)
Set at allocated is: https://en.wikipedia.org/wiki/Java_(programming_language)
Set at unofficial is: https://en.wikipedia.org/wiki/Java_(programming_language)
Set at allows is: https://en.wikipedia.org/wiki/Java_(programming_language)
Set at execution is: https://en.wikipedia.org/wiki/Java_(programming_language)
Set at designers is: https://en.wikipedia.org/wiki/Java_(programming_language)
Set at opposed is: https://en.wikipedia.org/wiki/Java_(programming_language)
Set at or is: https://en.wikipedia.org/wiki/Java_(programming_language)
Set at os is: https://en.wikipedia.org/wiki/Java_(programming_language)
Set at control is: https://en.wikipedia.org/wiki/Java_(programming_language)
Set at thread is: https://en.wikipedia.org/wiki/Java_(programming_language)
Set at segmented is: https://en.wikipedia.org/wiki/Java_(programming_language)
Set at editions is: https://en.wikipedia.org/wiki/Java_(programming_language)
Set at writer is: https://en.wikipedia.org/wiki/Java_(programming_language)
Set at handler is: https://en.wikipedia.org/wiki/Java_(programming_language)
Set at interpreting is: https://en.wikipedia.org/wiki/Java_(programming_language)
Set at upper is: https://en.wikipedia.org/wiki/Java_(programming_language)
Set at dalvik is: https://en.wikipedia.org/wiki/Java_(programming_language)
Set at stood is: https://en.wikipedia.org/wiki/Java_(programming_language)
Set at promised is: https://en.wikipedia.org/wiki/Java_(programming_language)
Set at crash is: https://en.wikipedia.org/wiki/Java_(programming_language)
Set at accessing is: https://en.wikipedia.org/wiki/Java_(programming_language)
Set at meaning is: https://en.wikipedia.org/wiki/Java_(programming_language)
Set at <applet> is: https://en.wikipedia.org/wiki/Java_(programming_language)
Set at drawing is: https://en.wikipedia.org/wiki/Java_(programming_language)
Set at programmers is: https://en.wikipedia.org/wiki/Java_(programming_language)
Set at brand is: https://en.wikipedia.org/wiki/Java_(programming_language)
Set at released is: https://en.wikipedia.org/wiki/Java_(programming_language)
Set at they is: https://en.wikipedia.org/wiki/Java_(programming_language)
Set at 10 is: https://en.wikipedia.org/wiki/Java_(programming_language)
Set at goals is: https://en.wikipedia.org/wiki/Java_(programming_language)
Set at height is: https://en.wikipedia.org/wiki/Java_(programming_language)
Set at based is: https://en.wikipedia.org/wiki/Java_(programming_language)
Set at 13 is: https://en.wikipedia.org/wiki/Java_(programming_language)
Set at pointer is: https://en.wikipedia.org/wiki/Java_(programming_language)
Set at 14 is: https://en.wikipedia.org/wiki/Java_(programming_language)
Set at 15 is: https://en.wikipedia.org/wiki/Java_(programming_language)
Set at 16 is: https://en.wikipedia.org/wiki/Java_(programming_language)
Set at 17 is: https://en.wikipedia.org/wiki/Java_(programming_language)
Set at 18 is: https://en.wikipedia.org/wiki/Java_(programming_language)
Set at 19 is: https://en.wikipedia.org/wiki/Java_(programming_language)
Set at them is: https://en.wikipedia.org/wiki/Java_(programming_language)
Set at portable is: https://en.wikipedia.org/wiki/Java_(programming_language)
Set at then is: https://en.wikipedia.org/wiki/Java_(programming_language)
Set at something is: https://en.wikipedia.org/wiki/Java_(programming_language)
Set at accept is: https://en.wikipedia.org/wiki/Java_(programming_language)
Set at appletcontext is: https://en.wikipedia.org/wiki/Java_(programming_language)
Set at re is: https://en.wikipedia.org/wiki/Java_(programming_language)
Set at pillar is: https://en.wikipedia.org/wiki/Java_(programming_language)
Set at invoked is: https://en.wikipedia.org/wiki/Java_(programming_language)
Set at programs is: https://en.wikipedia.org/wiki/Java_(programming_language)
Set at interpreted is: https://en.wikipedia.org/wiki/Java_(programming_language)
Set at starting is: https://en.wikipedia.org/wiki/Java_(programming_language)
Set at 20 is: https://en.wikipedia.org/wiki/Java_(programming_language)
Set at 21 is: https://en.wikipedia.org/wiki/Java_(programming_language)
Set at 22 is: https://en.wikipedia.org/wiki/Java_(programming_language)
Set at 23 is: https://en.wikipedia.org/wiki/Java_(programming_language)
Set at checking is: https://en.wikipedia.org/wiki/Java_(programming_language)
Set at 24 is: https://en.wikipedia.org/wiki/Java_(programming_language)
Set at components is: https://en.wikipedia.org/wiki/Java_(programming_language)
Set at access is: https://en.wikipedia.org/wiki/Java_(programming_language)
Set at 25 is: https://en.wikipedia.org/wiki/Java_(programming_language)
Set at 26 is: https://en.wikipedia.org/wiki/Java_(programming_language)
Set at primitive is: https://en.wikipedia.org/wiki/Java_(programming_language)
Set at 27 is: https://en.wikipedia.org/wiki/Java_(programming_language)
Set at 28 is: https://en.wikipedia.org/wiki/Java_(programming_language)
Set at 29 is: https://en.wikipedia.org/wiki/Java_(programming_language)
Set at industry is: https://en.wikipedia.org/wiki/Java_(programming_language)
Set at executed is: https://en.wikipedia.org/wiki/Java_(programming_language)
Set at sun is: https://en.wikipedia.org/wiki/Java_(programming_language)
Set at long is: https://en.wikipedia.org/wiki/Java_(programming_language)
Set at into is: https://en.wikipedia.org/wiki/Java_(programming_language)
Set at se is: https://en.wikipedia.org/wiki/Java_(programming_language)
Set at current is: https://en.wikipedia.org/wiki/Java_(programming_language)
Set at managed is: https://en.wikipedia.org/wiki/Java_(programming_language)
Set at supports is: https://en.wikipedia.org/wiki/Java_(programming_language)
Set at operating is: https://en.wikipedia.org/wiki/Java_(programming_language)
Set at free is: https://en.wikipedia.org/wiki/Java_(programming_language)
Set at so is: https://en.wikipedia.org/wiki/Java_(programming_language)
Set at 30 is: https://en.wikipedia.org/wiki/Java_(programming_language)
Set at 31 is: https://en.wikipedia.org/wiki/Java_(programming_language)
Set at preferred is: https://en.wikipedia.org/wiki/Java_(programming_language)
Set at key is: https://en.wikipedia.org/wiki/Java_(programming_language)
Set at 32 is: https://en.wikipedia.org/wiki/Java_(programming_language)
Set at 33 is: https://en.wikipedia.org/wiki/Java_(programming_language)
Set at 34 is: https://en.wikipedia.org/wiki/Java_(programming_language)
Set at 35 is: https://en.wikipedia.org/wiki/Java_(programming_language)
Set at variables is: https://en.wikipedia.org/wiki/Java_(programming_language)
Set at 36 is: https://en.wikipedia.org/wiki/Java_(programming_language)
Set at 37 is: https://en.wikipedia.org/wiki/Java_(programming_language)
Set at decision is: https://en.wikipedia.org/wiki/Java_(programming_language)
Set at though is: https://en.wikipedia.org/wiki/Java_(programming_language)
Set at 38 is: https://en.wikipedia.org/wiki/Java_(programming_language)
Set at 39 is: https://en.wikipedia.org/wiki/Java_(programming_language)
Set at one is: https://en.wikipedia.org/wiki/Java_(programming_language)
Set at makes is: https://en.wikipedia.org/wiki/Java_(programming_language)
Set at started is: https://en.wikipedia.org/wiki/Java_(programming_language)
Set at denotes is: https://en.wikipedia.org/wiki/Java_(programming_language)
Set at launch is: https://en.wikipedia.org/wiki/Java_(programming_language)
Set at many is: https://en.wikipedia.org/wiki/Java_(programming_language)
Set at ideally is: https://en.wikipedia.org/wiki/Java_(programming_language)
Set at controlled is: https://en.wikipedia.org/wiki/Java_(programming_language)
Set at single is: https://en.wikipedia.org/wiki/Java_(programming_language)
Set at actually is: https://en.wikipedia.org/wiki/Java_(programming_language)
Set at face is: https://en.wikipedia.org/wiki/Java_(programming_language)
Set at getwriter is: https://en.wikipedia.org/wiki/Java_(programming_language)
Set at associated is: https://en.wikipedia.org/wiki/Java_(programming_language)
Set at holds is: https://en.wikipedia.org/wiki/Java_(programming_language)
Set at closed is: https://en.wikipedia.org/wiki/Java_(programming_language)
Set at to is: https://en.wikipedia.org/wiki/Java_(programming_language)
Set at 40 is: https://en.wikipedia.org/wiki/Java_(programming_language)
Set at 41 is: https://en.wikipedia.org/wiki/Java_(programming_language)
Set at operation is: https://en.wikipedia.org/wiki/Java_(programming_language)
Set at open is: https://en.wikipedia.org/wiki/Java_(programming_language)
Set at partially is: https://en.wikipedia.org/wiki/Java_(programming_language)
Set at 42 is: https://en.wikipedia.org/wiki/Java_(programming_language)
Set at reimplementation is: https://en.wikipedia.org/wiki/Java_(programming_language)
Set at 43 is: https://en.wikipedia.org/wiki/Java_(programming_language)
Set at but is: https://en.wikipedia.org/wiki/Java_(programming_language)
Set at 44 is: https://en.wikipedia.org/wiki/Java_(programming_language)
Set at 45 is: https://en.wikipedia.org/wiki/Java_(programming_language)
Set at commercial is: https://en.wikipedia.org/wiki/Java_(programming_language)
Set at 46 is: https://en.wikipedia.org/wiki/Java_(programming_language)
Set at 47 is: https://en.wikipedia.org/wiki/Java_(programming_language)
Set at declare is: https://en.wikipedia.org/wiki/Java_(programming_language)
Set at 48 is: https://en.wikipedia.org/wiki/Java_(programming_language)
Set at separate is: https://en.wikipedia.org/wiki/Java_(programming_language)
Set at 49 is: https://en.wikipedia.org/wiki/Java_(programming_language)
Set at available is: https://en.wikipedia.org/wiki/Java_(programming_language)
Set at numbers is: https://en.wikipedia.org/wiki/Java_(programming_language)
Set at project is: https://en.wikipedia.org/wiki/Java_(programming_language)
Set at reputation is: https://en.wikipedia.org/wiki/Java_(programming_language)
Set at inside is: https://en.wikipedia.org/wiki/Java_(programming_language)
Set at aqua is: https://en.wikipedia.org/wiki/Java_(programming_language)
Set at whenever is: https://en.wikipedia.org/wiki/Java_(programming_language)
Set at apache is: https://en.wikipedia.org/wiki/Java_(programming_language)
Set at ruled is: https://en.wikipedia.org/wiki/Java_(programming_language)
Set at aids is: https://en.wikipedia.org/wiki/Java_(programming_language)
Set at written is: https://en.wikipedia.org/wiki/Java_(programming_language)
Set at 50 is: https://en.wikipedia.org/wiki/Java_(programming_language)
Set at 51 is: https://en.wikipedia.org/wiki/Java_(programming_language)
Set at five is: https://en.wikipedia.org/wiki/Java_(programming_language)
Set at generate is: https://en.wikipedia.org/wiki/Java_(programming_language)
Set at 52 is: https://en.wikipedia.org/wiki/Java_(programming_language)
Set at 53 is: https://en.wikipedia.org/wiki/Java_(programming_language)
Set at 54 is: https://en.wikipedia.org/wiki/Java_(programming_language)
Set at 55 is: https://en.wikipedia.org/wiki/Java_(programming_language)
Set at treated is: https://en.wikipedia.org/wiki/Java_(programming_language)
Set at dispatching is: https://en.wikipedia.org/wiki/Java_(programming_language)
Set at 56 is: https://en.wikipedia.org/wiki/Java_(programming_language)
Set at oracle is: https://en.wikipedia.org/wiki/Java_(programming_language)
Set at this is: https://en.wikipedia.org/wiki/Java_(programming_language)
Set at constructor is: https://en.wikipedia.org/wiki/Java_(programming_language)
Set at collection is: https://en.wikipedia.org/wiki/Java_(programming_language)
Set at look is: https://en.wikipedia.org/wiki/Java_(programming_language)
Set at extends is: https://en.wikipedia.org/wiki/Java_(programming_language)
Set at once is: https://en.wikipedia.org/wiki/Java_(programming_language)
Set at vm is: https://en.wikipedia.org/wiki/Java_(programming_language)
Set at pluggable is: https://en.wikipedia.org/wiki/Java_(programming_language)
Set at 60 is: https://en.wikipedia.org/wiki/Java_(programming_language)
Set at support is: https://en.wikipedia.org/wiki/Java_(programming_language)
Set at insists is: https://en.wikipedia.org/wiki/Java_(programming_language)
Set at subclasses is: https://en.wikipedia.org/wiki/Java_(programming_language)
Set at 65 is: https://en.wikipedia.org/wiki/Java_(programming_language)
Set at implements is: https://en.wikipedia.org/wiki/Java_(programming_language)
Set at allow is: https://en.wikipedia.org/wiki/Java_(programming_language)
Set at installed is: https://en.wikipedia.org/wiki/Java_(programming_language)
Set at jazelle is: https://en.wikipedia.org/wiki/Java_(programming_language)
Set at reasons is: https://en.wikipedia.org/wiki/Java_(programming_language)
Set at lawsuit is: https://en.wikipedia.org/wiki/Java_(programming_language)
Set at needed is: https://en.wikipedia.org/wiki/Java_(programming_language)
Set at iec is: https://en.wikipedia.org/wiki/Java_(programming_language)
Set at update is: https://en.wikipedia.org/wiki/Java_(programming_language)
Set at resides is: https://en.wikipedia.org/wiki/Java_(programming_language)
Set at modifiers is: https://en.wikipedia.org/wiki/Java_(programming_language)
Set at speed is: https://en.wikipedia.org/wiki/Java_(programming_language)
Set at printf is: https://en.wikipedia.org/wiki/Java_(programming_language)
Set at printstream is: https://en.wikipedia.org/wiki/Java_(programming_language)
Set at apple is: https://en.wikipedia.org/wiki/Java_(programming_language)
Set at proprietary is: https://en.wikipedia.org/wiki/Java_(programming_language)
Set at linux is: https://en.wikipedia.org/wiki/Java_(programming_language)
Set at kit is: https://en.wikipedia.org/wiki/Java_(programming_language)
Set at disposed is: https://en.wikipedia.org/wiki/Java_(programming_language)
Set at every is: https://en.wikipedia.org/wiki/Java_(programming_language)
Set at normal is: https://en.wikipedia.org/wiki/Java_(programming_language)
Set at types is: https://en.wikipedia.org/wiki/Java_(programming_language)
Set at classpath is: https://en.wikipedia.org/wiki/Java_(programming_language)
Set at recently is: https://en.wikipedia.org/wiki/Java_(programming_language)
Set at technology is: https://en.wikipedia.org/wiki/Java_(programming_language)
Set at xp is: https://en.wikipedia.org/wiki/Java_(programming_language)
Set at paintcomponent is: https://en.wikipedia.org/wiki/Java_(programming_language)
Set at step is: https://en.wikipedia.org/wiki/Java_(programming_language)
Set at passing is: https://en.wikipedia.org/wiki/Java_(programming_language)
Set at mark is: https://en.wikipedia.org/wiki/Java_(programming_language)
Set at software is: https://en.wikipedia.org/wiki/Java_(programming_language)
Set at claimed is: https://en.wikipedia.org/wiki/Java_(programming_language)
Set at graphical is: https://en.wikipedia.org/wiki/Java_(programming_language)
Set at during is: https://en.wikipedia.org/wiki/Java_(programming_language)
Set at processors is: https://en.wikipedia.org/wiki/Java_(programming_language)
Set at type is: https://en.wikipedia.org/wiki/Java_(programming_language)
Set at april is: https://en.wikipedia.org/wiki/Java_(programming_language)
Set at integers is: https://en.wikipedia.org/wiki/Java_(programming_language)
Set at subtypes is: https://en.wikipedia.org/wiki/Java_(programming_language)
Set at compatible is: https://en.wikipedia.org/wiki/Java_(programming_language)
Set at problem is: https://en.wikipedia.org/wiki/Java_(programming_language)
Set at terms is: https://en.wikipedia.org/wiki/Java_(programming_language)
Set at safety is: https://en.wikipedia.org/wiki/Java_(programming_language)
Set at superclass is: https://en.wikipedia.org/wiki/Java_(programming_language)
Set at 90 is: https://en.wikipedia.org/wiki/Java_(programming_language)
Set at 95 is: https://en.wikipedia.org/wiki/Java_(programming_language)
Set at presence is: https://en.wikipedia.org/wiki/Java_(programming_language)
Set at between is: https://en.wikipedia.org/wiki/Java_(programming_language)
Set at attempts is: https://en.wikipedia.org/wiki/Java_(programming_language)
Set at van is: https://en.wikipedia.org/wiki/Java_(programming_language)
Set at still is: https://en.wikipedia.org/wiki/Java_(programming_language)
Set at goal is: https://en.wikipedia.org/wiki/Java_(programming_language)
Set at method is: https://en.wikipedia.org/wiki/Java_(programming_language)
Set at overhead is: https://en.wikipedia.org/wiki/Java_(programming_language)
Set at icedtea is: https://en.wikipedia.org/wiki/Java_(programming_language)
Set at wora is: https://en.wikipedia.org/wiki/Java_(programming_language)
Set at filing is: https://en.wikipedia.org/wiki/Java_(programming_language)
Set at itself is: https://en.wikipedia.org/wiki/Java_(programming_language)
Set at concatenation is: https://en.wikipedia.org/wiki/Java_(programming_language)
Set at versions is: https://en.wikipedia.org/wiki/Java_(programming_language)
Set at following is: https://en.wikipedia.org/wiki/Java_(programming_language)
Set at terminate is: https://en.wikipedia.org/wiki/Java_(programming_language)
Set at specifies is: https://en.wikipedia.org/wiki/Java_(programming_language)
Set at hotspot is: https://en.wikipedia.org/wiki/Java_(programming_language)
Set at james is: https://en.wikipedia.org/wiki/Java_(programming_language)
Set at requests is: https://en.wikipedia.org/wiki/Java_(programming_language)
Set at distribution is: https://en.wikipedia.org/wiki/Java_(programming_language)
Set at tools is: https://en.wikipedia.org/wiki/Java_(programming_language)
Set at specified is: https://en.wikipedia.org/wiki/Java_(programming_language)
Set at out is: https://en.wikipedia.org/wiki/Java_(programming_language)
Set at leak is: https://en.wikipedia.org/wiki/Java_(programming_language)
Set at causes is: https://en.wikipedia.org/wiki/Java_(programming_language)
Set at installation is: https://en.wikipedia.org/wiki/Java_(programming_language)
Set at federal is: https://en.wikipedia.org/wiki/Java_(programming_language)
Set at initialized is: https://en.wikipedia.org/wiki/Java_(programming_language)
Set at event is: https://en.wikipedia.org/wiki/Java_(programming_language)
Set at dispute is: https://en.wikipedia.org/wiki/Java_(programming_language)
Set at include is: https://en.wikipedia.org/wiki/Java_(programming_language)
Set at initializes is: https://en.wikipedia.org/wiki/Java_(programming_language)
Set at additionally is: https://en.wikipedia.org/wiki/Java_(programming_language)
Set at elements is: https://en.wikipedia.org/wiki/Java_(programming_language)
Set at anonymous is: https://en.wikipedia.org/wiki/Java_(programming_language)
Set at located is: https://en.wikipedia.org/wiki/Java_(programming_language)
Set at cannot is: https://en.wikipedia.org/wiki/Java_(programming_language)
Set at responses is: https://en.wikipedia.org/wiki/Java_(programming_language)
Set at threading is: https://en.wikipedia.org/wiki/Java_(programming_language)
Set at runs is: https://en.wikipedia.org/wiki/Java_(programming_language)
Set at first is: https://en.wikipedia.org/wiki/Java_(programming_language)
Set at addresses is: https://en.wikipedia.org/wiki/Java_(programming_language)
Set at data is: https://en.wikipedia.org/wiki/Java_(programming_language)
Set at adequate is: https://en.wikipedia.org/wiki/Java_(programming_language)
Set at own is: https://en.wikipedia.org/wiki/Java_(programming_language)
Set at fewer is: https://en.wikipedia.org/wiki/Java_(programming_language)
Set at reference is: https://en.wikipedia.org/wiki/Java_(programming_language)
Set at gosling is: https://en.wikipedia.org/wiki/Java_(programming_language)
Set at only is: https://en.wikipedia.org/wiki/Java_(programming_language)
Set at j2ee is: https://en.wikipedia.org/wiki/Java_(programming_language)
Set at create is: https://en.wikipedia.org/wiki/Java_(programming_language)
Set at from is: https://en.wikipedia.org/wiki/Java_(programming_language)
Set at html is: https://en.wikipedia.org/wiki/Java_(programming_language)
Set at tag is: https://en.wikipedia.org/wiki/Java_(programming_language)
Set at development is: https://en.wikipedia.org/wiki/Java_(programming_language)
Set at offset is: https://en.wikipedia.org/wiki/Java_(programming_language)
Set at like is: https://en.wikipedia.org/wiki/Java_(programming_language)
Set at commitment is: https://en.wikipedia.org/wiki/Java_(programming_language)
Set at servletexception is: https://en.wikipedia.org/wiki/Java_(programming_language)
Set at finished is: https://en.wikipedia.org/wiki/Java_(programming_language)
Set at sent is: https://en.wikipedia.org/wiki/Java_(programming_language)
Set at core is: https://en.wikipedia.org/wiki/Java_(programming_language)
Set at purposes is: https://en.wikipedia.org/wiki/Java_(programming_language)
Set at files is: https://en.wikipedia.org/wiki/Java_(programming_language)
Set at arthur is: https://en.wikipedia.org/wiki/Java_(programming_language)
Set at note is: https://en.wikipedia.org/wiki/Java_(programming_language)
Set at purpose is: https://en.wikipedia.org/wiki/Java_(programming_language)
Set at configuration is: https://en.wikipedia.org/wiki/Java_(programming_language)
Set at line is: https://en.wikipedia.org/wiki/Java_(programming_language)
Set at scientific is: https://en.wikipedia.org/wiki/Java_(programming_language)
Set at scale is: https://en.wikipedia.org/wiki/Java_(programming_language)
Set at statements is: https://en.wikipedia.org/wiki/Java_(programming_language)
Set at error is: https://en.wikipedia.org/wiki/Java_(programming_language)
Set at platform is: https://en.wikipedia.org/wiki/Java_(programming_language)
Set at network is: https://en.wikipedia.org/wiki/Java_(programming_language)
Set at can is: https://en.wikipedia.org/wiki/Java_(programming_language)
Set at security is: https://en.wikipedia.org/wiki/Java_(programming_language)
Set at targeting is: https://en.wikipedia.org/wiki/Java_(programming_language)
Set at public is: https://en.wikipedia.org/wiki/Java_(programming_language)
Set at array is: https://en.wikipedia.org/wiki/Java_(programming_language)
Set at eligible is: https://en.wikipedia.org/wiki/Java_(programming_language)
Set at floating is: https://en.wikipedia.org/wiki/Java_(programming_language)
Set at parameter is: https://en.wikipedia.org/wiki/Java_(programming_language)
Set at said is: https://en.wikipedia.org/wiki/Java_(programming_language)
Set at value is: https://en.wikipedia.org/wiki/Java_(programming_language)
Set at inc is: https://en.wikipedia.org/wiki/Java_(programming_language)
Set at cost is: https://en.wikipedia.org/wiki/Java_(programming_language)
Set at aims is: https://en.wikipedia.org/wiki/Java_(programming_language)
Set at will is: https://en.wikipedia.org/wiki/Java_(programming_language)
Set at idle is: https://en.wikipedia.org/wiki/Java_(programming_language)
Set at implementation is: https://en.wikipedia.org/wiki/Java_(programming_language)
Set at arbitrary is: https://en.wikipedia.org/wiki/Java_(programming_language)
Set at groups is: https://en.wikipedia.org/wiki/Java_(programming_language)
Set at allowing is: https://en.wikipedia.org/wiki/Java_(programming_language)
Set at instead is: https://en.wikipedia.org/wiki/Java_(programming_language)
Set at ultimately is: https://en.wikipedia.org/wiki/Java_(programming_language)
Set at controversy is: https://en.wikipedia.org/wiki/Java_(programming_language)
Set at command is: https://en.wikipedia.org/wiki/Java_(programming_language)
Set at int is: https://en.wikipedia.org/wiki/Java_(programming_language)
Set at performance is: https://en.wikipedia.org/wiki/Java_(programming_language)
Set at boolean is: https://en.wikipedia.org/wiki/Java_(programming_language)
Set at currently is: https://en.wikipedia.org/wiki/Java_(programming_language)
Set at compliance is: https://en.wikipedia.org/wiki/Java_(programming_language)
Set at response is: https://en.wikipedia.org/wiki/Java_(programming_language)
Set at variable is: https://en.wikipedia.org/wiki/Java_(programming_language)
Set at arguments is: https://en.wikipedia.org/wiki/Java_(programming_language)
indexPage called for url: https://en.wikipedia.org/wiki/Programming_language
Set at  is: https://en.wikipedia.org/wiki/Programming_language
Set at exception is: https://en.wikipedia.org/wiki/Programming_language
Set at german is: https://en.wikipedia.org/wiki/Programming_language
Set at year is: https://en.wikipedia.org/wiki/Programming_language
Set at govern is: https://en.wikipedia.org/wiki/Programming_language
Set at remote is: https://en.wikipedia.org/wiki/Programming_language
Set at slower is: https://en.wikipedia.org/wiki/Programming_language
Set at without is: https://en.wikipedia.org/wiki/Programming_language
Set at building is: https://en.wikipedia.org/wiki/Programming_language
Set at these is: https://en.wikipedia.org/wiki/Programming_language
Set at asserts is: https://en.wikipedia.org/wiki/Programming_language
Set at introduced is: https://en.wikipedia.org/wiki/Programming_language
Set at would is: https://en.wikipedia.org/wiki/Programming_language
Set at xml is: https://en.wikipedia.org/wiki/Programming_language
Set at 4gl is: https://en.wikipedia.org/wiki/Programming_language
Set at visual is: https://en.wikipedia.org/wiki/Programming_language
Set at because is: https://en.wikipedia.org/wiki/Programming_language
Set at ten is: https://en.wikipedia.org/wiki/Programming_language
Set at definitions is: https://en.wikipedia.org/wiki/Programming_language
Set at ran is: https://en.wikipedia.org/wiki/Programming_language
Set at invented is: https://en.wikipedia.org/wiki/Programming_language
Set at organizational is: https://en.wikipedia.org/wiki/Programming_language
Set at blockcontext is: https://en.wikipedia.org/wiki/Programming_language
Set at wedded is: https://en.wikipedia.org/wiki/Programming_language
Set at internally is: https://en.wikipedia.org/wiki/Programming_language
Set at thus is: https://en.wikipedia.org/wiki/Programming_language
Set at require is: https://en.wikipedia.org/wiki/Programming_language
Set at scratch is: https://en.wikipedia.org/wiki/Programming_language
Set at community is: https://en.wikipedia.org/wiki/Programming_language
Set at analysis is: https://en.wikipedia.org/wiki/Programming_language
Set at version is: https://en.wikipedia.org/wiki/Programming_language
Set at adapted is: https://en.wikipedia.org/wiki/Programming_language
Set at 1 is: https://en.wikipedia.org/wiki/Programming_language
Set at 2 is: https://en.wikipedia.org/wiki/Programming_language
Set at extensions is: https://en.wikipedia.org/wiki/Programming_language
Set at contains is: https://en.wikipedia.org/wiki/Programming_language
Set at linq is: https://en.wikipedia.org/wiki/Programming_language
Set at 3 is: https://en.wikipedia.org/wiki/Programming_language
Set at 4 is: https://en.wikipedia.org/wiki/Programming_language
Set at selection is: https://en.wikipedia.org/wiki/Programming_language
Set at 5 is: https://en.wikipedia.org/wiki/Programming_language
Set at much is: https://en.wikipedia.org/wiki/Programming_language
Set at object is: https://en.wikipedia.org/wiki/Programming_language
Set at appropriate is: https://en.wikipedia.org/wiki/Programming_language
Set at role is: https://en.wikipedia.org/wiki/Programming_language
Set at rejecting is: https://en.wikipedia.org/wiki/Programming_language
Set at achieve is: https://en.wikipedia.org/wiki/Programming_language
Set at least is: https://en.wikipedia.org/wiki/Programming_language
Set at blur is: https://en.wikipedia.org/wiki/Programming_language
Set at suffice is: https://en.wikipedia.org/wiki/Programming_language
Set at notable is: https://en.wikipedia.org/wiki/Programming_language
Set at example is: https://en.wikipedia.org/wiki/Programming_language
Set at paradigmatic is: https://en.wikipedia.org/wiki/Programming_language
Set at result is: https://en.wikipedia.org/wiki/Programming_language
Set at rejects is: https://en.wikipedia.org/wiki/Programming_language
Set at behavior is: https://en.wikipedia.org/wiki/Programming_language
Set at computers is: https://en.wikipedia.org/wiki/Programming_language
Set at hand is: https://en.wikipedia.org/wiki/Programming_language
Set at haskell is: https://en.wikipedia.org/wiki/Programming_language
Set at a is: https://en.wikipedia.org/wiki/Programming_language
Set at mainframes is: https://en.wikipedia.org/wiki/Programming_language
Set at b is: https://en.wikipedia.org/wiki/Programming_language
Set at c is: https://en.wikipedia.org/wiki/Programming_language
Set at address is: https://en.wikipedia.org/wiki/Programming_language
Set at d is: https://en.wikipedia.org/wiki/Programming_language
Set at e is: https://en.wikipedia.org/wiki/Programming_language
Set at f is: https://en.wikipedia.org/wiki/Programming_language
Set at g is: https://en.wikipedia.org/wiki/Programming_language
Set at i is: https://en.wikipedia.org/wiki/Programming_language
Set at textual is: https://en.wikipedia.org/wiki/Programming_language
Set at the is: https://en.wikipedia.org/wiki/Programming_language
Set at straight is: https://en.wikipedia.org/wiki/Programming_language
Set at p is: https://en.wikipedia.org/wiki/Programming_language
Set at newer is: https://en.wikipedia.org/wiki/Programming_language
Set at r is: https://en.wikipedia.org/wiki/Programming_language
Set at s is: https://en.wikipedia.org/wiki/Programming_language
Set at grammars is: https://en.wikipedia.org/wiki/Programming_language
Set at ericsson is: https://en.wikipedia.org/wiki/Programming_language
Set at unrelated is: https://en.wikipedia.org/wiki/Programming_language
Set at w is: https://en.wikipedia.org/wiki/Programming_language
Set at x is: https://en.wikipedia.org/wiki/Programming_language
Set at fifth is: https://en.wikipedia.org/wiki/Programming_language
Set at information is: https://en.wikipedia.org/wiki/Programming_language
Set at combined is: https://en.wikipedia.org/wiki/Programming_language
Set at aerospace is: https://en.wikipedia.org/wiki/Programming_language
Set at novel is: https://en.wikipedia.org/wiki/Programming_language
Set at standard is: https://en.wikipedia.org/wiki/Programming_language
Set at instructions is: https://en.wikipedia.org/wiki/Programming_language
Set at communicate is: https://en.wikipedia.org/wiki/Programming_language
Set at iso is: https://en.wikipedia.org/wiki/Programming_language
Set at correct is: https://en.wikipedia.org/wiki/Programming_language
Set at keywords is: https://en.wikipedia.org/wiki/Programming_language
Set at inputs is: https://en.wikipedia.org/wiki/Programming_language
Set at moved is: https://en.wikipedia.org/wiki/Programming_language
Set at dijkstra is: https://en.wikipedia.org/wiki/Programming_language
Set at acm is: https://en.wikipedia.org/wiki/Programming_language
Set at completeness is: https://en.wikipedia.org/wiki/Programming_language
Set at specifications is: https://en.wikipedia.org/wiki/Programming_language
Set at infers is: https://en.wikipedia.org/wiki/Programming_language
Set at analyses is: https://en.wikipedia.org/wiki/Programming_language
Set at syntactic is: https://en.wikipedia.org/wiki/Programming_language
Set at incorporated is: https://en.wikipedia.org/wiki/Programming_language
Set at 2gl is: https://en.wikipedia.org/wiki/Programming_language
Set at speakers is: https://en.wikipedia.org/wiki/Programming_language
Set at implement is: https://en.wikipedia.org/wiki/Programming_language
Set at replacements is: https://en.wikipedia.org/wiki/Programming_language
Set at others is: https://en.wikipedia.org/wiki/Programming_language
Set at ada is: https://en.wikipedia.org/wiki/Programming_language
Set at add is: https://en.wikipedia.org/wiki/Programming_language
Set at making is: https://en.wikipedia.org/wiki/Programming_language
Set at educational is: https://en.wikipedia.org/wiki/Programming_language
Set at need is: https://en.wikipedia.org/wiki/Programming_language
Set at finite is: https://en.wikipedia.org/wiki/Programming_language
Set at wrote is: https://en.wikipedia.org/wiki/Programming_language
Set at ferranti is: https://en.wikipedia.org/wiki/Programming_language
Set at lisp is: https://en.wikipedia.org/wiki/Programming_language
Set at unchecked is: https://en.wikipedia.org/wiki/Programming_language
Set at troff is: https://en.wikipedia.org/wiki/Programming_language
Set at its is: https://en.wikipedia.org/wiki/Programming_language
Set at originally is: https://en.wikipedia.org/wiki/Programming_language
Set at often is: https://en.wikipedia.org/wiki/Programming_language
Set at check is: https://en.wikipedia.org/wiki/Programming_language
Set at konrad is: https://en.wikipedia.org/wiki/Programming_language
Set at article is: https://en.wikipedia.org/wiki/Programming_language
Set at users is: https://en.wikipedia.org/wiki/Programming_language
Set at lack is: https://en.wikipedia.org/wiki/Programming_language
Set at external is: https://en.wikipedia.org/wiki/Programming_language
Set at parser is: https://en.wikipedia.org/wiki/Programming_language
Set at casts is: https://en.wikipedia.org/wiki/Programming_language
Set at shell is: https://en.wikipedia.org/wiki/Programming_language
Set at claims is: https://en.wikipedia.org/wiki/Programming_language
Set at interleaves is: https://en.wikipedia.org/wiki/Programming_language
Set at decimal is: https://en.wikipedia.org/wiki/Programming_language
Set at useful is: https://en.wikipedia.org/wiki/Programming_language
Set at formats is: https://en.wikipedia.org/wiki/Programming_language
Set at united is: https://en.wikipedia.org/wiki/Programming_language
Set at applied is: https://en.wikipedia.org/wiki/Programming_language
Set at relieving is: https://en.wikipedia.org/wiki/Programming_language
Set at production is: https://en.wikipedia.org/wiki/Programming_language
Set at interface is: https://en.wikipedia.org/wiki/Programming_language
Set at punched is: https://en.wikipedia.org/wiki/Programming_language
Set at prevent is: https://en.wikipedia.org/wiki/Programming_language
Set at compiled is: https://en.wikipedia.org/wiki/Programming_language
Set at provides is: https://en.wikipedia.org/wiki/Programming_language
Set at scope is: https://en.wikipedia.org/wiki/Programming_language
Set at standardized is: https://en.wikipedia.org/wiki/Programming_language
Set at hard is: https://en.wikipedia.org/wiki/Programming_language
Set at compiler is: https://en.wikipedia.org/wiki/Programming_language
Set at lines is: https://en.wikipedia.org/wiki/Programming_language
Set at generically is: https://en.wikipedia.org/wiki/Programming_language
Set at citation is: https://en.wikipedia.org/wiki/Programming_language
Set at blocks is: https://en.wikipedia.org/wiki/Programming_language
Set at perform is: https://en.wikipedia.org/wiki/Programming_language
Set at multiple is: https://en.wikipedia.org/wiki/Programming_language
Set at evolution is: https://en.wikipedia.org/wiki/Programming_language
Set at message is: https://en.wikipedia.org/wiki/Programming_language
Set at manchester is: https://en.wikipedia.org/wiki/Programming_language
Set at noted is: https://en.wikipedia.org/wiki/Programming_language
Set at special is: https://en.wikipedia.org/wiki/Programming_language
Set at with is: https://en.wikipedia.org/wiki/Programming_language
Set at environment is: https://en.wikipedia.org/wiki/Programming_language
Set at there is: https://en.wikipedia.org/wiki/Programming_language
Set at arises is: https://en.wikipedia.org/wiki/Programming_language
Set at translation is: https://en.wikipedia.org/wiki/Programming_language
Set at permit is: https://en.wikipedia.org/wiki/Programming_language
Set at syntax is: https://en.wikipedia.org/wiki/Programming_language
Set at well is: https://en.wikipedia.org/wiki/Programming_language
Set at detected is: https://en.wikipedia.org/wiki/Programming_language
Set at family is: https://en.wikipedia.org/wiki/Programming_language
Set at referred is: https://en.wikipedia.org/wiki/Programming_language
Set at albeit is: https://en.wikipedia.org/wiki/Programming_language
Set at c++ is: https://en.wikipedia.org/wiki/Programming_language
Set at called is: https://en.wikipedia.org/wiki/Programming_language
Set at backus is: https://en.wikipedia.org/wiki/Programming_language
Set at told is: https://en.wikipedia.org/wiki/Programming_language
Set at considered is: https://en.wikipedia.org/wiki/Programming_language
Set at atlas is: https://en.wikipedia.org/wiki/Programming_language
Set at configurations is: https://en.wikipedia.org/wiki/Programming_language
Set at averaging is: https://en.wikipedia.org/wiki/Programming_language
Set at focus is: https://en.wikipedia.org/wiki/Programming_language
Set at changing is: https://en.wikipedia.org/wiki/Programming_language
Set at occurs is: https://en.wikipedia.org/wiki/Programming_language
Set at faults is: https://en.wikipedia.org/wiki/Programming_language
Set at approach is: https://en.wikipedia.org/wiki/Programming_language
Set at years is: https://en.wikipedia.org/wiki/Programming_language
Set at number is: https://en.wikipedia.org/wiki/Programming_language
Set at implication is: https://en.wikipedia.org/wiki/Programming_language
Set at property is: https://en.wikipedia.org/wiki/Programming_language
Set at 2+2 is: https://en.wikipedia.org/wiki/Programming_language
Set at block is: https://en.wikipedia.org/wiki/Programming_language
Set at per is: https://en.wikipedia.org/wiki/Programming_language
Set at write is: https://en.wikipedia.org/wiki/Programming_language
Set at flow is: https://en.wikipedia.org/wiki/Programming_language
Set at manipulate is: https://en.wikipedia.org/wiki/Programming_language
Set at algorithm is: https://en.wikipedia.org/wiki/Programming_language
Set at order is: https://en.wikipedia.org/wiki/Programming_language
Set at similar is: https://en.wikipedia.org/wiki/Programming_language
Set at period is: https://en.wikipedia.org/wiki/Programming_language
Set at lexical is: https://en.wikipedia.org/wiki/Programming_language
Set at went is: https://en.wikipedia.org/wiki/Programming_language
Set at programmer is: https://en.wikipedia.org/wiki/Programming_language
Set at distant is: https://en.wikipedia.org/wiki/Programming_language
Set at corporation is: https://en.wikipedia.org/wiki/Programming_language
Set at specify is: https://en.wikipedia.org/wiki/Programming_language
Set at clr is: https://en.wikipedia.org/wiki/Programming_language
Set at understand is: https://en.wikipedia.org/wiki/Programming_language
Set at distributed is: https://en.wikipedia.org/wiki/Programming_language
Set at handle is: https://en.wikipedia.org/wiki/Programming_language
Set at underlying is: https://en.wikipedia.org/wiki/Programming_language
Set at thousands is: https://en.wikipedia.org/wiki/Programming_language
Set at forth is: https://en.wikipedia.org/wiki/Programming_language
Set at edsger is: https://en.wikipedia.org/wiki/Programming_language
Set at ever is: https://en.wikipedia.org/wiki/Programming_language
Set at system is: https://en.wikipedia.org/wiki/Programming_language
Set at even is: https://en.wikipedia.org/wiki/Programming_language
Set at compose is: https://en.wikipedia.org/wiki/Programming_language
Set at strongly is: https://en.wikipedia.org/wiki/Programming_language
Set at binary is: https://en.wikipedia.org/wiki/Programming_language
Set at integration is: https://en.wikipedia.org/wiki/Programming_language
Set at programmed is: https://en.wikipedia.org/wiki/Programming_language
Set at orders is: https://en.wikipedia.org/wiki/Programming_language
Set at partial is: https://en.wikipedia.org/wiki/Programming_language
Set at authors is: https://en.wikipedia.org/wiki/Programming_language
Set at algorithms is: https://en.wikipedia.org/wiki/Programming_language
Set at other is: https://en.wikipedia.org/wiki/Programming_language
Set at conversions is: https://en.wikipedia.org/wiki/Programming_language
Set at aim is: https://en.wikipedia.org/wiki/Programming_language
Set at kinds is: https://en.wikipedia.org/wiki/Programming_language
Set at respectively is: https://en.wikipedia.org/wiki/Programming_language
Set at functionality is: https://en.wikipedia.org/wiki/Programming_language
Set at restrict is: https://en.wikipedia.org/wiki/Programming_language
Set at local is: https://en.wikipedia.org/wiki/Programming_language
Set at valid is: https://en.wikipedia.org/wiki/Programming_language
Set at conjunction is: https://en.wikipedia.org/wiki/Programming_language
Set at goto is: https://en.wikipedia.org/wiki/Programming_language
Set at rights is: https://en.wikipedia.org/wiki/Programming_language
Set at have is: https://en.wikipedia.org/wiki/Programming_language
Set at electronic is: https://en.wikipedia.org/wiki/Programming_language
Set at share is: https://en.wikipedia.org/wiki/Programming_language
Set at casting is: https://en.wikipedia.org/wiki/Programming_language
Set at assertion is: https://en.wikipedia.org/wiki/Programming_language
Set at imperative is: https://en.wikipedia.org/wiki/Programming_language
Set at declarative is: https://en.wikipedia.org/wiki/Programming_language
Set at pianos is: https://en.wikipedia.org/wiki/Programming_language
Set at product is: https://en.wikipedia.org/wiki/Programming_language
Set at particularly is: https://en.wikipedia.org/wiki/Programming_language
Set at famous is: https://en.wikipedia.org/wiki/Programming_language
Set at dominant is: https://en.wikipedia.org/wiki/Programming_language
Set at identifiers is: https://en.wikipedia.org/wiki/Programming_language
Set at ucsd is: https://en.wikipedia.org/wiki/Programming_language
Set at intellectual is: https://en.wikipedia.org/wiki/Programming_language
Set at prototype is: https://en.wikipedia.org/wiki/Programming_language
Set at opportunities is: https://en.wikipedia.org/wiki/Programming_language
Set at produce is: https://en.wikipedia.org/wiki/Programming_language
Set at interchangeably is: https://en.wikipedia.org/wiki/Programming_language
Set at stored is: https://en.wikipedia.org/wiki/Programming_language
Set at php is: https://en.wikipedia.org/wiki/Programming_language
Set at logic is: https://en.wikipedia.org/wiki/Programming_language
Set at smalltalk is: https://en.wikipedia.org/wiki/Programming_language
Set at entity is: https://en.wikipedia.org/wiki/Programming_language
Set at communities is: https://en.wikipedia.org/wiki/Programming_language
Set at com is: https://en.wikipedia.org/wiki/Programming_language
Set at prohibit is: https://en.wikipedia.org/wiki/Programming_language
Set at measuring is: https://en.wikipedia.org/wiki/Programming_language
Set at precision is: https://en.wikipedia.org/wiki/Programming_language
Set at prevents is: https://en.wikipedia.org/wiki/Programming_language
Set at implicitly is: https://en.wikipedia.org/wiki/Programming_language
Set at lets is: https://en.wikipedia.org/wiki/Programming_language
Set at translated is: https://en.wikipedia.org/wiki/Programming_language
Set at descendant is: https://en.wikipedia.org/wiki/Programming_language
Set at manner is: https://en.wikipedia.org/wiki/Programming_language
Set at upon is: https://en.wikipedia.org/wiki/Programming_language
Set at points is: https://en.wikipedia.org/wiki/Programming_language
Set at academia is: https://en.wikipedia.org/wiki/Programming_language
Set at whether is: https://en.wikipedia.org/wiki/Programming_language
Set at academic is: https://en.wikipedia.org/wiki/Programming_language
Set at discusses is: https://en.wikipedia.org/wiki/Programming_language
Set at function is: https://en.wikipedia.org/wiki/Programming_language
Set at implemented is: https://en.wikipedia.org/wiki/Programming_language
Set at verification is: https://en.wikipedia.org/wiki/Programming_language
Set at all is: https://en.wikipedia.org/wiki/Programming_language
Set at always is: https://en.wikipedia.org/wiki/Programming_language
Set at border is: https://en.wikipedia.org/wiki/Programming_language
Set at new is: https://en.wikipedia.org/wiki/Programming_language
Set at settings is: https://en.wikipedia.org/wiki/Programming_language
Set at took is: https://en.wikipedia.org/wiki/Programming_language
Set at baghdad is: https://en.wikipedia.org/wiki/Programming_language
Set at circumstances is: https://en.wikipedia.org/wiki/Programming_language
Set at macros is: https://en.wikipedia.org/wiki/Programming_language
Set at including is: https://en.wikipedia.org/wiki/Programming_language
Set at read is: https://en.wikipedia.org/wiki/Programming_language
Set at void is: https://en.wikipedia.org/wiki/Programming_language
Set at markup is: https://en.wikipedia.org/wiki/Programming_language
Set at below is: https://en.wikipedia.org/wiki/Programming_language
Set at differs is: https://en.wikipedia.org/wiki/Programming_language
Set at applicable is: https://en.wikipedia.org/wiki/Programming_language
Set at shall is: https://en.wikipedia.org/wiki/Programming_language
Set at cpu is: https://en.wikipedia.org/wiki/Programming_language
Set at constitutes is: https://en.wikipedia.org/wiki/Programming_language
Set at positions is: https://en.wikipedia.org/wiki/Programming_language
Set at less is: https://en.wikipedia.org/wiki/Programming_language
Set at real is: https://en.wikipedia.org/wiki/Programming_language
Set at tool is: https://en.wikipedia.org/wiki/Programming_language
Set at unit is: https://en.wikipedia.org/wiki/Programming_language
Set at hybrid is: https://en.wikipedia.org/wiki/Programming_language
Set at contemporary is: https://en.wikipedia.org/wiki/Programming_language
Set at alan is: https://en.wikipedia.org/wiki/Programming_language
Set at were is: https://en.wikipedia.org/wiki/Programming_language
Set at confusingly is: https://en.wikipedia.org/wiki/Programming_language
Set at typing is: https://en.wikipedia.org/wiki/Programming_language
Set at translates is: https://en.wikipedia.org/wiki/Programming_language
Set at arms is: https://en.wikipedia.org/wiki/Programming_language
Set at basic is: https://en.wikipedia.org/wiki/Programming_language
Set at unix is: https://en.wikipedia.org/wiki/Programming_language
Set at specialized is: https://en.wikipedia.org/wiki/Programming_language
Set at boundary is: https://en.wikipedia.org/wiki/Programming_language
Set at became is: https://en.wikipedia.org/wiki/Programming_language
Set at musa is: https://en.wikipedia.org/wiki/Programming_language
Set at university is: https://en.wikipedia.org/wiki/Programming_language
Set at technique is: https://en.wikipedia.org/wiki/Programming_language
Set at manifestly is: https://en.wikipedia.org/wiki/Programming_language
Set at overarching is: https://en.wikipedia.org/wiki/Programming_language
Set at units is: https://en.wikipedia.org/wiki/Programming_language
Set at disallowed is: https://en.wikipedia.org/wiki/Programming_language
Set at univac is: https://en.wikipedia.org/wiki/Programming_language
Set at running is: https://en.wikipedia.org/wiki/Programming_language
Set at scripting is: https://en.wikipedia.org/wiki/Programming_language
Set at primitives is: https://en.wikipedia.org/wiki/Programming_language
Set at autocode is: https://en.wikipedia.org/wiki/Programming_language
Set at similarly is: https://en.wikipedia.org/wiki/Programming_language
Set at and is: https://en.wikipedia.org/wiki/Programming_language
Set at intended is: https://en.wikipedia.org/wiki/Programming_language
Set at design is: https://en.wikipedia.org/wiki/Programming_language
Set at define is: https://en.wikipedia.org/wiki/Programming_language
Set at lang is: https://en.wikipedia.org/wiki/Programming_language
Set at universal is: https://en.wikipedia.org/wiki/Programming_language
Set at declared is: https://en.wikipedia.org/wiki/Programming_language
Set at tied is: https://en.wikipedia.org/wiki/Programming_language
Set at deliberately is: https://en.wikipedia.org/wiki/Programming_language
Set at abstraction is: https://en.wikipedia.org/wiki/Programming_language
Set at automatic is: https://en.wikipedia.org/wiki/Programming_language
Set at requirement is: https://en.wikipedia.org/wiki/Programming_language
Set at specific is: https://en.wikipedia.org/wiki/Programming_language
Set at distinguished is: https://en.wikipedia.org/wiki/Programming_language
Set at despite is: https://en.wikipedia.org/wiki/Programming_language
Set at any is: https://en.wikipedia.org/wiki/Programming_language
Set at declarations is: https://en.wikipedia.org/wiki/Programming_language
Set at chomsky is: https://en.wikipedia.org/wiki/Programming_language
Set at application is: https://en.wikipedia.org/wiki/Programming_language
Set at lengths is: https://en.wikipedia.org/wiki/Programming_language
Set at compilation is: https://en.wikipedia.org/wiki/Programming_language
Set at punctuation is: https://en.wikipedia.org/wiki/Programming_language
Set at communicated is: https://en.wikipedia.org/wiki/Programming_language
Set at until is: https://en.wikipedia.org/wiki/Programming_language
Set at machines is: https://en.wikipedia.org/wiki/Programming_language
Set at xslt is: https://en.wikipedia.org/wiki/Programming_language
Set at strategy is: https://en.wikipedia.org/wiki/Programming_language
Set at forms is: https://en.wikipedia.org/wiki/Programming_language
Set at reason is: https://en.wikipedia.org/wiki/Programming_language
Set at developments is: https://en.wikipedia.org/wiki/Programming_language
Set at japan is: https://en.wikipedia.org/wiki/Programming_language
Set at compiling is: https://en.wikipedia.org/wiki/Programming_language
Set at anywhere is: https://en.wikipedia.org/wiki/Programming_language
Set at defines is: https://en.wikipedia.org/wiki/Programming_language
Set at professional is: https://en.wikipedia.org/wiki/Programming_language
Set at java is: https://en.wikipedia.org/wiki/Programming_language
Set at notation is: https://en.wikipedia.org/wiki/Programming_language
Set at english is: https://en.wikipedia.org/wiki/Programming_language
Set at represented is: https://en.wikipedia.org/wiki/Programming_language
Set at let is: https://en.wikipedia.org/wiki/Programming_language
Set at defined is: https://en.wikipedia.org/wiki/Programming_language
Set at pointers is: https://en.wikipedia.org/wiki/Programming_language
Set at fully is: https://en.wikipedia.org/wiki/Programming_language
Set at portions is: https://en.wikipedia.org/wiki/Programming_language
Set at eliminated is: https://en.wikipedia.org/wiki/Programming_language
Set at using is: https://en.wikipedia.org/wiki/Programming_language
Set at verifying is: https://en.wikipedia.org/wiki/Programming_language
Set at investigating is: https://en.wikipedia.org/wiki/Programming_language
Set at each is: https://en.wikipedia.org/wiki/Programming_language
Set at javascript is: https://en.wikipedia.org/wiki/Programming_language
Set at labels is: https://en.wikipedia.org/wiki/Programming_language
Set at argues is: https://en.wikipedia.org/wiki/Programming_language
Set at input is: https://en.wikipedia.org/wiki/Programming_language
Set at letter is: https://en.wikipedia.org/wiki/Programming_language
Set at difference is: https://en.wikipedia.org/wiki/Programming_language
Set at must is: https://en.wikipedia.org/wiki/Programming_language
Set at calculations is: https://en.wikipedia.org/wiki/Programming_language
Set at bytecode is: https://en.wikipedia.org/wiki/Programming_language
Set at complexity is: https://en.wikipedia.org/wiki/Programming_language
Set at increased is: https://en.wikipedia.org/wiki/Programming_language
Set at argued is: https://en.wikipedia.org/wiki/Programming_language
Set at document is: https://en.wikipedia.org/wiki/Programming_language
Set at another is: https://en.wikipedia.org/wiki/Programming_language
Set at automatically is: https://en.wikipedia.org/wiki/Programming_language
Set at concurrent is: https://en.wikipedia.org/wiki/Programming_language
Set at predecessor is: https://en.wikipedia.org/wiki/Programming_language
Set at two is: https://en.wikipedia.org/wiki/Programming_language
Set at descendants is: https://en.wikipedia.org/wiki/Programming_language
Set at literal is: https://en.wikipedia.org/wiki/Programming_language
Set at diversity is: https://en.wikipedia.org/wiki/Programming_language
Set at found is: https://en.wikipedia.org/wiki/Programming_language
Set at desired is: https://en.wikipedia.org/wiki/Programming_language
Set at varying is: https://en.wikipedia.org/wiki/Programming_language
Set at are is: https://en.wikipedia.org/wiki/Programming_language
Set at defense is: https://en.wikipedia.org/wiki/Programming_language
Set at does is: https://en.wikipedia.org/wiki/Programming_language
Set at vendor is: https://en.wikipedia.org/wiki/Programming_language
Set at taken is: https://en.wikipedia.org/wiki/Programming_language
Set at grace is: https://en.wikipedia.org/wiki/Programming_language
Set at came is: https://en.wikipedia.org/wiki/Programming_language
Set at structured is: https://en.wikipedia.org/wiki/Programming_language
Set at formalisms is: https://en.wikipedia.org/wiki/Programming_language
Set at where is: https://en.wikipedia.org/wiki/Programming_language
Set at mechanism is: https://en.wikipedia.org/wiki/Programming_language
Set at popular is: https://en.wikipedia.org/wiki/Programming_language
Set at reynolds is: https://en.wikipedia.org/wiki/Programming_language
Set at languages is: https://en.wikipedia.org/wiki/Programming_language
Set at structures is: https://en.wikipedia.org/wiki/Programming_language
Set at combining is: https://en.wikipedia.org/wiki/Programming_language
Set at team is: https://en.wikipedia.org/wiki/Programming_language
Set at delegates is: https://en.wikipedia.org/wiki/Programming_language
Set at declaration is: https://en.wikipedia.org/wiki/Programming_language
Set at entirely is: https://en.wikipedia.org/wiki/Programming_language
Set at describes is: https://en.wikipedia.org/wiki/Programming_language
Set at refinements is: https://en.wikipedia.org/wiki/Programming_language
Set at abstractions is: https://en.wikipedia.org/wiki/Programming_language
Set at such is: https://en.wikipedia.org/wiki/Programming_language
Set at diagnostics is: https://en.wikipedia.org/wiki/Programming_language
Set at filling is: https://en.wikipedia.org/wiki/Programming_language
Set at absolute is: https://en.wikipedia.org/wiki/Programming_language
Set at syntactically is: https://en.wikipedia.org/wiki/Programming_language
Set at describe is: https://en.wikipedia.org/wiki/Programming_language
Set at understood is: https://en.wikipedia.org/wiki/Programming_language
Set at through is: https://en.wikipedia.org/wiki/Programming_language
Set at documents is: https://en.wikipedia.org/wiki/Programming_language
Set at tedious is: https://en.wikipedia.org/wiki/Programming_language
Set at remington is: https://en.wikipedia.org/wiki/Programming_language
Set at needing is: https://en.wikipedia.org/wiki/Programming_language
Set at had is: https://en.wikipedia.org/wiki/Programming_language
Set at run is: https://en.wikipedia.org/wiki/Programming_language
Set at remains is: https://en.wikipedia.org/wiki/Programming_language
Set at source is: https://en.wikipedia.org/wiki/Programming_language
Set at microsoft is: https://en.wikipedia.org/wiki/Programming_language
Set at research is: https://en.wikipedia.org/wiki/Programming_language
Set at debate is: https://en.wikipedia.org/wiki/Programming_language
Set at features is: https://en.wikipedia.org/wiki/Programming_language
Set at either is: https://en.wikipedia.org/wiki/Programming_language
Set at view is: https://en.wikipedia.org/wiki/Programming_language
Set at late is: https://en.wikipedia.org/wiki/Programming_language
Set at compile is: https://en.wikipedia.org/wiki/Programming_language
Set at bias is: https://en.wikipedia.org/wiki/Programming_language
Set at things is: https://en.wikipedia.org/wiki/Programming_language
Set at cambridge is: https://en.wikipedia.org/wiki/Programming_language
Set at has is: https://en.wikipedia.org/wiki/Programming_language
Set at results is: https://en.wikipedia.org/wiki/Programming_language
Set at those is: https://en.wikipedia.org/wiki/Programming_language
Set at actual is: https://en.wikipedia.org/wiki/Programming_language
Set at given is: https://en.wikipedia.org/wiki/Programming_language
Set at correctness is: https://en.wikipedia.org/wiki/Programming_language
Set at definite is: https://en.wikipedia.org/wiki/Programming_language
Set at involves is: https://en.wikipedia.org/wiki/Programming_language
Set at might is: https://en.wikipedia.org/wiki/Programming_language
Set at widely is: https://en.wikipedia.org/wiki/Programming_language
Set at adapt is: https://en.wikipedia.org/wiki/Programming_language
Set at batch is: https://en.wikipedia.org/wiki/Programming_language
Set at uncomfortable is: https://en.wikipedia.org/wiki/Programming_language
Set at significant is: https://en.wikipedia.org/wiki/Programming_language
Set at engineering is: https://en.wikipedia.org/wiki/Programming_language
Set at expressions is: https://en.wikipedia.org/wiki/Programming_language
Set at 1943 is: https://en.wikipedia.org/wiki/Programming_language
Set at improving is: https://en.wikipedia.org/wiki/Programming_language
Set at ignorance is: https://en.wikipedia.org/wiki/Programming_language
Set at involved is: https://en.wikipedia.org/wiki/Programming_language
Set at converted is: https://en.wikipedia.org/wiki/Programming_language
Set at name is: https://en.wikipedia.org/wiki/Programming_language
Set at detecting is: https://en.wikipedia.org/wiki/Programming_language
Set at overall is: https://en.wikipedia.org/wiki/Programming_language
Set at 1949 is: https://en.wikipedia.org/wiki/Programming_language
Set at 1945 is: https://en.wikipedia.org/wiki/Programming_language
Set at next is: https://en.wikipedia.org/wiki/Programming_language
Set at benefits is: https://en.wikipedia.org/wiki/Programming_language
Set at cards is: https://en.wikipedia.org/wiki/Programming_language
Set at string is: https://en.wikipedia.org/wiki/Programming_language
Set at occupy is: https://en.wikipedia.org/wiki/Programming_language
Set at aspects is: https://en.wikipedia.org/wiki/Programming_language
Set at impossible is: https://en.wikipedia.org/wiki/Programming_language
Set at description is: https://en.wikipedia.org/wiki/Programming_language
Set at erlang is: https://en.wikipedia.org/wiki/Programming_language
Set at effort is: https://en.wikipedia.org/wiki/Programming_language
Set at hartley is: https://en.wikipedia.org/wiki/Programming_language
Set at 1954 is: https://en.wikipedia.org/wiki/Programming_language
Set at not is: https://en.wikipedia.org/wiki/Programming_language
Set at 1952 is: https://en.wikipedia.org/wiki/Programming_language
Set at brooker is: https://en.wikipedia.org/wiki/Programming_language
Set at now is: https://en.wikipedia.org/wiki/Programming_language
Set at statement is: https://en.wikipedia.org/wiki/Programming_language
Set at debugging is: https://en.wikipedia.org/wiki/Programming_language
Set at perl is: https://en.wikipedia.org/wiki/Programming_language
Set at 1959 is: https://en.wikipedia.org/wiki/Programming_language
Set at 1958 is: https://en.wikipedia.org/wiki/Programming_language
Set at derived is: https://en.wikipedia.org/wiki/Programming_language
Set at early is: https://en.wikipedia.org/wiki/Programming_language
Set at 1955 is: https://en.wikipedia.org/wiki/Programming_language
Set at hours is: https://en.wikipedia.org/wiki/Programming_language
Set at c232 is: https://en.wikipedia.org/wiki/Programming_language
Set at center is: https://en.wikipedia.org/wiki/Programming_language
Set at was is: https://en.wikipedia.org/wiki/Programming_language
Set at libraries is: https://en.wikipedia.org/wiki/Programming_language
Set at earliest is: https://en.wikipedia.org/wiki/Programming_language
Set at suddenly is: https://en.wikipedia.org/wiki/Programming_language
Set at generic is: https://en.wikipedia.org/wiki/Programming_language
Set at way is: https://en.wikipedia.org/wiki/Programming_language
Set at bypass is: https://en.wikipedia.org/wiki/Programming_language
Set at what is: https://en.wikipedia.org/wiki/Programming_language
Set at fallen is: https://en.wikipedia.org/wiki/Programming_language
Set at jacquard is: https://en.wikipedia.org/wiki/Programming_language
Set at zuse is: https://en.wikipedia.org/wiki/Programming_language
Set at 1961 is: https://en.wikipedia.org/wiki/Programming_language
Set at refer is: https://en.wikipedia.org/wiki/Programming_language
Set at short is: https://en.wikipedia.org/wiki/Programming_language
Set at 12345 is: https://en.wikipedia.org/wiki/Programming_language
Set at time is: https://en.wikipedia.org/wiki/Programming_language
Set at 1968 is: https://en.wikipedia.org/wiki/Programming_language
Set at applications is: https://en.wikipedia.org/wiki/Programming_language
Set at decidable is: https://en.wikipedia.org/wiki/Programming_language
Set at measured is: https://en.wikipedia.org/wiki/Programming_language
Set at usage is: https://en.wikipedia.org/wiki/Programming_language
Set at interactive is: https://en.wikipedia.org/wiki/Programming_language
Set at program is: https://en.wikipedia.org/wiki/Programming_language
Set at semantics is: https://en.wikipedia.org/wiki/Programming_language
Set at when is: https://en.wikipedia.org/wiki/Programming_language
Set at plankalkül is: https://en.wikipedia.org/wiki/Programming_language
Set at required is: https://en.wikipedia.org/wiki/Programming_language
Set at alick is: https://en.wikipedia.org/wiki/Programming_language
Set at multi is: https://en.wikipedia.org/wiki/Programming_language
Set at artifact is: https://en.wikipedia.org/wiki/Programming_language
Set at cast is: https://en.wikipedia.org/wiki/Programming_language
Set at her is: https://en.wikipedia.org/wiki/Programming_language
Set at statically is: https://en.wikipedia.org/wiki/Programming_language
Set at largely is: https://en.wikipedia.org/wiki/Programming_language
Set at broad is: https://en.wikipedia.org/wiki/Programming_language
Set at 1960s is: https://en.wikipedia.org/wiki/Programming_language
Set at greater is: https://en.wikipedia.org/wiki/Programming_language
Set at case is: https://en.wikipedia.org/wiki/Programming_language
Set at hardware is: https://en.wikipedia.org/wiki/Programming_language
Set at generation is: https://en.wikipedia.org/wiki/Programming_language
Set at identifier is: https://en.wikipedia.org/wiki/Programming_language
Set at item is: https://en.wikipedia.org/wiki/Programming_language
Set at having is: https://en.wikipedia.org/wiki/Programming_language
Set at esoteric is: https://en.wikipedia.org/wiki/Programming_language
Set at chained is: https://en.wikipedia.org/wiki/Programming_language
Set at dates is: https://en.wikipedia.org/wiki/Programming_language
Set at dynamically is: https://en.wikipedia.org/wiki/Programming_language
Set at 1987 is: https://en.wikipedia.org/wiki/Programming_language
Set at explicit is: https://en.wikipedia.org/wiki/Programming_language
Set at provide is: https://en.wikipedia.org/wiki/Programming_language
Set at latent is: https://en.wikipedia.org/wiki/Programming_language
Set at determined is: https://en.wikipedia.org/wiki/Programming_language
Set at refined is: https://en.wikipedia.org/wiki/Programming_language
Set at dividing is: https://en.wikipedia.org/wiki/Programming_language
Set at purely is: https://en.wikipedia.org/wiki/Programming_language
Set at implicit is: https://en.wikipedia.org/wiki/Programming_language
Set at explicitly is: https://en.wikipedia.org/wiki/Programming_language
Set at study is: https://en.wikipedia.org/wiki/Programming_language
Set at emphasizes is: https://en.wikipedia.org/wiki/Programming_language
Set at conditionally is: https://en.wikipedia.org/wiki/Programming_language
Set at methods is: https://en.wikipedia.org/wiki/Programming_language
Set at sentences is: https://en.wikipedia.org/wiki/Programming_language
Set at reliability is: https://en.wikipedia.org/wiki/Programming_language
Set at direct is: https://en.wikipedia.org/wiki/Programming_language
Set at merits is: https://en.wikipedia.org/wiki/Programming_language
Set at consume is: https://en.wikipedia.org/wiki/Programming_language
Set at undefined is: https://en.wikipedia.org/wiki/Programming_language
Set at 1998 is: https://en.wikipedia.org/wiki/Programming_language
Set at computer is: https://en.wikipedia.org/wiki/Programming_language
Set at ways is: https://en.wikipedia.org/wiki/Programming_language
Set at modern is: https://en.wikipedia.org/wiki/Programming_language
Set at low is: https://en.wikipedia.org/wiki/Programming_language
Set at datatype is: https://en.wikipedia.org/wiki/Programming_language
Set at occasionally is: https://en.wikipedia.org/wiki/Programming_language
Set at merely is: https://en.wikipedia.org/wiki/Programming_language
Set at relieved is: https://en.wikipedia.org/wiki/Programming_language
Set at architecture is: https://en.wikipedia.org/wiki/Programming_language
Set at meant is: https://en.wikipedia.org/wiki/Programming_language
Set at means is: https://en.wikipedia.org/wiki/Programming_language
Set at entirety is: https://en.wikipedia.org/wiki/Programming_language
Set at more is: https://en.wikipedia.org/wiki/Programming_language
Set at edsac is: https://en.wikipedia.org/wiki/Programming_language
Set at centre is: https://en.wikipedia.org/wiki/Programming_language
Set at performed is: https://en.wikipedia.org/wiki/Programming_language
Set at meanings is: https://en.wikipedia.org/wiki/Programming_language
Set at great is: https://en.wikipedia.org/wiki/Programming_language
Set at wrong is: https://en.wikipedia.org/wiki/Programming_language
Set at organization is: https://en.wikipedia.org/wiki/Programming_language
Set at char is: https://en.wikipedia.org/wiki/Programming_language
Set at broadly is: https://en.wikipedia.org/wiki/Programming_language
Set at certain is: https://en.wikipedia.org/wiki/Programming_language
Set at small is: https://en.wikipedia.org/wiki/Programming_language
Set at distinction is: https://en.wikipedia.org/wiki/Programming_language
Set at before is: https://en.wikipedia.org/wiki/Programming_language
Set at simple is: https://en.wikipedia.org/wiki/Programming_language
Set at figuratively is: https://en.wikipedia.org/wiki/Programming_language
Set at used is: https://en.wikipedia.org/wiki/Programming_language
Set at compilers is: https://en.wikipedia.org/wiki/Programming_language
Set at influence is: https://en.wikipedia.org/wiki/Programming_language
Set at major is: https://en.wikipedia.org/wiki/Programming_language
Set at checked is: https://en.wikipedia.org/wiki/Programming_language
Set at few is: https://en.wikipedia.org/wiki/Programming_language
Set at 1980s is: https://en.wikipedia.org/wiki/Programming_language
Set at described is: https://en.wikipedia.org/wiki/Programming_language
Set at combination is: https://en.wikipedia.org/wiki/Programming_language
Set at naur is: https://en.wikipedia.org/wiki/Programming_language
Set at created is: https://en.wikipedia.org/wiki/Programming_language
Set at kind is: https://en.wikipedia.org/wiki/Programming_language
Set at runtime is: https://en.wikipedia.org/wiki/Programming_language
Set at particular is: https://en.wikipedia.org/wiki/Programming_language
Set at both is: https://en.wikipedia.org/wiki/Programming_language
Set at formal is: https://en.wikipedia.org/wiki/Programming_language
Set at important is: https://en.wikipedia.org/wiki/Programming_language
Set at most is: https://en.wikipedia.org/wiki/Programming_language
Set at refers is: https://en.wikipedia.org/wiki/Programming_language
Set at outside is: https://en.wikipedia.org/wiki/Programming_language
Set at sums is: https://en.wikipedia.org/wiki/Programming_language
Set at mauchly is: https://en.wikipedia.org/wiki/Programming_language
Set at who is: https://en.wikipedia.org/wiki/Programming_language
Set at part is: https://en.wikipedia.org/wiki/Programming_language
Set at values is: https://en.wikipedia.org/wiki/Programming_language
Set at determines is: https://en.wikipedia.org/wiki/Programming_language
Set at their is: https://en.wikipedia.org/wiki/Programming_language
Set at numeric is: https://en.wikipedia.org/wiki/Programming_language
Set at constructs is: https://en.wikipedia.org/wiki/Programming_language
Set at elsewhere is: https://en.wikipedia.org/wiki/Programming_language
Set at point is: https://en.wikipedia.org/wiki/Programming_language
Set at general is: https://en.wikipedia.org/wiki/Programming_language
Set at database is: https://en.wikipedia.org/wiki/Programming_language
Set at looms is: https://en.wikipedia.org/wiki/Programming_language
Set at along is: https://en.wikipedia.org/wiki/Programming_language
Set at parallel is: https://en.wikipedia.org/wiki/Programming_language
Set at 5gl is: https://en.wikipedia.org/wiki/Programming_language
Set at designed is: https://en.wikipedia.org/wiki/Programming_language
Set at subvert is: https://en.wikipedia.org/wiki/Programming_language
Set at introduction is: https://en.wikipedia.org/wiki/Programming_language
Set at rest is: https://en.wikipedia.org/wiki/Programming_language
Set at process is: https://en.wikipedia.org/wiki/Programming_language
Set at amount is: https://en.wikipedia.org/wiki/Programming_language
Set at built is: https://en.wikipedia.org/wiki/Programming_language
Set at assignment is: https://en.wikipedia.org/wiki/Programming_language
Set at saw is: https://en.wikipedia.org/wiki/Programming_language
Set at alternative is: https://en.wikipedia.org/wiki/Programming_language
Set at threads is: https://en.wikipedia.org/wiki/Programming_language
Set at also is: https://en.wikipedia.org/wiki/Programming_language
Set at say is: https://en.wikipedia.org/wiki/Programming_language
Set at approaches is: https://en.wikipedia.org/wiki/Programming_language
Set at differ is: https://en.wikipedia.org/wiki/Programming_language
Set at third is: https://en.wikipedia.org/wiki/Programming_language
Set at various is: https://en.wikipedia.org/wiki/Programming_language
Set at mean is: https://en.wikipedia.org/wiki/Programming_language
Set at interaction is: https://en.wikipedia.org/wiki/Programming_language
Set at uses is: https://en.wikipedia.org/wiki/Programming_language
Set at front is: https://en.wikipedia.org/wiki/Programming_language
Set at further is: https://en.wikipedia.org/wiki/Programming_language
Set at hopper is: https://en.wikipedia.org/wiki/Programming_language
Set at treating is: https://en.wikipedia.org/wiki/Programming_language
Set at user is: https://en.wikipedia.org/wiki/Programming_language
Set at simply is: https://en.wikipedia.org/wiki/Programming_language
Set at equivalent is: https://en.wikipedia.org/wiki/Programming_language
Set at been is: https://en.wikipedia.org/wiki/Programming_language
Set at mostly is: https://en.wikipedia.org/wiki/Programming_language
Set at evolved is: https://en.wikipedia.org/wiki/Programming_language
Set at toggled is: https://en.wikipedia.org/wiki/Programming_language
Set at switches is: https://en.wikipedia.org/wiki/Programming_language
Set at conversely is: https://en.wikipedia.org/wiki/Programming_language
Set at ambiguous is: https://en.wikipedia.org/wiki/Programming_language
Set at rand is: https://en.wikipedia.org/wiki/Programming_language
Set at offer is: https://en.wikipedia.org/wiki/Programming_language
Set at mixins is: https://en.wikipedia.org/wiki/Programming_language
Set at depending is: https://en.wikipedia.org/wiki/Programming_language
Set at complex is: https://en.wikipedia.org/wiki/Programming_language
Set at rank is: https://en.wikipedia.org/wiki/Programming_language
Set at diverse is: https://en.wikipedia.org/wiki/Programming_language
Set at evaluated is: https://en.wikipedia.org/wiki/Programming_language
Set at knowledge is: https://en.wikipedia.org/wiki/Programming_language
Set at addition is: https://en.wikipedia.org/wiki/Programming_language
Set at 1800s is: https://en.wikipedia.org/wiki/Programming_language
Set at vein is: https://en.wikipedia.org/wiki/Programming_language
Set at going is: https://en.wikipedia.org/wiki/Programming_language
Set at devised is: https://en.wikipedia.org/wiki/Programming_language
Set at hierarchy is: https://en.wikipedia.org/wiki/Programming_language
Set at ancestor is: https://en.wikipedia.org/wiki/Programming_language
Set at mainstream is: https://en.wikipedia.org/wiki/Programming_language
Set at an is: https://en.wikipedia.org/wiki/Programming_language
Set at whose is: https://en.wikipedia.org/wiki/Programming_language
Set at as is: https://en.wikipedia.org/wiki/Programming_language
Set at at is: https://en.wikipedia.org/wiki/Programming_language
Set at interpretation is: https://en.wikipedia.org/wiki/Programming_language
Set at finer is: https://en.wikipedia.org/wiki/Programming_language
Set at domain is: https://en.wikipedia.org/wiki/Programming_language
Set at omitted is: https://en.wikipedia.org/wiki/Programming_language
Set at conventionally is: https://en.wikipedia.org/wiki/Programming_language
Set at formed is: https://en.wikipedia.org/wiki/Programming_language
Set at relative is: https://en.wikipedia.org/wiki/Programming_language
Set at strong is: https://en.wikipedia.org/wiki/Programming_language
Set at deal is: https://en.wikipedia.org/wiki/Programming_language
Set at be is: https://en.wikipedia.org/wiki/Programming_language
Set at traits is: https://en.wikipedia.org/wiki/Programming_language
Set at scheme is: https://en.wikipedia.org/wiki/Programming_language
Set at affect is: https://en.wikipedia.org/wiki/Programming_language
Set at rexx is: https://en.wikipedia.org/wiki/Programming_language
Set at glennie is: https://en.wikipedia.org/wiki/Programming_language
Set at how is: https://en.wikipedia.org/wiki/Programming_language
Set at communications is: https://en.wikipedia.org/wiki/Programming_language
Set at see is: https://en.wikipedia.org/wiki/Programming_language
Set at implementors is: https://en.wikipedia.org/wiki/Programming_language
Set at systems is: https://en.wikipedia.org/wiki/Programming_language
Set at by is: https://en.wikipedia.org/wiki/Programming_language
Set at unlike is: https://en.wikipedia.org/wiki/Programming_language
Set at matic is: https://en.wikipedia.org/wiki/Programming_language
Set at popularity is: https://en.wikipedia.org/wiki/Programming_language
Set at assembly is: https://en.wikipedia.org/wiki/Programming_language
Set at 3gl is: https://en.wikipedia.org/wiki/Programming_language
Set at term is: https://en.wikipedia.org/wiki/Programming_language
Set at customers is: https://en.wikipedia.org/wiki/Programming_language
Set at panel is: https://en.wikipedia.org/wiki/Programming_language
Set at embedded is: https://en.wikipedia.org/wiki/Programming_language
Set at blurring is: https://en.wikipedia.org/wiki/Programming_language
Set at set is: https://en.wikipedia.org/wiki/Programming_language
Set at contain is: https://en.wikipedia.org/wiki/Programming_language
Set at business is: https://en.wikipedia.org/wiki/Programming_language
Set at incorrect is: https://en.wikipedia.org/wiki/Programming_language
Set at fastest is: https://en.wikipedia.org/wiki/Programming_language
Set at words is: https://en.wikipedia.org/wiki/Programming_language
Set at possible is: https://en.wikipedia.org/wiki/Programming_language
Set at hybrids is: https://en.wikipedia.org/wiki/Programming_language
Set at 9th is: https://en.wikipedia.org/wiki/Programming_language
Set at gaps is: https://en.wikipedia.org/wiki/Programming_language
Set at transition is: https://en.wikipedia.org/wiki/Programming_language
Set at instructed is: https://en.wikipedia.org/wiki/Programming_language
Set at cobol is: https://en.wikipedia.org/wiki/Programming_language
Set at undecidable is: https://en.wikipedia.org/wiki/Programming_language
Set at meet is: https://en.wikipedia.org/wiki/Programming_language
Set at regarded is: https://en.wikipedia.org/wiki/Programming_language
Set at answer is: https://en.wikipedia.org/wiki/Programming_language
Set at calls is: https://en.wikipedia.org/wiki/Programming_language
Set at pseudocode is: https://en.wikipedia.org/wiki/Programming_language
Set at complicated is: https://en.wikipedia.org/wiki/Programming_language
Set at essential is: https://en.wikipedia.org/wiki/Programming_language
Set at represent is: https://en.wikipedia.org/wiki/Programming_language
Set at performs is: https://en.wikipedia.org/wiki/Programming_language
Set at dialect is: https://en.wikipedia.org/wiki/Programming_language
Set at added is: https://en.wikipedia.org/wiki/Programming_language
Set at sometimes is: https://en.wikipedia.org/wiki/Programming_language
Set at language is: https://en.wikipedia.org/wiki/Programming_language
Set at promise is: https://en.wikipedia.org/wiki/Programming_language
Set at sites is: https://en.wikipedia.org/wiki/Programming_language
Set at do is: https://en.wikipedia.org/wiki/Programming_language
Set at developed is: https://en.wikipedia.org/wiki/Programming_language
Set at latex is: https://en.wikipedia.org/wiki/Programming_language
Set at hold is: https://en.wikipedia.org/wiki/Programming_language
Set at familial is: https://en.wikipedia.org/wiki/Programming_language
Set at later is: https://en.wikipedia.org/wiki/Programming_language
Set at designated is: https://en.wikipedia.org/wiki/Programming_language
Set at prior is: https://en.wikipedia.org/wiki/Programming_language
Set at adding is: https://en.wikipedia.org/wiki/Programming_language
Set at preceded is: https://en.wikipedia.org/wiki/Programming_language
Set at programming is: https://en.wikipedia.org/wiki/Programming_language
Set at computational is: https://en.wikipedia.org/wiki/Programming_language
Set at which is: https://en.wikipedia.org/wiki/Programming_language
Set at needs is: https://en.wikipedia.org/wiki/Programming_language
Set at static is: https://en.wikipedia.org/wiki/Programming_language
Set at commonly is: https://en.wikipedia.org/wiki/Programming_language
Set at typically is: https://en.wikipedia.org/wiki/Programming_language
Set at count is: https://en.wikipedia.org/wiki/Programming_language
Set at turing is: https://en.wikipedia.org/wiki/Programming_language
Set at 2000 is: https://en.wikipedia.org/wiki/Programming_language
Set at dismissive is: https://en.wikipedia.org/wiki/Programming_language
Set at publicly is: https://en.wikipedia.org/wiki/Programming_language
Set at she is: https://en.wikipedia.org/wiki/Programming_language
Set at take is: https://en.wikipedia.org/wiki/Programming_language
Set at thereof is: https://en.wikipedia.org/wiki/Programming_language
Set at piece is: https://en.wikipedia.org/wiki/Programming_language
Set at varies is: https://en.wikipedia.org/wiki/Programming_language
Set at parts is: https://en.wikipedia.org/wiki/Programming_language
Set at perlis is: https://en.wikipedia.org/wiki/Programming_language
Set at however is: https://en.wikipedia.org/wiki/Programming_language
Set at some is: https://en.wikipedia.org/wiki/Programming_language
Set at virtual is: https://en.wikipedia.org/wiki/Programming_language
Set at rather is: https://en.wikipedia.org/wiki/Programming_language
Set at session is: https://en.wikipedia.org/wiki/Programming_language
Set at for is: https://en.wikipedia.org/wiki/Programming_language
Set at states is: https://en.wikipedia.org/wiki/Programming_language
Set at related is: https://en.wikipedia.org/wiki/Programming_language
Set at fortran is: https://en.wikipedia.org/wiki/Programming_language
Set at divide is: https://en.wikipedia.org/wiki/Programming_language
Set at passed is: https://en.wikipedia.org/wiki/Programming_language
Set at just is: https://en.wikipedia.org/wiki/Programming_language
Set at human is: https://en.wikipedia.org/wiki/Programming_language
Set at 1950s is: https://en.wikipedia.org/wiki/Programming_language
Set at class is: https://en.wikipedia.org/wiki/Programming_language
Set at conversion is: https://en.wikipedia.org/wiki/Programming_language
Set at notice is: https://en.wikipedia.org/wiki/Programming_language
Set at digital is: https://en.wikipedia.org/wiki/Programming_language
Set at over is: https://en.wikipedia.org/wiki/Programming_language
Set at false is: https://en.wikipedia.org/wiki/Programming_language
Set at go is: https://en.wikipedia.org/wiki/Programming_language
Set at specification is: https://en.wikipedia.org/wiki/Programming_language
Set at existing is: https://en.wikipedia.org/wiki/Programming_language
Set at form is: https://en.wikipedia.org/wiki/Programming_language
Set at although is: https://en.wikipedia.org/wiki/Programming_language
Set at 2013 is: https://en.wikipedia.org/wiki/Programming_language
Set at decades is: https://en.wikipedia.org/wiki/Programming_language
Set at he is: https://en.wikipedia.org/wiki/Programming_language
Set at showing is: https://en.wikipedia.org/wiki/Programming_language
Set at humans is: https://en.wikipedia.org/wiki/Programming_language
Set at subset is: https://en.wikipedia.org/wiki/Programming_language
Set at assign is: https://en.wikipedia.org/wiki/Programming_language
Set at very is: https://en.wikipedia.org/wiki/Programming_language
Set at practice is: https://en.wikipedia.org/wiki/Programming_language
Set at brothers is: https://en.wikipedia.org/wiki/Programming_language
Set at advanced is: https://en.wikipedia.org/wiki/Programming_language
Set at convert is: https://en.wikipedia.org/wiki/Programming_language
Set at construct is: https://en.wikipedia.org/wiki/Programming_language
Set at attempt is: https://en.wikipedia.org/wiki/Programming_language
Set at output is: https://en.wikipedia.org/wiki/Programming_language
Set at relationships is: https://en.wikipedia.org/wiki/Programming_language
Set at tape is: https://en.wikipedia.org/wiki/Programming_language
Set at context is: https://en.wikipedia.org/wiki/Programming_language
Set at model is: https://en.wikipedia.org/wiki/Programming_language
Set at usually is: https://en.wikipedia.org/wiki/Programming_language
Set at text is: https://en.wikipedia.org/wiki/Programming_language
Set at classifies is: https://en.wikipedia.org/wiki/Programming_language
Set at if is: https://en.wikipedia.org/wiki/Programming_language
Set at tasks is: https://en.wikipedia.org/wiki/Programming_language
Set at letters is: https://en.wikipedia.org/wiki/Programming_language
Set at sentence is: https://en.wikipedia.org/wiki/Programming_language
Set at python is: https://en.wikipedia.org/wiki/Programming_language
Set at large is: https://en.wikipedia.org/wiki/Programming_language
Set at surface is: https://en.wikipedia.org/wiki/Programming_language
Set at in is: https://en.wikipedia.org/wiki/Programming_language
Set at made is: https://en.wikipedia.org/wiki/Programming_language
Set at bits is: https://en.wikipedia.org/wiki/Programming_language
Set at dismissed is: https://en.wikipedia.org/wiki/Programming_language
Set at is is: https://en.wikipedia.org/wiki/Programming_language
Set at classified is: https://en.wikipedia.org/wiki/Programming_language
Set at being is: https://en.wikipedia.org/wiki/Programming_language
Set at it is: https://en.wikipedia.org/wiki/Programming_language
Set at foolish is: https://en.wikipedia.org/wiki/Programming_language
Set at classification is: https://en.wikipedia.org/wiki/Programming_language
Set at aimed is: https://en.wikipedia.org/wiki/Programming_language
Set at resulting is: https://en.wikipedia.org/wiki/Programming_language
Set at odd is: https://en.wikipedia.org/wiki/Programming_language
Set at altered is: https://en.wikipedia.org/wiki/Programming_language
Set at field is: https://en.wikipedia.org/wiki/Programming_language
Set at served is: https://en.wikipedia.org/wiki/Programming_language
Set at contrast is: https://en.wikipedia.org/wiki/Programming_language
Set at invalid is: https://en.wikipedia.org/wiki/Programming_language
Set at john is: https://en.wikipedia.org/wiki/Programming_language
Set at begin is: https://en.wikipedia.org/wiki/Programming_language
Set at spawned is: https://en.wikipedia.org/wiki/Programming_language
Set at trading is: https://en.wikipedia.org/wiki/Programming_language
Set at server is: https://en.wikipedia.org/wiki/Programming_language
Set at semantic is: https://en.wikipedia.org/wiki/Programming_language
Set at brought is: https://en.wikipedia.org/wiki/Programming_language
Set at inference is: https://en.wikipedia.org/wiki/Programming_language
Set at serves is: https://en.wikipedia.org/wiki/Programming_language
Set at langpop is: https://en.wikipedia.org/wiki/Programming_language
Set at eventually is: https://en.wikipedia.org/wiki/Programming_language
Set at sequences is: https://en.wikipedia.org/wiki/Programming_language
Set at literature is: https://en.wikipedia.org/wiki/Programming_language
Set at world is: https://en.wikipedia.org/wiki/Programming_language
Set at government is: https://en.wikipedia.org/wiki/Programming_language
Set at library is: https://en.wikipedia.org/wiki/Programming_language
Set at known is: https://en.wikipedia.org/wiki/Programming_language
Set at strings is: https://en.wikipedia.org/wiki/Programming_language
Set at ability is: https://en.wikipedia.org/wiki/Programming_language
Set at implementations is: https://en.wikipedia.org/wiki/Programming_language
Set at together is: https://en.wikipedia.org/wiki/Programming_language
Set at side is: https://en.wikipedia.org/wiki/Programming_language
Set at may is: https://en.wikipedia.org/wiki/Programming_language
Set at within is: https://en.wikipedia.org/wiki/Programming_language
Set at could is: https://en.wikipedia.org/wiki/Programming_language
Set at undetected is: https://en.wikipedia.org/wiki/Programming_language
Set at trigger is: https://en.wikipedia.org/wiki/Programming_language
Set at defining is: https://en.wikipedia.org/wiki/Programming_language
Set at off is: https://en.wikipedia.org/wiki/Programming_language
Set at computation is: https://en.wikipedia.org/wiki/Programming_language
Set at generally is: https://en.wikipedia.org/wiki/Programming_language
Set at century is: https://en.wikipedia.org/wiki/Programming_language
Set at traditionally is: https://en.wikipedia.org/wiki/Programming_language
Set at corporate is: https://en.wikipedia.org/wiki/Programming_language
Set at machine is: https://en.wikipedia.org/wiki/Programming_language
Set at instruction is: https://en.wikipedia.org/wiki/Programming_language
Set at websites is: https://en.wikipedia.org/wiki/Programming_language
Set at complete is: https://en.wikipedia.org/wiki/Programming_language
Set at facilities is: https://en.wikipedia.org/wiki/Programming_language
Set at return is: https://en.wikipedia.org/wiki/Programming_language
Set at instance is: https://en.wikipedia.org/wiki/Programming_language
Set at use is: https://en.wikipedia.org/wiki/Programming_language
Set at subject is: https://en.wikipedia.org/wiki/Programming_language
Set at several is: https://en.wikipedia.org/wiki/Programming_language
Set at annotations is: https://en.wikipedia.org/wiki/Programming_language
Set at main is: https://en.wikipedia.org/wiki/Programming_language
Set at integer is: https://en.wikipedia.org/wiki/Programming_language
Set at subroutine is: https://en.wikipedia.org/wiki/Programming_language
Set at diffuse is: https://en.wikipedia.org/wiki/Programming_language
Set at while is: https://en.wikipedia.org/wiki/Programming_language
Set at supercomputers is: https://en.wikipedia.org/wiki/Programming_language
Set at second is: https://en.wikipedia.org/wiki/Programming_language
Set at that is: https://en.wikipedia.org/wiki/Programming_language
Set at high is: https://en.wikipedia.org/wiki/Programming_language
Set at faster is: https://en.wikipedia.org/wiki/Programming_language
Set at split is: https://en.wikipedia.org/wiki/Programming_language
Set at than is: https://en.wikipedia.org/wiki/Programming_language
Set at claim is: https://en.wikipedia.org/wiki/Programming_language
Set at different is: https://en.wikipedia.org/wiki/Programming_language
Set at communication is: https://en.wikipedia.org/wiki/Programming_language
Set at directly is: https://en.wikipedia.org/wiki/Programming_language
Set at ml is: https://en.wikipedia.org/wiki/Programming_language
Set at alter is: https://en.wikipedia.org/wiki/Programming_language
Set at artifacts is: https://en.wikipedia.org/wiki/Programming_language
Set at combine is: https://en.wikipedia.org/wiki/Programming_language
Set at semantically is: https://en.wikipedia.org/wiki/Programming_language
Set at vbscript is: https://en.wikipedia.org/wiki/Programming_language
Set at level is: https://en.wikipedia.org/wiki/Programming_language
Set at restrictions is: https://en.wikipedia.org/wiki/Programming_language
Set at difficult is: https://en.wikipedia.org/wiki/Programming_language
Set at ideas is: https://en.wikipedia.org/wiki/Programming_language
Set at coded is: https://en.wikipedia.org/wiki/Programming_language
Set at originate is: https://en.wikipedia.org/wiki/Programming_language
Set at varieties is: https://en.wikipedia.org/wiki/Programming_language
Set at task is: https://en.wikipedia.org/wiki/Programming_language
Set at directions is: https://en.wikipedia.org/wiki/Programming_language
Set at null is: https://en.wikipedia.org/wiki/Programming_language
Set at infer is: https://en.wikipedia.org/wiki/Programming_language
Set at flaws is: https://en.wikipedia.org/wiki/Programming_language
Set at nonetheless is: https://en.wikipedia.org/wiki/Programming_language
Set at position is: https://en.wikipedia.org/wiki/Programming_language
Set at oriented is: https://en.wikipedia.org/wiki/Programming_language
Set at present is: https://en.wikipedia.org/wiki/Programming_language
Set at termed is: https://en.wikipedia.org/wiki/Programming_language
Set at errors is: https://en.wikipedia.org/wiki/Programming_language
Set at since is: https://en.wikipedia.org/wiki/Programming_language
Set at problems is: https://en.wikipedia.org/wiki/Programming_language
Set at no is: https://en.wikipedia.org/wiki/Programming_language
Set at code is: https://en.wikipedia.org/wiki/Programming_language
Set at paradigm is: https://en.wikipedia.org/wiki/Programming_language
Set at paradigms is: https://en.wikipedia.org/wiki/Programming_language
Set at movements is: https://en.wikipedia.org/wiki/Programming_language
Set at symbols is: https://en.wikipedia.org/wiki/Programming_language
Set at sql is: https://en.wikipedia.org/wiki/Programming_language
Set at considerable is: https://en.wikipedia.org/wiki/Programming_language
Set at bcpl is: https://en.wikipedia.org/wiki/Programming_language
Set at of is: https://en.wikipedia.org/wiki/Programming_language
Set at inventing is: https://en.wikipedia.org/wiki/Programming_language
Set at somehow is: https://en.wikipedia.org/wiki/Programming_language
Set at magnitude is: https://en.wikipedia.org/wiki/Programming_language
Set at physical is: https://en.wikipedia.org/wiki/Programming_language
Set at make is: https://en.wikipedia.org/wiki/Programming_language
Set at included is: https://en.wikipedia.org/wiki/Programming_language
Set at on is: https://en.wikipedia.org/wiki/Programming_language
Set at allows is: https://en.wikipedia.org/wiki/Programming_language
Set at execution is: https://en.wikipedia.org/wiki/Programming_language
Set at macro is: https://en.wikipedia.org/wiki/Programming_language
Set at opposed is: https://en.wikipedia.org/wiki/Programming_language
Set at processes is: https://en.wikipedia.org/wiki/Programming_language
Set at >im is: https://en.wikipedia.org/wiki/Programming_language
Set at designers is: https://en.wikipedia.org/wiki/Programming_language
Set at or is: https://en.wikipedia.org/wiki/Programming_language
Set at downside is: https://en.wikipedia.org/wiki/Programming_language
Set at determine is: https://en.wikipedia.org/wiki/Programming_language
Set at nature is: https://en.wikipedia.org/wiki/Programming_language
Set at control is: https://en.wikipedia.org/wiki/Programming_language
Set at thread is: https://en.wikipedia.org/wiki/Programming_language
Set at families is: https://en.wikipedia.org/wiki/Programming_language
Set at exactly is: https://en.wikipedia.org/wiki/Programming_language
Set at structure is: https://en.wikipedia.org/wiki/Programming_language
Set at ruby is: https://en.wikipedia.org/wiki/Programming_language
Set at contractors is: https://en.wikipedia.org/wiki/Programming_language
Set at bytes is: https://en.wikipedia.org/wiki/Programming_language
Set at circulation is: https://en.wikipedia.org/wiki/Programming_language
Set at essentially is: https://en.wikipedia.org/wiki/Programming_language
Set at invention is: https://en.wikipedia.org/wiki/Programming_language
Set at remarks is: https://en.wikipedia.org/wiki/Programming_language
Set at properties is: https://en.wikipedia.org/wiki/Programming_language
Set at handler is: https://en.wikipedia.org/wiki/Programming_language
Set at interpreting is: https://en.wikipedia.org/wiki/Programming_language
Set at coherent is: https://en.wikipedia.org/wiki/Programming_language
Set at about is: https://en.wikipedia.org/wiki/Programming_language
Set at parsing is: https://en.wikipedia.org/wiki/Programming_language
Set at constraints is: https://en.wikipedia.org/wiki/Programming_language
Set at branching is: https://en.wikipedia.org/wiki/Programming_language
Set at quotes is: https://en.wikipedia.org/wiki/Programming_language
Set at objective is: https://en.wikipedia.org/wiki/Programming_language
Set at character is: https://en.wikipedia.org/wiki/Programming_language
Set at extremely is: https://en.wikipedia.org/wiki/Programming_language
Set at speaking is: https://en.wikipedia.org/wiki/Programming_language
Set at meaning is: https://en.wikipedia.org/wiki/Programming_language
Set at raises is: https://en.wikipedia.org/wiki/Programming_language
Set at above is: https://en.wikipedia.org/wiki/Programming_language
Set at magnetic is: https://en.wikipedia.org/wiki/Programming_language
Set at programmers is: https://en.wikipedia.org/wiki/Programming_language
Set at exhibit is: https://en.wikipedia.org/wiki/Programming_language
Set at meaningless is: https://en.wikipedia.org/wiki/Programming_language
Set at they is: https://en.wikipedia.org/wiki/Programming_language
Set at released is: https://en.wikipedia.org/wiki/Programming_language
Set at goals is: https://en.wikipedia.org/wiki/Programming_language
Set at symbolic is: https://en.wikipedia.org/wiki/Programming_language
Set at based is: https://en.wikipedia.org/wiki/Programming_language
Set at 13 is: https://en.wikipedia.org/wiki/Programming_language
Set at pointer is: https://en.wikipedia.org/wiki/Programming_language
Set at 14 is: https://en.wikipedia.org/wiki/Programming_language
Set at closely is: https://en.wikipedia.org/wiki/Programming_language
Set at modula is: https://en.wikipedia.org/wiki/Programming_language
Set at 15 is: https://en.wikipedia.org/wiki/Programming_language
Set at 16 is: https://en.wikipedia.org/wiki/Programming_language
Set at 17 is: https://en.wikipedia.org/wiki/Programming_language
Set at 18 is: https://en.wikipedia.org/wiki/Programming_language
Set at module is: https://en.wikipedia.org/wiki/Programming_language
Set at 19 is: https://en.wikipedia.org/wiki/Programming_language
Set at them is: https://en.wikipedia.org/wiki/Programming_language
Set at interpreter is: https://en.wikipedia.org/wiki/Programming_language
Set at then is: https://en.wikipedia.org/wiki/Programming_language
Set at execute is: https://en.wikipedia.org/wiki/Programming_language
Set at concepts is: https://en.wikipedia.org/wiki/Programming_language
Set at processing is: https://en.wikipedia.org/wiki/Programming_language
Set at programs is: https://en.wikipedia.org/wiki/Programming_language
Set at understandable is: https://en.wikipedia.org/wiki/Programming_language
Set at interpreted is: https://en.wikipedia.org/wiki/Programming_language
Set at 20 is: https://en.wikipedia.org/wiki/Programming_language
Set at 21 is: https://en.wikipedia.org/wiki/Programming_language
Set at subsets is: https://en.wikipedia.org/wiki/Programming_language
Set at 22 is: https://en.wikipedia.org/wiki/Programming_language
Set at 23 is: https://en.wikipedia.org/wiki/Programming_language
Set at checking is: https://en.wikipedia.org/wiki/Programming_language
Set at components is: https://en.wikipedia.org/wiki/Programming_language
Set at 24 is: https://en.wikipedia.org/wiki/Programming_language
Set at functional is: https://en.wikipedia.org/wiki/Programming_language
Set at fact is: https://en.wikipedia.org/wiki/Programming_language
Set at 25 is: https://en.wikipedia.org/wiki/Programming_language
Set at access is: https://en.wikipedia.org/wiki/Programming_language
Set at 26 is: https://en.wikipedia.org/wiki/Programming_language
Set at primitive is: https://en.wikipedia.org/wiki/Programming_language
Set at 27 is: https://en.wikipedia.org/wiki/Programming_language
Set at 28 is: https://en.wikipedia.org/wiki/Programming_language
Set at 29 is: https://en.wikipedia.org/wiki/Programming_language
Set at mid is: https://en.wikipedia.org/wiki/Programming_language
Set at grammatical is: https://en.wikipedia.org/wiki/Programming_language
Set at fundamental is: https://en.wikipedia.org/wiki/Programming_language
Set at industry is: https://en.wikipedia.org/wiki/Programming_language
Set at executed is: https://en.wikipedia.org/wiki/Programming_language
Set at eliminate is: https://en.wikipedia.org/wiki/Programming_language
Set at seen is: https://en.wikipedia.org/wiki/Programming_language
Set at seem is: https://en.wikipedia.org/wiki/Programming_language
Set at pieces is: https://en.wikipedia.org/wiki/Programming_language
Set at into is: https://en.wikipedia.org/wiki/Programming_language
Set at referring is: https://en.wikipedia.org/wiki/Programming_language
Set at current is: https://en.wikipedia.org/wiki/Programming_language
Set at operating is: https://en.wikipedia.org/wiki/Programming_language
Set at so is: https://en.wikipedia.org/wiki/Programming_language
Set at free is: https://en.wikipedia.org/wiki/Programming_language
Set at 30 is: https://en.wikipedia.org/wiki/Programming_language
Set at 31 is: https://en.wikipedia.org/wiki/Programming_language
Set at 32 is: https://en.wikipedia.org/wiki/Programming_language
Set at 33 is: https://en.wikipedia.org/wiki/Programming_language
Set at issuing is: https://en.wikipedia.org/wiki/Programming_language
Set at 34 is: https://en.wikipedia.org/wiki/Programming_language
Set at 35 is: https://en.wikipedia.org/wiki/Programming_language
Set at 36 is: https://en.wikipedia.org/wiki/Programming_language
Set at expression is: https://en.wikipedia.org/wiki/Programming_language
Set at bother is: https://en.wikipedia.org/wiki/Programming_language
Set at 39 is: https://en.wikipedia.org/wiki/Programming_language
Set at one is: https://en.wikipedia.org/wiki/Programming_language
Set at many is: https://en.wikipedia.org/wiki/Programming_language
Set at people is: https://en.wikipedia.org/wiki/Programming_language
Set at transportation is: https://en.wikipedia.org/wiki/Programming_language
Set at single is: https://en.wikipedia.org/wiki/Programming_language
Set at actually is: https://en.wikipedia.org/wiki/Programming_language
Set at appear is: https://en.wikipedia.org/wiki/Programming_language
Set at texts is: https://en.wikipedia.org/wiki/Programming_language
Set at ibm is: https://en.wikipedia.org/wiki/Programming_language
Set at handled is: https://en.wikipedia.org/wiki/Programming_language
Set at associated is: https://en.wikipedia.org/wiki/Programming_language
Set at closed is: https://en.wikipedia.org/wiki/Programming_language
Set at to is: https://en.wikipedia.org/wiki/Programming_language
Set at vast is: https://en.wikipedia.org/wiki/Programming_language
Set at fourth is: https://en.wikipedia.org/wiki/Programming_language
Set at 40 is: https://en.wikipedia.org/wiki/Programming_language
Set at 41 is: https://en.wikipedia.org/wiki/Programming_language
Set at operation is: https://en.wikipedia.org/wiki/Programming_language
Set at 42 is: https://en.wikipedia.org/wiki/Programming_language
Set at open is: https://en.wikipedia.org/wiki/Programming_language
Set at 43 is: https://en.wikipedia.org/wiki/Programming_language
Set at but is: https://en.wikipedia.org/wiki/Programming_language
Set at 44 is: https://en.wikipedia.org/wiki/Programming_language
Set at 45 is: https://en.wikipedia.org/wiki/Programming_language
Set at commercial is: https://en.wikipedia.org/wiki/Programming_language
Set at 46 is: https://en.wikipedia.org/wiki/Programming_language
Set at treat is: https://en.wikipedia.org/wiki/Programming_language
Set at 47 is: https://en.wikipedia.org/wiki/Programming_language
Set at separate is: https://en.wikipedia.org/wiki/Programming_language
Set at 48 is: https://en.wikipedia.org/wiki/Programming_language
Set at 49 is: https://en.wikipedia.org/wiki/Programming_language
Set at available is: https://en.wikipedia.org/wiki/Programming_language
Set at rapid is: https://en.wikipedia.org/wiki/Programming_language
Set at numbers is: https://en.wikipedia.org/wiki/Programming_language
Set at expressing is: https://en.wikipedia.org/wiki/Programming_language
Set at express is: https://en.wikipedia.org/wiki/Programming_language
Set at rules is: https://en.wikipedia.org/wiki/Programming_language
Set at contexts is: https://en.wikipedia.org/wiki/Programming_language
Set at mainly is: https://en.wikipedia.org/wiki/Programming_language
Set at regularly is: https://en.wikipedia.org/wiki/Programming_language
Set at modularity is: https://en.wikipedia.org/wiki/Programming_language
Set at dynamic is: https://en.wikipedia.org/wiki/Programming_language
Set at details is: https://en.wikipedia.org/wiki/Programming_language
Set at military is: https://en.wikipedia.org/wiki/Programming_language
Set at written is: https://en.wikipedia.org/wiki/Programming_language
Set at 50 is: https://en.wikipedia.org/wiki/Programming_language
Set at up is: https://en.wikipedia.org/wiki/Programming_language
Set at disuse is: https://en.wikipedia.org/wiki/Programming_language
Set at 51 is: https://en.wikipedia.org/wiki/Programming_language
Set at unusual is: https://en.wikipedia.org/wiki/Programming_language
Set at 52 is: https://en.wikipedia.org/wiki/Programming_language
Set at us is: https://en.wikipedia.org/wiki/Programming_language
Set at 53 is: https://en.wikipedia.org/wiki/Programming_language
Set at commands is: https://en.wikipedia.org/wiki/Programming_language
Set at 54 is: https://en.wikipedia.org/wiki/Programming_language
Set at 55 is: https://en.wikipedia.org/wiki/Programming_language
Set at treated is: https://en.wikipedia.org/wiki/Programming_language
Set at 56 is: https://en.wikipedia.org/wiki/Programming_language
Set at 57 is: https://en.wikipedia.org/wiki/Programming_language
Set at oracle is: https://en.wikipedia.org/wiki/Programming_language
Set at this is: https://en.wikipedia.org/wiki/Programming_language
Set at aimaco is: https://en.wikipedia.org/wiki/Programming_language
Set at degree is: https://en.wikipedia.org/wiki/Programming_language
Set at collection is: https://en.wikipedia.org/wiki/Programming_language
Set at modules is: https://en.wikipedia.org/wiki/Programming_language
Set at especially is: https://en.wikipedia.org/wiki/Programming_language
Set at laboratory is: https://en.wikipedia.org/wiki/Programming_language
Set at once is: https://en.wikipedia.org/wiki/Programming_language
Set at transformations is: https://en.wikipedia.org/wiki/Programming_language
Set at solve is: https://en.wikipedia.org/wiki/Programming_language
Set at 61 is: https://en.wikipedia.org/wiki/Programming_language
Set at 62 is: https://en.wikipedia.org/wiki/Programming_language
Set at support is: https://en.wikipedia.org/wiki/Programming_language
Set at 63 is: https://en.wikipedia.org/wiki/Programming_language
Set at internet is: https://en.wikipedia.org/wiki/Programming_language
Set at 64 is: https://en.wikipedia.org/wiki/Programming_language
Set at higher is: https://en.wikipedia.org/wiki/Programming_language
Set at 65 is: https://en.wikipedia.org/wiki/Programming_language
Set at allow is: https://en.wikipedia.org/wiki/Programming_language
Set at 66 is: https://en.wikipedia.org/wiki/Programming_language
Set at needed is: https://en.wikipedia.org/wiki/Programming_language
Set at sgml is: https://en.wikipedia.org/wiki/Programming_language
Set at idea is: https://en.wikipedia.org/wiki/Programming_language
Set at vehicles is: https://en.wikipedia.org/wiki/Programming_language
Set at expects is: https://en.wikipedia.org/wiki/Programming_language
Set at fundamentally is: https://en.wikipedia.org/wiki/Programming_language
Set at common is: https://en.wikipedia.org/wiki/Programming_language
Set at proprietary is: https://en.wikipedia.org/wiki/Programming_language
Set at throughout is: https://en.wikipedia.org/wiki/Programming_language
Set at 70 is: https://en.wikipedia.org/wiki/Programming_language
Set at definition is: https://en.wikipedia.org/wiki/Programming_language
Set at 71 is: https://en.wikipedia.org/wiki/Programming_language
Set at 72 is: https://en.wikipedia.org/wiki/Programming_language
Set at emphasize is: https://en.wikipedia.org/wiki/Programming_language
Set at 73 is: https://en.wikipedia.org/wiki/Programming_language
Set at every is: https://en.wikipedia.org/wiki/Programming_language
Set at mask is: https://en.wikipedia.org/wiki/Programming_language
Set at types is: https://en.wikipedia.org/wiki/Programming_language
Set at encourages is: https://en.wikipedia.org/wiki/Programming_language
Set at strokes is: https://en.wikipedia.org/wiki/Programming_language
Set at cases is: https://en.wikipedia.org/wiki/Programming_language
Set at previous is: https://en.wikipedia.org/wiki/Programming_language
Set at again is: https://en.wikipedia.org/wiki/Programming_language
Set at indeed is: https://en.wikipedia.org/wiki/Programming_language
Set at flute is: https://en.wikipedia.org/wiki/Programming_language
Set at typed is: https://en.wikipedia.org/wiki/Programming_language
Set at artificial is: https://en.wikipedia.org/wiki/Programming_language
Set at untyped is: https://en.wikipedia.org/wiki/Programming_language
Set at z3 is: https://en.wikipedia.org/wiki/Programming_language
Set at ones is: https://en.wikipedia.org/wiki/Programming_language
Set at step is: https://en.wikipedia.org/wiki/Programming_language
Set at mark is: https://en.wikipedia.org/wiki/Programming_language
Set at 3gls is: https://en.wikipedia.org/wiki/Programming_language
Set at software is: https://en.wikipedia.org/wiki/Programming_language
Set at trend is: https://en.wikipedia.org/wiki/Programming_language
Set at graphical is: https://en.wikipedia.org/wiki/Programming_language
Set at axes is: https://en.wikipedia.org/wiki/Programming_language
Set at during is: https://en.wikipedia.org/wiki/Programming_language
Set at type is: https://en.wikipedia.org/wiki/Programming_language
Set at degrees is: https://en.wikipedia.org/wiki/Programming_language
Set at grammar is: https://en.wikipedia.org/wiki/Programming_language
Set at problem is: https://en.wikipedia.org/wiki/Programming_language
Set at terms is: https://en.wikipedia.org/wiki/Programming_language
Set at safety is: https://en.wikipedia.org/wiki/Programming_language
Set at enable is: https://en.wikipedia.org/wiki/Programming_language
Set at between is: https://en.wikipedia.org/wiki/Programming_language
Set at attempts is: https://en.wikipedia.org/wiki/Programming_language
Set at phase is: https://en.wikipedia.org/wiki/Programming_language
Set at still is: https://en.wikipedia.org/wiki/Programming_language
Set at goal is: https://en.wikipedia.org/wiki/Programming_language
Set at natural is: https://en.wikipedia.org/wiki/Programming_language
Set at arise is: https://en.wikipedia.org/wiki/Programming_language
Set at procedural is: https://en.wikipedia.org/wiki/Programming_language
Set at agree is: https://en.wikipedia.org/wiki/Programming_language
Set at benchmark is: https://en.wikipedia.org/wiki/Programming_language
Set at exist is: https://en.wikipedia.org/wiki/Programming_language
Set at combinations is: https://en.wikipedia.org/wiki/Programming_language
Set at examples is: https://en.wikipedia.org/wiki/Programming_language
Set at among is: https://en.wikipedia.org/wiki/Programming_language
Set at following is: https://en.wikipedia.org/wiki/Programming_language
Set at exact is: https://en.wikipedia.org/wiki/Programming_language
Set at substantially is: https://en.wikipedia.org/wiki/Programming_language
Set at theory is: https://en.wikipedia.org/wiki/Programming_language
Set at specifies is: https://en.wikipedia.org/wiki/Programming_language
Set at internal is: https://en.wikipedia.org/wiki/Programming_language
Set at pascal is: https://en.wikipedia.org/wiki/Programming_language
Set at specified is: https://en.wikipedia.org/wiki/Programming_language
Set at weak is: https://en.wikipedia.org/wiki/Programming_language
Set at out is: https://en.wikipedia.org/wiki/Programming_language
Set at across is: https://en.wikipedia.org/wiki/Programming_language
Set at orthogonal is: https://en.wikipedia.org/wiki/Programming_language
Set at feature is: https://en.wikipedia.org/wiki/Programming_language
Set at moreover is: https://en.wikipedia.org/wiki/Programming_language
Set at elaborated is: https://en.wikipedia.org/wiki/Programming_language
Set at writing is: https://en.wikipedia.org/wiki/Programming_language
Set at continues is: https://en.wikipedia.org/wiki/Programming_language
Set at verify is: https://en.wikipedia.org/wiki/Programming_language
Set at leap is: https://en.wikipedia.org/wiki/Programming_language
Set at precise is: https://en.wikipedia.org/wiki/Programming_language
Set at regular is: https://en.wikipedia.org/wiki/Programming_language
Set at 1970s is: https://en.wikipedia.org/wiki/Programming_language
Set at include is: https://en.wikipedia.org/wiki/Programming_language
Set at simplest is: https://en.wikipedia.org/wiki/Programming_language
Set at abstract is: https://en.wikipedia.org/wiki/Programming_language
Set at converts is: https://en.wikipedia.org/wiki/Programming_language
Set at consolidation is: https://en.wikipedia.org/wiki/Programming_language
Set at token is: https://en.wikipedia.org/wiki/Programming_language
Set at help is: https://en.wikipedia.org/wiki/Programming_language
Set at expect is: https://en.wikipedia.org/wiki/Programming_language
Set at structuring is: https://en.wikipedia.org/wiki/Programming_language
Set at additionally is: https://en.wikipedia.org/wiki/Programming_language
Set at elements is: https://en.wikipedia.org/wiki/Programming_language
Set at cannot is: https://en.wikipedia.org/wiki/Programming_language
Set at anonymous is: https://en.wikipedia.org/wiki/Programming_language
Set at prone is: https://en.wikipedia.org/wiki/Programming_language
Set at runs is: https://en.wikipedia.org/wiki/Programming_language
Set at first is: https://en.wikipedia.org/wiki/Programming_language
Set at mathematical is: https://en.wikipedia.org/wiki/Programming_language
Set at succeeds is: https://en.wikipedia.org/wiki/Programming_language
Set at data is: https://en.wikipedia.org/wiki/Programming_language
Set at theoretical is: https://en.wikipedia.org/wiki/Programming_language
Set at float is: https://en.wikipedia.org/wiki/Programming_language
Set at minority is: https://en.wikipedia.org/wiki/Programming_language
Set at descending is: https://en.wikipedia.org/wiki/Programming_language
Set at reference is: https://en.wikipedia.org/wiki/Programming_language
Set at optimisation is: https://en.wikipedia.org/wiki/Programming_language
Set at spite is: https://en.wikipedia.org/wiki/Programming_language
Set at describing is: https://en.wikipedia.org/wiki/Programming_language
Set at only is: https://en.wikipedia.org/wiki/Programming_language
Set at should is: https://en.wikipedia.org/wiki/Programming_language
Set at inferred is: https://en.wikipedia.org/wiki/Programming_language
Set at create is: https://en.wikipedia.org/wiki/Programming_language
Set at from is: https://en.wikipedia.org/wiki/Programming_language
Set at html is: https://en.wikipedia.org/wiki/Programming_language
Set at mechanisms is: https://en.wikipedia.org/wiki/Programming_language
Set at readable is: https://en.wikipedia.org/wiki/Programming_language
Set at matlab is: https://en.wikipedia.org/wiki/Programming_language
Set at development is: https://en.wikipedia.org/wiki/Programming_language
Set at like is: https://en.wikipedia.org/wiki/Programming_language
Set at ill is: https://en.wikipedia.org/wiki/Programming_language
Set at accepted is: https://en.wikipedia.org/wiki/Programming_language
Set at published is: https://en.wikipedia.org/wiki/Programming_language
Set at failed is: https://en.wikipedia.org/wiki/Programming_language
Set at regards is: https://en.wikipedia.org/wiki/Programming_language
Set at grammatically is: https://en.wikipedia.org/wiki/Programming_language
Set at sequence is: https://en.wikipedia.org/wiki/Programming_language
Set at core is: https://en.wikipedia.org/wiki/Programming_language
Set at proposed is: https://en.wikipedia.org/wiki/Programming_language
Set at person is: https://en.wikipedia.org/wiki/Programming_language
Set at purposes is: https://en.wikipedia.org/wiki/Programming_language
Set at safe is: https://en.wikipedia.org/wiki/Programming_language
Set at enforce is: https://en.wikipedia.org/wiki/Programming_language
Set at ground is: https://en.wikipedia.org/wiki/Programming_language
Set at potentially is: https://en.wikipedia.org/wiki/Programming_language
Set at >> is: https://en.wikipedia.org/wiki/Programming_language
Set at here is: https://en.wikipedia.org/wiki/Programming_language
Set at ancestry is: https://en.wikipedia.org/wiki/Programming_language
Set at solving is: https://en.wikipedia.org/wiki/Programming_language
Set at purpose is: https://en.wikipedia.org/wiki/Programming_language
Set at rejected is: https://en.wikipedia.org/wiki/Programming_language
Set at mercury is: https://en.wikipedia.org/wiki/Programming_language
Set at line is: https://en.wikipedia.org/wiki/Programming_language
Set at scientific is: https://en.wikipedia.org/wiki/Programming_language
Set at weakly is: https://en.wikipedia.org/wiki/Programming_language
Set at scale is: https://en.wikipedia.org/wiki/Programming_language
Set at distinct is: https://en.wikipedia.org/wiki/Programming_language
Set at interact is: https://en.wikipedia.org/wiki/Programming_language
Set at statements is: https://en.wikipedia.org/wiki/Programming_language
Set at error is: https://en.wikipedia.org/wiki/Programming_language
Set at can is: https://en.wikipedia.org/wiki/Programming_language
Set at computing is: https://en.wikipedia.org/wiki/Programming_language
Set at security is: https://en.wikipedia.org/wiki/Programming_language
Set at operations is: https://en.wikipedia.org/wiki/Programming_language
Set at paper is: https://en.wikipedia.org/wiki/Programming_language
Set at array is: https://en.wikipedia.org/wiki/Programming_language
Set at 1990s is: https://en.wikipedia.org/wiki/Programming_language
Set at tcl is: https://en.wikipedia.org/wiki/Programming_language
Set at value is: https://en.wikipedia.org/wiki/Programming_language
Set at player is: https://en.wikipedia.org/wiki/Programming_language
Set at carried is: https://en.wikipedia.org/wiki/Programming_language
Set at enforced is: https://en.wikipedia.org/wiki/Programming_language
Set at programmable is: https://en.wikipedia.org/wiki/Programming_language
Set at constructed is: https://en.wikipedia.org/wiki/Programming_language
Set at computations is: https://en.wikipedia.org/wiki/Programming_language
Set at soundness is: https://en.wikipedia.org/wiki/Programming_language
Set at limited is: https://en.wikipedia.org/wiki/Programming_language
Set at will is: https://en.wikipedia.org/wiki/Programming_language
Set at studied is: https://en.wikipedia.org/wiki/Programming_language
Set at implementation is: https://en.wikipedia.org/wiki/Programming_language
Set at spent is: https://en.wikipedia.org/wiki/Programming_language
Set at resources is: https://en.wikipedia.org/wiki/Programming_language
Set at standardize is: https://en.wikipedia.org/wiki/Programming_language
Set at intent is: https://en.wikipedia.org/wiki/Programming_language
Set at loopholes is: https://en.wikipedia.org/wiki/Programming_language
Set at int is: https://en.wikipedia.org/wiki/Programming_language
Set at command is: https://en.wikipedia.org/wiki/Programming_language
Set at factors is: https://en.wikipedia.org/wiki/Programming_language
Set at fragment is: https://en.wikipedia.org/wiki/Programming_language
Set at performance is: https://en.wikipedia.org/wiki/Programming_language
Set at trade is: https://en.wikipedia.org/wiki/Programming_language
Set at variable is: https://en.wikipedia.org/wiki/Programming_language
Set at growth is: https://en.wikipedia.org/wiki/Programming_language
Set at arguments is: https://en.wikipedia.org/wiki/Programming_language
Set at normally is: https://en.wikipedia.org/wiki/Programming_language
Starting testGetCounts()
getURLs called with: the
Getting count for: https://en.wikipedia.org/wiki/Java_(programming_language)
getCount called for url: https://en.wikipedia.org/wiki/Java_(programming_language) and term: the
Data is: 339
Count is: 339
Getting count for: https://en.wikipedia.org/wiki/Programming_language
getCount called for url: https://en.wikipedia.org/wiki/Programming_language and term: the
Data is: 264
Count is: 264
Running tearDown
]]></system-out>
  <system-err><![CDATA[]]></system-err>
</testsuite>
